#
# There is insufficient memory for the Java Runtime Environment to continue.
# Native memory allocation (malloc) failed to allocate 1728816 bytes for Chunk::new
# Possible reasons:
#   The system is out of physical RAM or swap space
#   The process is running with CompressedOops enabled, and the Java Heap may be blocking the growth of the native heap
# Possible solutions:
#   Reduce memory load on the system
#   Increase physical memory or swap space
#   Check if swap backing store is full
#   Decrease Java heap size (-Xmx/-Xms)
#   Decrease number of Java threads
#   Decrease Java thread stack sizes (-Xss)
#   Set larger code cache with -XX:ReservedCodeCacheSize=
#   JVM is running with Unscaled Compressed Oops mode in which the Java heap is
#     placed in the first 4GB address space. The Java Heap base address is the
#     maximum limit for the native heap growth. Please use -XX:HeapBaseMinAddress
#     to set the Java Heap base and to place the Java Heap above 4GB virtual address.
# This output file may be truncated or incomplete.
#
#  Out of Memory Error (./src/hotspot/share/memory/arena.cpp:197), pid=18604, tid=15960
#
# JRE version: OpenJDK Runtime Environment Microsoft-7208460 (11.0.18+10) (build 11.0.18+10-LTS)
# Java VM: OpenJDK 64-Bit Server VM Microsoft-7208460 (11.0.18+10-LTS, mixed mode, tiered, compressed oops, g1 gc, windows-amd64)
# No core dump will be written. Minidumps are not enabled by default on client versions of Windows
#

---------------  S U M M A R Y ------------

Command Line: -XX:MaxMetaspaceSize=512m --add-opens=java.base/java.util=ALL-UNNAMED --add-opens=java.base/java.lang=ALL-UNNAMED --add-opens=java.base/java.lang.invoke=ALL-UNNAMED --add-opens=java.prefs/java.util.prefs=ALL-UNNAMED --add-opens=java.base/java.nio.charset=ALL-UNNAMED --add-opens=java.base/java.net=ALL-UNNAMED --add-opens=java.base/java.util.concurrent.atomic=ALL-UNNAMED -Xmx2048m -Dfile.encoding=windows-1252 -Duser.country=US -Duser.language=en -Duser.variant org.gradle.launcher.daemon.bootstrap.GradleDaemon 8.0.1

Host: Intel(R) Core(TM) i5-3470 CPU @ 3.20GHz, 4 cores, 7G,  Windows 10 , 64 bit Build 19041 (10.0.19041.3570)
Time: Tue Nov  7 11:32:30 2023 Bangladesh Standard Time elapsed time: 146.703212 seconds (0d 0h 2m 26s)

---------------  T H R E A D  ---------------

Current thread (0x0000017a061f9000):  JavaThread "C2 CompilerThread0" daemon [_thread_in_native, id=15960, stack(0x0000004a81c00000,0x0000004a81d00000)]


Current CompileTask:
C2: 146703 3075       4       jdk.internal.loader.URLClassPath::getResource (74 bytes)

Stack: [0x0000004a81c00000,0x0000004a81d00000]
Native frames: (J=compiled Java code, j=interpreted, Vv=VM code, C=native code)
V  [jvm.dll+0x62bf8a]
V  [jvm.dll+0x7b8fb9]
V  [jvm.dll+0x7ba6a8]
V  [jvm.dll+0x7bad83]
V  [jvm.dll+0x250248]
V  [jvm.dll+0xc260c]
V  [jvm.dll+0xc2bcc]
V  [jvm.dll+0x35e1c7]
V  [jvm.dll+0x19ebe9]
V  [jvm.dll+0x209495]
V  [jvm.dll+0x20850d]
V  [jvm.dll+0x18a4b1]
V  [jvm.dll+0x217eec]
V  [jvm.dll+0x21612b]
V  [jvm.dll+0x77bac0]
V  [jvm.dll+0x7749f4]
V  [jvm.dll+0x62adf5]
C  [ucrtbase.dll+0x21bb2]
C  [KERNEL32.DLL+0x17344]
C  [ntdll.dll+0x526b1]


---------------  P R O C E S S  ---------------

Threads class SMR info:
_java_thread_list=0x0000017a08aee6a0, length=32, elements={
0x0000017a67903800, 0x0000017a061a3000, 0x0000017a061a4000, 0x0000017a061f4800,
0x0000017a061f6800, 0x0000017a061f7800, 0x0000017a061f9000, 0x0000017a06b02800,
0x0000017a06b6b000, 0x0000017a06c6b800, 0x0000017a07a96800, 0x0000017a08ac9800,
0x0000017a07eb6800, 0x0000017a07db2000, 0x0000017a07fda000, 0x0000017a0811c000,
0x0000017a0811c800, 0x0000017a07d1e800, 0x0000017a07d87000, 0x0000017a082e5800,
0x0000017a082e8800, 0x0000017a082e7000, 0x0000017a082e9800, 0x0000017a082e6800,
0x0000017a082e8000, 0x0000017a082ea800, 0x0000017a082eb000, 0x0000017a082ec000,
0x0000017a08a9e000, 0x0000017a08a99000, 0x0000017a08a98000, 0x0000017a08a9a800
}

Java Threads: ( => current thread )
  0x0000017a67903800 JavaThread "main" [_thread_blocked, id=10264, stack(0x0000004a81000000,0x0000004a81100000)]
  0x0000017a061a3000 JavaThread "Reference Handler" daemon [_thread_blocked, id=19160, stack(0x0000004a81700000,0x0000004a81800000)]
  0x0000017a061a4000 JavaThread "Finalizer" daemon [_thread_blocked, id=18848, stack(0x0000004a81800000,0x0000004a81900000)]
  0x0000017a061f4800 JavaThread "Signal Dispatcher" daemon [_thread_blocked, id=15716, stack(0x0000004a81900000,0x0000004a81a00000)]
  0x0000017a061f6800 JavaThread "Attach Listener" daemon [_thread_blocked, id=17096, stack(0x0000004a81a00000,0x0000004a81b00000)]
  0x0000017a061f7800 JavaThread "Service Thread" daemon [_thread_blocked, id=16148, stack(0x0000004a81b00000,0x0000004a81c00000)]
=>0x0000017a061f9000 JavaThread "C2 CompilerThread0" daemon [_thread_in_native, id=15960, stack(0x0000004a81c00000,0x0000004a81d00000)]
  0x0000017a06b02800 JavaThread "C1 CompilerThread0" daemon [_thread_blocked, id=14692, stack(0x0000004a81d00000,0x0000004a81e00000)]
  0x0000017a06b6b000 JavaThread "Sweeper thread" daemon [_thread_blocked, id=2904, stack(0x0000004a81e00000,0x0000004a81f00000)]
  0x0000017a06c6b800 JavaThread "Common-Cleaner" daemon [_thread_blocked, id=16224, stack(0x0000004a81f00000,0x0000004a82000000)]
  0x0000017a07a96800 JavaThread "Daemon health stats" [_thread_blocked, id=18728, stack(0x0000004a82300000,0x0000004a82400000)]
  0x0000017a08ac9800 JavaThread "Incoming local TCP Connector on port 51107" [_thread_in_native, id=12284, stack(0x0000004a80f00000,0x0000004a81000000)]
  0x0000017a07eb6800 JavaThread "Daemon periodic checks" [_thread_blocked, id=15624, stack(0x0000004a82400000,0x0000004a82500000)]
  0x0000017a07db2000 JavaThread "Daemon" [_thread_blocked, id=1600, stack(0x0000004a82500000,0x0000004a82600000)]
  0x0000017a07fda000 JavaThread "Handler for socket connection from /127.0.0.1:51107 to /127.0.0.1:51130" [_thread_in_native, id=18928, stack(0x0000004a82600000,0x0000004a82700000)]
  0x0000017a0811c000 JavaThread "Cancel handler" [_thread_blocked, id=11492, stack(0x0000004a82700000,0x0000004a82800000)]
  0x0000017a0811c800 JavaThread "Daemon worker" [_thread_in_vm, id=16684, stack(0x0000004a82800000,0x0000004a82900000)]
  0x0000017a07d1e800 JavaThread "Asynchronous log dispatcher for DefaultDaemonConnection: socket connection from /127.0.0.1:51107 to /127.0.0.1:51130" [_thread_blocked, id=5976, stack(0x0000004a82900000,0x0000004a82a00000)]
  0x0000017a07d87000 JavaThread "Daemon client event forwarder" [_thread_blocked, id=19176, stack(0x0000004a82b00000,0x0000004a82c00000)]
  0x0000017a082e5800 JavaThread "Cache worker for journal cache (C:\Users\Riyad\.gradle\caches\journal-1)" [_thread_blocked, id=5928, stack(0x0000004a82d00000,0x0000004a82e00000)]
  0x0000017a082e8800 JavaThread "File lock request listener" [_thread_in_native, id=13724, stack(0x0000004a82e00000,0x0000004a82f00000)]
  0x0000017a082e7000 JavaThread "File lock release action executor" [_thread_blocked, id=18040, stack(0x0000004a82f00000,0x0000004a83000000)]
  0x0000017a082e9800 JavaThread "Cache worker for file hash cache (C:\Users\Riyad\.gradle\caches\8.0.1\fileHashes)" [_thread_blocked, id=18164, stack(0x0000004a83200000,0x0000004a83300000)]
  0x0000017a082e6800 JavaThread "File watcher server" daemon [_thread_in_native, id=5096, stack(0x0000004a80e00000,0x0000004a80f00000)]
  0x0000017a082e8000 JavaThread "File watcher consumer" daemon [_thread_blocked, id=6280, stack(0x0000004a83300000,0x0000004a83400000)]
  0x0000017a082ea800 JavaThread "Cache worker for checksums cache (G:\testProject\testApp\android\.gradle\8.0.1\checksums)" [_thread_blocked, id=16788, stack(0x0000004a83400000,0x0000004a83500000)]
  0x0000017a082eb000 JavaThread "Cache worker for cache directory md-rule (C:\Users\Riyad\.gradle\caches\8.0.1\md-rule)" [_thread_blocked, id=17916, stack(0x0000004a82a00000,0x0000004a82b00000)]
  0x0000017a082ec000 JavaThread "Cache worker for file content cache (C:\Users\Riyad\.gradle\caches\8.0.1\fileContent)" [_thread_blocked, id=12784, stack(0x0000004a83500000,0x0000004a83600000)]
  0x0000017a08a9e000 JavaThread "File lock release action executor Thread 2" [_thread_blocked, id=8936, stack(0x0000004a83600000,0x0000004a83700000)]
  0x0000017a08a99000 JavaThread "Cache worker for file hash cache (G:\testProject\testApp\android\.gradle\8.0.1\fileHashes)" [_thread_blocked, id=10668, stack(0x0000004a83700000,0x0000004a83800000)]
  0x0000017a08a98000 JavaThread "Cache worker for cache directory md-supplier (C:\Users\Riyad\.gradle\caches\8.0.1\md-supplier)" [_thread_blocked, id=7312, stack(0x0000004a83800000,0x0000004a83900000)]
  0x0000017a08a9a800 JavaThread "Cache worker for execution history cache (C:\Users\Riyad\.gradle\caches\8.0.1\executionHistory)" [_thread_blocked, id=12156, stack(0x0000004a83900000,0x0000004a83a00000)]

Other Threads:
  0x0000017a0618d800 VMThread "VM Thread" [stack: 0x0000004a81600000,0x0000004a81700000] [id=5724]
  0x0000017a06c7a000 WatcherThread [stack: 0x0000004a82000000,0x0000004a82100000] [id=12400]
  0x0000017a6791c000 GCTaskThread "GC Thread#0" [stack: 0x0000004a81100000,0x0000004a81200000] [id=15688]
  0x0000017a074d2800 GCTaskThread "GC Thread#1" [stack: 0x0000004a82100000,0x0000004a82200000] [id=19440]
  0x0000017a06f34000 GCTaskThread "GC Thread#2" [stack: 0x0000004a82200000,0x0000004a82300000] [id=19376]
  0x0000017a07e87800 GCTaskThread "GC Thread#3" [stack: 0x0000004a82c00000,0x0000004a82d00000] [id=17660]
  0x0000017a6794d000 ConcurrentGCThread "G1 Main Marker" [stack: 0x0000004a81200000,0x0000004a81300000] [id=15780]
  0x0000017a6794e800 ConcurrentGCThread "G1 Conc#0" [stack: 0x0000004a81300000,0x0000004a81400000] [id=15784]
  0x0000017a679d9800 ConcurrentGCThread "G1 Refine#0" [stack: 0x0000004a81400000,0x0000004a81500000] [id=13520]
  0x0000017a679da800 ConcurrentGCThread "G1 Young RemSet Sampling" [stack: 0x0000004a81500000,0x0000004a81600000] [id=13408]

Threads with active compile tasks:
C2 CompilerThread0   147285 3075       4       jdk.internal.loader.URLClassPath::getResource (74 bytes)

VM state:not at safepoint (normal execution)

VM Mutex/Monitor currently owned by a thread: None

Heap address: 0x0000000080000000, size: 2048 MB, Compressed Oops mode: 32-bit
Narrow klass base: 0x0000000000000000, Narrow klass shift: 3
Compressed class space size: 528482304 Address: 0x0000000100000000

Heap:
 garbage-first heap   total 129024K, used 55477K [0x0000000080000000, 0x0000000100000000)
  region size 1024K, 39 young (39936K), 5 survivors (5120K)
 Metaspace       used 34699K, capacity 35548K, committed 35760K, reserved 548864K
  class space    used 4436K, capacity 4783K, committed 4864K, reserved 516096K
Heap Regions: E=young(eden), S=young(survivor), O=old, HS=humongous(starts), HC=humongous(continues), CS=collection set, F=free, A=archive, TAMS=top-at-mark-start (previous, next)
|   0|0x0000000080000000, 0x0000000080100000, 0x0000000080100000|100%| O|  |TAMS 0x0000000080100000, 0x0000000080000000| Untracked 
|   1|0x0000000080100000, 0x0000000080200000, 0x0000000080200000|100%| O|  |TAMS 0x0000000080200000, 0x0000000080100000| Untracked 
|   2|0x0000000080200000, 0x0000000080300000, 0x0000000080300000|100%| O|  |TAMS 0x0000000080300000, 0x0000000080200000| Untracked 
|   3|0x0000000080300000, 0x0000000080400000, 0x0000000080400000|100%|HS|  |TAMS 0x0000000080400000, 0x0000000080300000| Complete 
|   4|0x0000000080400000, 0x0000000080500000, 0x0000000080500000|100%|HC|  |TAMS 0x0000000080500000, 0x0000000080400000| Complete 
|   5|0x0000000080500000, 0x0000000080600000, 0x0000000080600000|100%|HC|  |TAMS 0x0000000080600000, 0x0000000080500000| Complete 
|   6|0x0000000080600000, 0x0000000080700000, 0x0000000080700000|100%|HC|  |TAMS 0x0000000080700000, 0x0000000080600000| Complete 
|   7|0x0000000080700000, 0x0000000080800000, 0x0000000080800000|100%| O|  |TAMS 0x0000000080800000, 0x0000000080700000| Untracked 
|   8|0x0000000080800000, 0x0000000080900000, 0x0000000080900000|100%| O|  |TAMS 0x0000000080900000, 0x0000000080800000| Untracked 
|   9|0x0000000080900000, 0x0000000080a00000, 0x0000000080a00000|100%| O|  |TAMS 0x0000000080a00000, 0x0000000080900000| Untracked 
|  10|0x0000000080a00000, 0x0000000080b00000, 0x0000000080b00000|100%| O|  |TAMS 0x0000000080b00000, 0x0000000080a00000| Untracked 
|  11|0x0000000080b00000, 0x0000000080c00000, 0x0000000080c00000|100%| O|  |TAMS 0x0000000080c00000, 0x0000000080b00000| Untracked 
|  12|0x0000000080c00000, 0x0000000080d00000, 0x0000000080d00000|100%| O|  |TAMS 0x0000000080d00000, 0x0000000080c00000| Untracked 
|  13|0x0000000080d00000, 0x0000000080e00000, 0x0000000080e00000|100%| O|  |TAMS 0x0000000080d93400, 0x0000000080d00000| Untracked 
|  14|0x0000000080e00000, 0x0000000080f00000, 0x0000000080f00000|100%| O|  |TAMS 0x0000000080e00000, 0x0000000080e00000| Untracked 
|  15|0x0000000080f00000, 0x0000000081000000, 0x0000000081000000|100%| O|  |TAMS 0x0000000080f00000, 0x0000000080f00000| Untracked 
|  16|0x0000000081000000, 0x0000000081100000, 0x0000000081100000|100%| O|  |TAMS 0x0000000081000000, 0x0000000081000000| Untracked 
|  17|0x0000000081100000, 0x000000008110c400, 0x0000000081200000|  4%| O|  |TAMS 0x0000000081100000, 0x0000000081100000| Untracked 
|  18|0x0000000081200000, 0x0000000081200000, 0x0000000081300000|  0%| F|  |TAMS 0x0000000081200000, 0x0000000081200000| Untracked 
|  19|0x0000000081300000, 0x0000000081300000, 0x0000000081400000|  0%| F|  |TAMS 0x0000000081300000, 0x0000000081300000| Untracked 
|  20|0x0000000081400000, 0x0000000081400000, 0x0000000081500000|  0%| F|  |TAMS 0x0000000081400000, 0x0000000081400000| Untracked 
|  21|0x0000000081500000, 0x0000000081500000, 0x0000000081600000|  0%| F|  |TAMS 0x0000000081500000, 0x0000000081500000| Untracked 
|  22|0x0000000081600000, 0x0000000081600000, 0x0000000081700000|  0%| F|  |TAMS 0x0000000081600000, 0x0000000081600000| Untracked 
|  23|0x0000000081700000, 0x0000000081700000, 0x0000000081800000|  0%| F|  |TAMS 0x0000000081700000, 0x0000000081700000| Untracked 
|  24|0x0000000081800000, 0x0000000081800000, 0x0000000081900000|  0%| F|  |TAMS 0x0000000081800000, 0x0000000081800000| Untracked 
|  25|0x0000000081900000, 0x0000000081900000, 0x0000000081a00000|  0%| F|  |TAMS 0x0000000081900000, 0x0000000081900000| Untracked 
|  26|0x0000000081a00000, 0x0000000081a00000, 0x0000000081b00000|  0%| F|  |TAMS 0x0000000081a00000, 0x0000000081a00000| Untracked 
|  27|0x0000000081b00000, 0x0000000081b00000, 0x0000000081c00000|  0%| F|  |TAMS 0x0000000081b00000, 0x0000000081b00000| Untracked 
|  28|0x0000000081c00000, 0x0000000081c00000, 0x0000000081d00000|  0%| F|  |TAMS 0x0000000081c00000, 0x0000000081c00000| Untracked 
|  29|0x0000000081d00000, 0x0000000081d00000, 0x0000000081e00000|  0%| F|  |TAMS 0x0000000081d00000, 0x0000000081d00000| Untracked 
|  30|0x0000000081e00000, 0x0000000081e00000, 0x0000000081f00000|  0%| F|  |TAMS 0x0000000081e00000, 0x0000000081e00000| Untracked 
|  31|0x0000000081f00000, 0x0000000081f00000, 0x0000000082000000|  0%| F|  |TAMS 0x0000000081f00000, 0x0000000081f00000| Untracked 
|  32|0x0000000082000000, 0x0000000082000000, 0x0000000082100000|  0%| F|  |TAMS 0x0000000082000000, 0x0000000082000000| Untracked 
|  33|0x0000000082100000, 0x0000000082100000, 0x0000000082200000|  0%| F|  |TAMS 0x0000000082100000, 0x0000000082100000| Untracked 
|  34|0x0000000082200000, 0x0000000082200000, 0x0000000082300000|  0%| F|  |TAMS 0x0000000082200000, 0x0000000082200000| Untracked 
|  35|0x0000000082300000, 0x0000000082300000, 0x0000000082400000|  0%| F|  |TAMS 0x0000000082300000, 0x0000000082300000| Untracked 
|  36|0x0000000082400000, 0x0000000082400000, 0x0000000082500000|  0%| F|  |TAMS 0x0000000082400000, 0x0000000082400000| Untracked 
|  37|0x0000000082500000, 0x0000000082500000, 0x0000000082600000|  0%| F|  |TAMS 0x0000000082500000, 0x0000000082500000| Untracked 
|  38|0x0000000082600000, 0x0000000082600000, 0x0000000082700000|  0%| F|  |TAMS 0x0000000082600000, 0x0000000082600000| Untracked 
|  39|0x0000000082700000, 0x0000000082700000, 0x0000000082800000|  0%| F|  |TAMS 0x0000000082700000, 0x0000000082700000| Untracked 
|  40|0x0000000082800000, 0x0000000082800000, 0x0000000082900000|  0%| F|  |TAMS 0x0000000082800000, 0x0000000082800000| Untracked 
|  41|0x0000000082900000, 0x0000000082900000, 0x0000000082a00000|  0%| F|  |TAMS 0x0000000082900000, 0x0000000082900000| Untracked 
|  42|0x0000000082a00000, 0x0000000082a00000, 0x0000000082b00000|  0%| F|  |TAMS 0x0000000082a00000, 0x0000000082a00000| Untracked 
|  43|0x0000000082b00000, 0x0000000082b00000, 0x0000000082c00000|  0%| F|  |TAMS 0x0000000082b00000, 0x0000000082b00000| Untracked 
|  44|0x0000000082c00000, 0x0000000082c00000, 0x0000000082d00000|  0%| F|  |TAMS 0x0000000082c00000, 0x0000000082c00000| Untracked 
|  45|0x0000000082d00000, 0x0000000082d00000, 0x0000000082e00000|  0%| F|  |TAMS 0x0000000082d00000, 0x0000000082d00000| Untracked 
|  46|0x0000000082e00000, 0x0000000082e00000, 0x0000000082f00000|  0%| F|  |TAMS 0x0000000082e00000, 0x0000000082e00000| Untracked 
|  47|0x0000000082f00000, 0x0000000082f00000, 0x0000000083000000|  0%| F|  |TAMS 0x0000000082f00000, 0x0000000082f00000| Untracked 
|  48|0x0000000083000000, 0x0000000083000000, 0x0000000083100000|  0%| F|  |TAMS 0x0000000083000000, 0x0000000083000000| Untracked 
|  49|0x0000000083100000, 0x0000000083100000, 0x0000000083200000|  0%| F|  |TAMS 0x0000000083100000, 0x0000000083100000| Untracked 
|  50|0x0000000083200000, 0x0000000083200000, 0x0000000083300000|  0%| F|  |TAMS 0x0000000083200000, 0x0000000083200000| Untracked 
|  51|0x0000000083300000, 0x0000000083300000, 0x0000000083400000|  0%| F|  |TAMS 0x0000000083300000, 0x0000000083300000| Untracked 
|  52|0x0000000083400000, 0x0000000083400000, 0x0000000083500000|  0%| F|  |TAMS 0x0000000083400000, 0x0000000083400000| Untracked 
|  53|0x0000000083500000, 0x0000000083500000, 0x0000000083600000|  0%| F|  |TAMS 0x0000000083500000, 0x0000000083500000| Untracked 
|  54|0x0000000083600000, 0x0000000083600000, 0x0000000083700000|  0%| F|  |TAMS 0x0000000083600000, 0x0000000083600000| Untracked 
|  55|0x0000000083700000, 0x0000000083700000, 0x0000000083800000|  0%| F|  |TAMS 0x0000000083700000, 0x0000000083700000| Untracked 
|  56|0x0000000083800000, 0x0000000083800000, 0x0000000083900000|  0%| F|  |TAMS 0x0000000083800000, 0x0000000083800000| Untracked 
|  57|0x0000000083900000, 0x0000000083900000, 0x0000000083a00000|  0%| F|  |TAMS 0x0000000083900000, 0x0000000083900000| Untracked 
|  58|0x0000000083a00000, 0x0000000083a00000, 0x0000000083b00000|  0%| F|  |TAMS 0x0000000083a00000, 0x0000000083a00000| Untracked 
|  59|0x0000000083b00000, 0x0000000083b00000, 0x0000000083c00000|  0%| F|  |TAMS 0x0000000083b00000, 0x0000000083b00000| Untracked 
|  60|0x0000000083c00000, 0x0000000083c00000, 0x0000000083d00000|  0%| F|  |TAMS 0x0000000083c00000, 0x0000000083c00000| Untracked 
|  61|0x0000000083d00000, 0x0000000083d00000, 0x0000000083e00000|  0%| F|  |TAMS 0x0000000083d00000, 0x0000000083d00000| Untracked 
|  62|0x0000000083e00000, 0x0000000083e00000, 0x0000000083f00000|  0%| F|  |TAMS 0x0000000083e00000, 0x0000000083e00000| Untracked 
|  63|0x0000000083f00000, 0x0000000083f00000, 0x0000000084000000|  0%| F|  |TAMS 0x0000000083f00000, 0x0000000083f00000| Untracked 
|  64|0x0000000084000000, 0x0000000084000000, 0x0000000084100000|  0%| F|  |TAMS 0x0000000084000000, 0x0000000084000000| Untracked 
|  65|0x0000000084100000, 0x0000000084100000, 0x0000000084200000|  0%| F|  |TAMS 0x0000000084100000, 0x0000000084100000| Untracked 
|  66|0x0000000084200000, 0x0000000084200000, 0x0000000084300000|  0%| F|  |TAMS 0x0000000084200000, 0x0000000084200000| Untracked 
|  67|0x0000000084300000, 0x0000000084321290, 0x0000000084400000| 12%| S|CS|TAMS 0x0000000084300000, 0x0000000084300000| Complete 
|  68|0x0000000084400000, 0x0000000084500000, 0x0000000084500000|100%| S|CS|TAMS 0x0000000084400000, 0x0000000084400000| Complete 
|  69|0x0000000084500000, 0x0000000084600000, 0x0000000084600000|100%| S|CS|TAMS 0x0000000084500000, 0x0000000084500000| Complete 
|  70|0x0000000084600000, 0x0000000084700000, 0x0000000084700000|100%| S|CS|TAMS 0x0000000084600000, 0x0000000084600000| Complete 
|  71|0x0000000084700000, 0x0000000084800000, 0x0000000084800000|100%| S|CS|TAMS 0x0000000084700000, 0x0000000084700000| Complete 
|  72|0x0000000084800000, 0x0000000084800000, 0x0000000084900000|  0%| F|  |TAMS 0x0000000084800000, 0x0000000084800000| Untracked 
|  73|0x0000000084900000, 0x0000000084900000, 0x0000000084a00000|  0%| F|  |TAMS 0x0000000084900000, 0x0000000084900000| Untracked 
|  74|0x0000000084a00000, 0x0000000084a00000, 0x0000000084b00000|  0%| F|  |TAMS 0x0000000084a00000, 0x0000000084a00000| Untracked 
|  75|0x0000000084b00000, 0x0000000084b00000, 0x0000000084c00000|  0%| F|  |TAMS 0x0000000084b00000, 0x0000000084b00000| Untracked 
|  76|0x0000000084c00000, 0x0000000084c00000, 0x0000000084d00000|  0%| F|  |TAMS 0x0000000084c00000, 0x0000000084c00000| Untracked 
|  77|0x0000000084d00000, 0x0000000084d00000, 0x0000000084e00000|  0%| F|  |TAMS 0x0000000084d00000, 0x0000000084d00000| Untracked 
|  78|0x0000000084e00000, 0x0000000084e00000, 0x0000000084f00000|  0%| F|  |TAMS 0x0000000084e00000, 0x0000000084e00000| Untracked 
|  79|0x0000000084f00000, 0x0000000084f00000, 0x0000000085000000|  0%| F|  |TAMS 0x0000000084f00000, 0x0000000084f00000| Untracked 
|  80|0x0000000085000000, 0x0000000085000000, 0x0000000085100000|  0%| F|  |TAMS 0x0000000085000000, 0x0000000085000000| Untracked 
|  81|0x0000000085100000, 0x0000000085100000, 0x0000000085200000|  0%| F|  |TAMS 0x0000000085100000, 0x0000000085100000| Untracked 
|  82|0x0000000085200000, 0x0000000085200000, 0x0000000085300000|  0%| F|  |TAMS 0x0000000085200000, 0x0000000085200000| Untracked 
|  83|0x0000000085300000, 0x0000000085300000, 0x0000000085400000|  0%| F|  |TAMS 0x0000000085300000, 0x0000000085300000| Untracked 
|  84|0x0000000085400000, 0x0000000085400000, 0x0000000085500000|  0%| F|  |TAMS 0x0000000085400000, 0x0000000085400000| Untracked 
|  85|0x0000000085500000, 0x0000000085500000, 0x0000000085600000|  0%| F|  |TAMS 0x0000000085500000, 0x0000000085500000| Untracked 
|  86|0x0000000085600000, 0x0000000085600000, 0x0000000085700000|  0%| F|  |TAMS 0x0000000085600000, 0x0000000085600000| Untracked 
|  87|0x0000000085700000, 0x0000000085700000, 0x0000000085800000|  0%| F|  |TAMS 0x0000000085700000, 0x0000000085700000| Untracked 
|  88|0x0000000085800000, 0x0000000085800000, 0x0000000085900000|  0%| F|  |TAMS 0x0000000085800000, 0x0000000085800000| Untracked 
|  89|0x0000000085900000, 0x0000000085900000, 0x0000000085a00000|  0%| F|  |TAMS 0x0000000085900000, 0x0000000085900000| Untracked 
|  90|0x0000000085a00000, 0x0000000085a00000, 0x0000000085b00000|  0%| F|  |TAMS 0x0000000085a00000, 0x0000000085a00000| Untracked 
|  91|0x0000000085b00000, 0x0000000085b00000, 0x0000000085c00000|  0%| F|  |TAMS 0x0000000085b00000, 0x0000000085b00000| Untracked 
|  92|0x0000000085c00000, 0x0000000085d00000, 0x0000000085d00000|100%| E|  |TAMS 0x0000000085c00000, 0x0000000085c00000| Complete 
|  93|0x0000000085d00000, 0x0000000085e00000, 0x0000000085e00000|100%| E|CS|TAMS 0x0000000085d00000, 0x0000000085d00000| Complete 
|  94|0x0000000085e00000, 0x0000000085f00000, 0x0000000085f00000|100%| E|CS|TAMS 0x0000000085e00000, 0x0000000085e00000| Complete 
|  95|0x0000000085f00000, 0x0000000086000000, 0x0000000086000000|100%| E|CS|TAMS 0x0000000085f00000, 0x0000000085f00000| Complete 
|  96|0x0000000086000000, 0x0000000086100000, 0x0000000086100000|100%| E|CS|TAMS 0x0000000086000000, 0x0000000086000000| Complete 
|  97|0x0000000086100000, 0x0000000086200000, 0x0000000086200000|100%| E|CS|TAMS 0x0000000086100000, 0x0000000086100000| Complete 
|  98|0x0000000086200000, 0x0000000086300000, 0x0000000086300000|100%| E|CS|TAMS 0x0000000086200000, 0x0000000086200000| Complete 
|  99|0x0000000086300000, 0x0000000086400000, 0x0000000086400000|100%| E|CS|TAMS 0x0000000086300000, 0x0000000086300000| Complete 
| 100|0x0000000086400000, 0x0000000086500000, 0x0000000086500000|100%| E|CS|TAMS 0x0000000086400000, 0x0000000086400000| Complete 
| 101|0x0000000086500000, 0x0000000086600000, 0x0000000086600000|100%| E|CS|TAMS 0x0000000086500000, 0x0000000086500000| Complete 
| 102|0x0000000086600000, 0x0000000086700000, 0x0000000086700000|100%| E|CS|TAMS 0x0000000086600000, 0x0000000086600000| Complete 
| 103|0x0000000086700000, 0x0000000086800000, 0x0000000086800000|100%| E|CS|TAMS 0x0000000086700000, 0x0000000086700000| Complete 
| 104|0x0000000086800000, 0x0000000086900000, 0x0000000086900000|100%| E|CS|TAMS 0x0000000086800000, 0x0000000086800000| Complete 
| 105|0x0000000086900000, 0x0000000086a00000, 0x0000000086a00000|100%| E|CS|TAMS 0x0000000086900000, 0x0000000086900000| Complete 
| 106|0x0000000086a00000, 0x0000000086b00000, 0x0000000086b00000|100%| E|CS|TAMS 0x0000000086a00000, 0x0000000086a00000| Complete 
| 107|0x0000000086b00000, 0x0000000086c00000, 0x0000000086c00000|100%| E|CS|TAMS 0x0000000086b00000, 0x0000000086b00000| Complete 
| 108|0x0000000086c00000, 0x0000000086d00000, 0x0000000086d00000|100%| E|CS|TAMS 0x0000000086c00000, 0x0000000086c00000| Complete 
| 109|0x0000000086d00000, 0x0000000086e00000, 0x0000000086e00000|100%| E|CS|TAMS 0x0000000086d00000, 0x0000000086d00000| Complete 
| 110|0x0000000086e00000, 0x0000000086f00000, 0x0000000086f00000|100%| E|CS|TAMS 0x0000000086e00000, 0x0000000086e00000| Complete 
| 111|0x0000000086f00000, 0x0000000087000000, 0x0000000087000000|100%| E|CS|TAMS 0x0000000086f00000, 0x0000000086f00000| Complete 
| 112|0x0000000087000000, 0x0000000087100000, 0x0000000087100000|100%| E|CS|TAMS 0x0000000087000000, 0x0000000087000000| Complete 
| 113|0x0000000087100000, 0x0000000087200000, 0x0000000087200000|100%| E|CS|TAMS 0x0000000087100000, 0x0000000087100000| Complete 
| 114|0x0000000087200000, 0x0000000087300000, 0x0000000087300000|100%| E|CS|TAMS 0x0000000087200000, 0x0000000087200000| Complete 
| 115|0x0000000087300000, 0x0000000087400000, 0x0000000087400000|100%| E|CS|TAMS 0x0000000087300000, 0x0000000087300000| Complete 
| 116|0x0000000087400000, 0x0000000087500000, 0x0000000087500000|100%| E|CS|TAMS 0x0000000087400000, 0x0000000087400000| Complete 
| 117|0x0000000087500000, 0x0000000087600000, 0x0000000087600000|100%| E|CS|TAMS 0x0000000087500000, 0x0000000087500000| Complete 
| 118|0x0000000087600000, 0x0000000087700000, 0x0000000087700000|100%| E|CS|TAMS 0x0000000087600000, 0x0000000087600000| Complete 
| 119|0x0000000087700000, 0x0000000087800000, 0x0000000087800000|100%| E|CS|TAMS 0x0000000087700000, 0x0000000087700000| Complete 
| 120|0x0000000087800000, 0x0000000087900000, 0x0000000087900000|100%| E|CS|TAMS 0x0000000087800000, 0x0000000087800000| Complete 
| 121|0x0000000087900000, 0x0000000087a00000, 0x0000000087a00000|100%| E|CS|TAMS 0x0000000087900000, 0x0000000087900000| Complete 
| 122|0x0000000087a00000, 0x0000000087b00000, 0x0000000087b00000|100%| E|CS|TAMS 0x0000000087a00000, 0x0000000087a00000| Complete 
| 123|0x0000000087b00000, 0x0000000087c00000, 0x0000000087c00000|100%| E|CS|TAMS 0x0000000087b00000, 0x0000000087b00000| Complete 
| 124|0x0000000087c00000, 0x0000000087d00000, 0x0000000087d00000|100%| E|CS|TAMS 0x0000000087c00000, 0x0000000087c00000| Complete 
| 125|0x0000000087d00000, 0x0000000087e00000, 0x0000000087e00000|100%| E|CS|TAMS 0x0000000087d00000, 0x0000000087d00000| Complete 

Card table byte_map: [0x0000017a7f480000,0x0000017a7f880000] _byte_map_base: 0x0000017a7f080000

Marking Bits (Prev, Next): (CMBitMap*) 0x0000017a67944220, (CMBitMap*) 0x0000017a679441e8
 Prev Bits: [0x0000017a02000000, 0x0000017a04000000)
 Next Bits: [0x0000017a00000000, 0x0000017a02000000)

Polling page: 0x0000017a670e0000

Metaspace:

Usage:
  Non-class:     30.11 MB capacity,    29.57 MB ( 98%) used,   463.20 KB (  2%) free+waste,    83.13 KB ( <1%) overhead. 
      Class:      4.67 MB capacity,     4.33 MB ( 93%) used,   304.56 KB (  6%) free+waste,    41.00 KB ( <1%) overhead. 
       Both:     34.78 MB capacity,    33.91 MB ( 97%) used,   767.77 KB (  2%) free+waste,   124.13 KB ( <1%) overhead. 

Virtual space:
  Non-class space:       32.00 MB reserved,      30.17 MB ( 94%) committed 
      Class space:      504.00 MB reserved,       4.75 MB ( <1%) committed 
             Both:      536.00 MB reserved,      34.92 MB (  7%) committed 

Chunk freelists:
   Non-Class:  3.00 KB
       Class:  17.00 KB
        Both:  20.00 KB

MaxMetaspaceSize: 512.00 MB
CompressedClassSpaceSize: 504.00 MB
Initial GC threshold: 20.80 MB
Current GC threshold: 35.08 MB
CDS: off

CodeHeap 'non-profiled nmethods': size=120064Kb used=1588Kb max_used=1588Kb free=118475Kb
 bounds [0x0000017a77b40000, 0x0000017a77db0000, 0x0000017a7f080000]
CodeHeap 'profiled nmethods': size=120000Kb used=6621Kb max_used=6621Kb free=113378Kb
 bounds [0x0000017a70610000, 0x0000017a70c90000, 0x0000017a77b40000]
CodeHeap 'non-nmethods': size=5696Kb used=1238Kb max_used=1269Kb free=4457Kb
 bounds [0x0000017a70080000, 0x0000017a702f0000, 0x0000017a70610000]
 total_blobs=3637 nmethods=3118 adapters=431
 compilation: enabled
              stopped_count=0, restarted_count=0
 full_count=0

Compilation events (20 events):
Event: 143.756 Thread 0x0000017a06b02800 3094       3       org.codehaus.groovy.reflection.ReflectionCache::isAssignableFrom (13 bytes)
Event: 143.770 Thread 0x0000017a06b02800 nmethod 3094 0x0000017a70c71f90 code [0x0000017a70c72140, 0x0000017a70c722a8]
Event: 143.771 Thread 0x0000017a06b02800 3095       3       org.codehaus.groovy.reflection.ReflectionCache::setAssignableFrom (1 bytes)
Event: 143.772 Thread 0x0000017a06b02800 nmethod 3095 0x0000017a70c72390 code [0x0000017a70c72540, 0x0000017a70c72618]
Event: 143.773 Thread 0x0000017a06b02800 3096       3       java.lang.Class::privateGetPublicMethods (224 bytes)
Event: 143.786 Thread 0x0000017a06b02800 nmethod 3096 0x0000017a70c72690 code [0x0000017a70c72960, 0x0000017a70c73658]
Event: 143.786 Thread 0x0000017a06b02800 3098       3       org.codehaus.groovy.reflection.ParameterTypes::getParameterTypes (16 bytes)
Event: 143.787 Thread 0x0000017a06b02800 nmethod 3098 0x0000017a70c73d10 code [0x0000017a70c73ec0, 0x0000017a70c74048]
Event: 143.787 Thread 0x0000017a06b02800 3097       3       org.codehaus.groovy.reflection.ParameterTypes::setParametersTypes (32 bytes)
Event: 143.787 Thread 0x0000017a06b02800 nmethod 3097 0x0000017a70c74110 code [0x0000017a70c742c0, 0x0000017a70c744f8]
Event: 143.818 Thread 0x0000017a06b02800 3099       3       java.lang.invoke.BoundMethodHandle::editor (8 bytes)
Event: 143.819 Thread 0x0000017a06b02800 nmethod 3099 0x0000017a70c74610 code [0x0000017a70c74800, 0x0000017a70c74b88]
Event: 143.821 Thread 0x0000017a06b02800 3100       3       java.util.regex.Pattern$$Lambda$12/0x0000000100063440::is (9 bytes)
Event: 143.821 Thread 0x0000017a06b02800 nmethod 3100 0x0000017a70c74d10 code [0x0000017a70c74ee0, 0x0000017a70c75118]
Event: 143.821 Thread 0x0000017a06b02800 3101       3       java.util.regex.Pattern::lambda$clazz$1 (22 bytes)
Event: 143.821 Thread 0x0000017a06b02800 nmethod 3101 0x0000017a70c75290 code [0x0000017a70c75440, 0x0000017a70c755f8]
Event: 143.824 Thread 0x0000017a06b02800 3102       3       org.codehaus.groovy.util.ReferenceType$1::createReference (11 bytes)
Event: 143.824 Thread 0x0000017a06b02800 nmethod 3102 0x0000017a70c75710 code [0x0000017a70c75900, 0x0000017a70c75d78]
Event: 143.824 Thread 0x0000017a06b02800 3103       3       org.codehaus.groovy.util.ReferenceType$SoftRef::<init> (12 bytes)
Event: 143.825 Thread 0x0000017a06b02800 nmethod 3103 0x0000017a70c75f10 code [0x0000017a70c760e0, 0x0000017a70c76478]

GC Heap History (14 events):
Event: 6.257 GC heap before
{Heap before GC invocations=0 (full 0):
 garbage-first heap   total 129024K, used 13312K [0x0000000080000000, 0x0000000100000000)
  region size 1024K, 14 young (14336K), 0 survivors (0K)
 Metaspace       used 6776K, capacity 6989K, committed 7168K, reserved 524288K
  class space    used 573K, capacity 650K, committed 768K, reserved 516096K
}
Event: 6.268 GC heap after
{Heap after GC invocations=1 (full 0):
 garbage-first heap   total 129024K, used 4284K [0x0000000080000000, 0x0000000100000000)
  region size 1024K, 2 young (2048K), 2 survivors (2048K)
 Metaspace       used 6776K, capacity 6989K, committed 7168K, reserved 524288K
  class space    used 573K, capacity 650K, committed 768K, reserved 516096K
}
Event: 8.698 GC heap before
{Heap before GC invocations=1 (full 0):
 garbage-first heap   total 129024K, used 19644K [0x0000000080000000, 0x0000000100000000)
  region size 1024K, 13 young (13312K), 2 survivors (2048K)
 Metaspace       used 9959K, capacity 10182K, committed 10368K, reserved 526336K
  class space    used 1012K, capacity 1102K, committed 1152K, reserved 516096K
}
Event: 8.700 GC heap after
{Heap after GC invocations=2 (full 0):
 garbage-first heap   total 129024K, used 10416K [0x0000000080000000, 0x0000000100000000)
  region size 1024K, 2 young (2048K), 2 survivors (2048K)
 Metaspace       used 9959K, capacity 10182K, committed 10368K, reserved 526336K
  class space    used 1012K, capacity 1102K, committed 1152K, reserved 516096K
}
Event: 30.774 GC heap before
{Heap before GC invocations=2 (full 0):
 garbage-first heap   total 129024K, used 40112K [0x0000000080000000, 0x0000000100000000)
  region size 1024K, 30 young (30720K), 2 survivors (2048K)
 Metaspace       used 10957K, capacity 11199K, committed 11520K, reserved 526336K
  class space    used 1115K, capacity 1206K, committed 1280K, reserved 516096K
}
Event: 30.777 GC heap after
{Heap after GC invocations=3 (full 0):
 garbage-first heap   total 129024K, used 12868K [0x0000000080000000, 0x0000000100000000)
  region size 1024K, 4 young (4096K), 4 survivors (4096K)
 Metaspace       used 10957K, capacity 11199K, committed 11520K, reserved 526336K
  class space    used 1115K, capacity 1206K, committed 1280K, reserved 516096K
}
Event: 68.178 GC heap before
{Heap before GC invocations=3 (full 0):
 garbage-first heap   total 129024K, used 54852K [0x0000000080000000, 0x0000000100000000)
  region size 1024K, 45 young (46080K), 4 survivors (4096K)
 Metaspace       used 18379K, capacity 18750K, committed 18944K, reserved 534528K
  class space    used 2123K, capacity 2276K, committed 2304K, reserved 516096K
}
Event: 68.247 GC heap after
{Heap after GC invocations=4 (full 0):
 garbage-first heap   total 129024K, used 17932K [0x0000000080000000, 0x0000000100000000)
  region size 1024K, 6 young (6144K), 6 survivors (6144K)
 Metaspace       used 18379K, capacity 18750K, committed 18944K, reserved 534528K
  class space    used 2123K, capacity 2276K, committed 2304K, reserved 516096K
}
Event: 73.414 GC heap before
{Heap before GC invocations=4 (full 0):
 garbage-first heap   total 129024K, used 36364K [0x0000000080000000, 0x0000000100000000)
  region size 1024K, 25 young (25600K), 6 survivors (6144K)
 Metaspace       used 20780K, capacity 21186K, committed 21296K, reserved 536576K
  class space    used 2478K, capacity 2650K, committed 2688K, reserved 516096K
}
Event: 73.561 GC heap after
{Heap after GC invocations=5 (full 0):
 garbage-first heap   total 129024K, used 18423K [0x0000000080000000, 0x0000000100000000)
  region size 1024K, 5 young (5120K), 5 survivors (5120K)
 Metaspace       used 20780K, capacity 21186K, committed 21296K, reserved 536576K
  class space    used 2478K, capacity 2650K, committed 2688K, reserved 516096K
}
Event: 99.495 GC heap before
{Heap before GC invocations=6 (full 0):
 garbage-first heap   total 129024K, used 61431K [0x0000000080000000, 0x0000000100000000)
  region size 1024K, 47 young (48128K), 5 survivors (5120K)
 Metaspace       used 24662K, capacity 25234K, committed 25264K, reserved 538624K
  class space    used 3090K, capacity 3317K, committed 3328K, reserved 516096K
}
Event: 99.500 GC heap after
{Heap after GC invocations=7 (full 0):
 garbage-first heap   total 129024K, used 19927K [0x0000000080000000, 0x0000000100000000)
  region size 1024K, 3 young (3072K), 3 survivors (3072K)
 Metaspace       used 24662K, capacity 25234K, committed 25264K, reserved 538624K
  class space    used 3090K, capacity 3317K, committed 3328K, reserved 516096K
}
Event: 128.626 GC heap before
{Heap before GC invocations=7 (full 0):
 garbage-first heap   total 129024K, used 72151K [0x0000000080000000, 0x0000000100000000)
  region size 1024K, 54 young (55296K), 3 survivors (3072K)
 Metaspace       used 29583K, capacity 30248K, committed 30512K, reserved 542720K
  class space    used 3855K, capacity 4144K, committed 4224K, reserved 516096K
}
Event: 128.630 GC heap after
{Heap after GC invocations=8 (full 0):
 garbage-first heap   total 129024K, used 21685K [0x0000000080000000, 0x0000000100000000)
  region size 1024K, 5 young (5120K), 5 survivors (5120K)
 Metaspace       used 29583K, capacity 30248K, committed 30512K, reserved 542720K
  class space    used 3855K, capacity 4144K, committed 4224K, reserved 516096K
}

Deoptimization events (20 events):
Event: 135.552 Thread 0x0000017a0811c800 Uncommon trap: trap_request=0xffffffde fr.pc=0x0000017a77c187d8 relative=0x00000000000017f8
Event: 135.552 Thread 0x0000017a0811c800 Uncommon trap: reason=class_check action=maybe_recompile pc=0x0000017a77c187d8 method=java.io.BufferedInputStream.read([BII)I @ 101 c2
Event: 135.552 Thread 0x0000017a0811c800 DEOPT PACKING pc=0x0000017a77c187d8 sp=0x0000004a828f9410
Event: 135.552 Thread 0x0000017a0811c800 DEOPT UNPACKING pc=0x0000017a700ca1af sp=0x0000004a828f92d0 mode 2
Event: 135.553 Thread 0x0000017a0811c800 Uncommon trap: trap_request=0xffffffde fr.pc=0x0000017a77c187d8 relative=0x00000000000017f8
Event: 135.553 Thread 0x0000017a0811c800 Uncommon trap: reason=class_check action=maybe_recompile pc=0x0000017a77c187d8 method=java.io.BufferedInputStream.read([BII)I @ 101 c2
Event: 135.553 Thread 0x0000017a0811c800 DEOPT PACKING pc=0x0000017a77c187d8 sp=0x0000004a828f9410
Event: 135.553 Thread 0x0000017a0811c800 DEOPT UNPACKING pc=0x0000017a700ca1af sp=0x0000004a828f92d0 mode 2
Event: 135.557 Thread 0x0000017a0811c800 Uncommon trap: trap_request=0xffffffde fr.pc=0x0000017a77c187d8 relative=0x00000000000017f8
Event: 135.558 Thread 0x0000017a0811c800 Uncommon trap: reason=class_check action=maybe_recompile pc=0x0000017a77c187d8 method=java.io.BufferedInputStream.read([BII)I @ 101 c2
Event: 135.558 Thread 0x0000017a0811c800 DEOPT PACKING pc=0x0000017a77c187d8 sp=0x0000004a828f9410
Event: 135.558 Thread 0x0000017a0811c800 DEOPT UNPACKING pc=0x0000017a700ca1af sp=0x0000004a828f92d0 mode 2
Event: 135.564 Thread 0x0000017a0811c800 Uncommon trap: trap_request=0xffffffde fr.pc=0x0000017a77c187d8 relative=0x00000000000017f8
Event: 135.564 Thread 0x0000017a0811c800 Uncommon trap: reason=class_check action=maybe_recompile pc=0x0000017a77c187d8 method=java.io.BufferedInputStream.read([BII)I @ 101 c2
Event: 135.564 Thread 0x0000017a0811c800 DEOPT PACKING pc=0x0000017a77c187d8 sp=0x0000004a828f9430
Event: 135.564 Thread 0x0000017a0811c800 DEOPT UNPACKING pc=0x0000017a700ca1af sp=0x0000004a828f92f0 mode 2
Event: 143.819 Thread 0x0000017a0811c800 Uncommon trap: trap_request=0xffffff4d fr.pc=0x0000017a77bc04a8 relative=0x0000000000000488
Event: 143.819 Thread 0x0000017a0811c800 Uncommon trap: reason=unstable_if action=reinterpret pc=0x0000017a77bc04a8 method=java.util.Properties$LineReader.readLine()I @ 95 c2
Event: 143.819 Thread 0x0000017a0811c800 DEOPT PACKING pc=0x0000017a77bc04a8 sp=0x0000004a828f9380
Event: 143.819 Thread 0x0000017a0811c800 DEOPT UNPACKING pc=0x0000017a700ca1af sp=0x0000004a828f9318 mode 2

Classes redefined (0 events):
No events

Internal exceptions (20 events):
Event: 114.876 Thread 0x0000017a0811c800 Exception <a 'java/lang/NoSuchMethodError'{0x0000000086a25768}: 'void java.lang.invoke.DirectMethodHandle$Holder.invokeStatic(java.lang.Object, java.lang.Object, java.lang.Object, java.lang.Object)'> (0x0000000086a25768) thrown at [./src/hotspot/share/interpreter/linkResolver.cpp, line 773]
Event: 114.878 Thread 0x0000017a0811c800 Exception <a 'java/lang/NoSuchMethodError'{0x0000000086a44880}: 'int java.lang.invoke.DirectMethodHandle$Holder.invokeVirtual(java.lang.Object, java.lang.Object)'> (0x0000000086a44880) thrown at [./src/hotspot/share/interpreter/linkResolver.cpp, line 773]
Event: 114.882 Thread 0x0000017a0811c800 Exception <a 'java/lang/NoSuchMethodError'{0x0000000086a752c0}: 'int java.lang.invoke.DirectMethodHandle$Holder.invokeVirtual(java.lang.Object, java.lang.Object, java.lang.Object)'> (0x0000000086a752c0) thrown at [./src/hotspot/share/interpreter/linkResolver.cpp, line 773]
Event: 126.000 Thread 0x0000017a0811c800 Exception <a 'java/lang/NoSuchMethodError'{0x0000000085987a78}: 'java.lang.Object java.lang.invoke.DirectMethodHandle$Holder.invokeSpecialIFC(java.lang.Object, java.lang.Object, java.lang.Object, java.lang.Object)'> (0x0000000085987a78) thrown at [./src/hotspot/share/interpreter/linkResolver.cpp, line 773]
Event: 126.175 Thread 0x0000017a0811c800 Implicit null exception at 0x0000017a77c22af5 to 0x0000017a77c22cbc
Event: 126.175 Thread 0x0000017a0811c800 Implicit null exception at 0x0000017a77c1542f to 0x0000017a77c1549d
Event: 128.062 Thread 0x0000017a0811c800 Exception <a 'java/lang/NoSuchMethodError'{0x0000000084b1fdd0}: 'java.lang.Object java.lang.invoke.DirectMethodHandle$Holder.invokeSpecial(java.lang.Object, java.lang.Object, java.lang.Object, java.lang.Object, java.lang.Object, java.lang.Object, java.lang.Object, java.lang.Object, java.lang.Object, java.lang.Object, java.lang.Object, java.lang.Object, java.lang.Object)'> (0x0000000084b1fdd0) thrown at [./src/hotspot/share/interpreter/linkResolver.cpp, line 773]
Event: 128.063 Thread 0x0000017a0811c800 Exception <a 'java/lang/NoSuchMethodError'{0x0000000084b306c0}: 'java.lang.Object java.lang.invoke.Invokers$Holder.linkToTargetMethod(java.lang.Object, java.lang.Object, java.lang.Object, java.lang.Object, java.lang.Object, java.lang.Object, java.lang.Object, java.lang.Object, java.lang.Object, java.lang.Object, java.lang.Object)'> (0x0000000084b306c0) thrown at [./src/hotspot/share/interpreter/linkResolver.cpp, line 773]
Event: 128.078 Thread 0x0000017a0811c800 Exception <a 'java/lang/NoSuchMethodError'{0x0000000084bc8018}: 'java.lang.Object java.lang.invoke.DirectMethodHandle$Holder.invokeSpecial(java.lang.Object, java.lang.Object, java.lang.Object, java.lang.Object, java.lang.Object, java.lang.Object, java.lang.Object, java.lang.Object, java.lang.Object, java.lang.Object, java.lang.Object, java.lang.Object, java.lang.Object, java.lang.Object)'> (0x0000000084bc8018) thrown at [./src/hotspot/share/interpreter/linkResolver.cpp, line 773]
Event: 128.078 Thread 0x0000017a0811c800 Exception <a 'java/lang/NoSuchMethodError'{0x0000000084bd9880}: 'java.lang.Object java.lang.invoke.Invokers$Holder.linkToTargetMethod(java.lang.Object, java.lang.Object, java.lang.Object, java.lang.Object, java.lang.Object, java.lang.Object, java.lang.Object, java.lang.Object, java.lang.Object, java.lang.Object, java.lang.Object, java.lang.Object)'> (0x0000000084bd9880) thrown at [./src/hotspot/share/interpreter/linkResolver.cpp, line 773]
Event: 128.433 Thread 0x0000017a0811c800 Exception <a 'java/lang/NoSuchMethodError'{0x0000000084aed3d0}: 'java.lang.Object java.lang.invoke.DirectMethodHandle$Holder.invokeStaticInit(java.lang.Object, java.lang.Object, java.lang.Object, java.lang.Object)'> (0x0000000084aed3d0) thrown at [./src/hotspot/share/interpreter/linkResolver.cpp, line 773]
Event: 130.871 Thread 0x0000017a0811c800 Exception <a 'java/lang/NoSuchMethodError'{0x0000000087047870}: 'java.lang.Object java.lang.invoke.Invokers$Holder.linkToTargetMethod(java.lang.Object, java.lang.Object, java.lang.Object, java.lang.Object, java.lang.Object, java.lang.Object, java.lang.Object, java.lang.Object)'> (0x0000000087047870) thrown at [./src/hotspot/share/interpreter/linkResolver.cpp, line 773]
Event: 130.878 Thread 0x0000017a0811c800 Exception <a 'java/lang/IncompatibleClassChangeError'{0x00000000870c9780}: Found class java.lang.Object, but interface was expected> (0x00000000870c9780) thrown at [./src/hotspot/share/interpreter/linkResolver.cpp, line 839]
Event: 131.721 Thread 0x0000017a0811c800 Exception <a 'java/lang/NoSuchMethodError'{0x00000000869eac40}: 'java.lang.Object java.lang.invoke.Invokers$Holder.linkToTargetMethod(java.lang.Object, int, int, java.lang.Object)'> (0x00000000869eac40) thrown at [./src/hotspot/share/interpreter/linkResolver.cpp, line 773]
Event: 131.724 Thread 0x0000017a0811c800 Exception <a 'java/lang/NoSuchMethodError'{0x0000000086801d58}: 'java.lang.Object java.lang.invoke.DirectMethodHandle$Holder.invokeStatic(java.lang.Object, java.lang.Object, int, int, java.lang.Object, java.lang.Object)'> (0x0000000086801d58) thrown at [./src/hotspot/share/interpreter/linkResolver.cpp, line 773]
Event: 137.689 Thread 0x0000017a0811c800 Exception <a 'java/lang/NoSuchMethodError'{0x0000000086242098}: 'void java.lang.invoke.DirectMethodHandle$Holder.invokeStaticInit(java.lang.Object, java.lang.Object, java.lang.Object)'> (0x0000000086242098) thrown at [./src/hotspot/share/interpreter/linkResolver.cpp, line 773]
Event: 137.690 Thread 0x0000017a0811c800 Exception <a 'java/lang/NoSuchMethodError'{0x00000000862492b0}: 'void java.lang.invoke.DirectMethodHandle$Holder.invokeStaticInit(java.lang.Object, java.lang.Object, java.lang.Object, java.lang.Object)'> (0x00000000862492b0) thrown at [./src/hotspot/share/interpreter/linkResolver.cpp, line 773]
Event: 137.694 Thread 0x0000017a0811c800 Exception <a 'java/lang/NoSuchMethodError'{0x000000008626bb18}: 'void java.lang.invoke.DirectMethodHandle$Holder.invokeStaticInit(java.lang.Object, java.lang.Object, java.lang.Object, java.lang.Object, java.lang.Object)'> (0x000000008626bb18) thrown at [./src/hotspot/share/interpreter/linkResolver.cpp, line 773]
Event: 137.695 Thread 0x0000017a0811c800 Exception <a 'java/lang/NoSuchMethodError'{0x00000000862734b0}: 'int java.lang.invoke.DirectMethodHandle$Holder.invokeStaticInit(java.lang.Object, java.lang.Object, java.lang.Object)'> (0x00000000862734b0) thrown at [./src/hotspot/share/interpreter/linkResolver.cpp, line 773]
Event: 137.932 Thread 0x0000017a0811c800 Exception <a 'java/lang/NoSuchMethodError'{0x00000000862d0af0}: 'int java.lang.invoke.DirectMethodHandle$Holder.invokeStaticInit(java.lang.Object, java.lang.Object, java.lang.Object, java.lang.Object)'> (0x00000000862d0af0) thrown at [./src/hotspot/share/interpreter/linkResolver.cpp, line 773]

Events (20 events):
Event: 143.827 loading class java/time/LocalDateTime done
Event: 143.827 loading class java/time/ZonedDateTime
Event: 143.827 loading class java/time/chrono/ChronoZonedDateTime
Event: 143.847 loading class java/time/chrono/ChronoZonedDateTime done
Event: 143.848 loading class java/time/ZonedDateTime done
Event: 143.848 loading class java/time/YearMonth
Event: 144.029 loading class java/time/YearMonth done
Event: 144.029 loading class java/time/Year
Event: 144.030 loading class java/time/Year done
Event: 144.030 loading class java/time/LocalTime
Event: 144.030 loading class java/time/LocalTime done
Event: 144.030 loading class java/time/Instant
Event: 144.031 loading class java/time/Instant done
Event: 144.031 loading class java/time/LocalDate
Event: 144.031 loading class java/time/chrono/ChronoLocalDate
Event: 144.031 loading class java/time/chrono/ChronoLocalDate done
Event: 144.031 loading class java/time/LocalDate done
Event: 144.031 loading class java/time/OffsetDateTime
Event: 144.039 loading class java/time/OffsetDateTime done
Event: 144.039 loading class java/time/format/FormatStyle


Dynamic libraries:
0x00007ff74a330000 - 0x00007ff74a33d000 	C:\Program Files\Microsoft\jdk-11.0.18.10-hotspot\bin\java.exe
0x00007ffe3b5f0000 - 0x00007ffe3b7e7000 	C:\WINDOWS\SYSTEM32\ntdll.dll
0x00007ffe3a950000 - 0x00007ffe3aa0d000 	C:\WINDOWS\System32\KERNEL32.DLL
0x00007ffe38dc0000 - 0x00007ffe390b6000 	C:\WINDOWS\System32\KERNELBASE.dll
0x00007ffe39550000 - 0x00007ffe39650000 	C:\WINDOWS\System32\ucrtbase.dll
0x00007ffe2ded0000 - 0x00007ffe2dee7000 	C:\Program Files\Microsoft\jdk-11.0.18.10-hotspot\bin\jli.dll
0x00007ffe3b3e0000 - 0x00007ffe3b57e000 	C:\WINDOWS\System32\USER32.dll
0x00007ffe392d0000 - 0x00007ffe392f2000 	C:\WINDOWS\System32\win32u.dll
0x00007ffe39eb0000 - 0x00007ffe39edc000 	C:\WINDOWS\System32\GDI32.dll
0x00007ffe39390000 - 0x00007ffe394aa000 	C:\WINDOWS\System32\gdi32full.dll
0x00007ffe394b0000 - 0x00007ffe3954d000 	C:\WINDOWS\System32\msvcp_win.dll
0x00007ffe33cc0000 - 0x00007ffe33cd5000 	C:\Program Files\Microsoft\jdk-11.0.18.10-hotspot\bin\VCRUNTIME140.dll
0x00007ffe13040000 - 0x00007ffe132da000 	C:\WINDOWS\WinSxS\amd64_microsoft.windows.common-controls_6595b64144ccf1df_6.0.19041.3570_none_60bb2a3971f3e41a\COMCTL32.dll
0x00007ffe399e0000 - 0x00007ffe39a7e000 	C:\WINDOWS\System32\msvcrt.dll
0x00007ffe3b580000 - 0x00007ffe3b5b0000 	C:\WINDOWS\System32\IMM32.DLL
0x00007ffe2de30000 - 0x00007ffe2decb000 	C:\Program Files\Microsoft\jdk-11.0.18.10-hotspot\bin\msvcp140.dll
0x00007ffddd820000 - 0x00007ffdde3b2000 	C:\Program Files\Microsoft\jdk-11.0.18.10-hotspot\bin\server\jvm.dll
0x00007ffe39a90000 - 0x00007ffe39b3e000 	C:\WINDOWS\System32\ADVAPI32.dll
0x00007ffe3a510000 - 0x00007ffe3a5ac000 	C:\WINDOWS\System32\sechost.dll
0x00007ffe3b250000 - 0x00007ffe3b376000 	C:\WINDOWS\System32\RPCRT4.dll
0x00007ffe39ea0000 - 0x00007ffe39ea8000 	C:\WINDOWS\System32\PSAPI.DLL
0x00007ffe2bc30000 - 0x00007ffe2bc39000 	C:\WINDOWS\SYSTEM32\WSOCK32.dll
0x00007ffe3aa10000 - 0x00007ffe3aa7b000 	C:\WINDOWS\System32\WS2_32.dll
0x00007ffe29170000 - 0x00007ffe29197000 	C:\WINDOWS\SYSTEM32\WINMM.dll
0x00007ffe2bcd0000 - 0x00007ffe2bcda000 	C:\WINDOWS\SYSTEM32\VERSION.dll
0x00007ffe36ab0000 - 0x00007ffe36ac2000 	C:\WINDOWS\SYSTEM32\kernel.appcore.dll
0x00007ffe35460000 - 0x00007ffe35470000 	C:\Program Files\Microsoft\jdk-11.0.18.10-hotspot\bin\verify.dll
0x00007ffe2b3b0000 - 0x00007ffe2b594000 	C:\WINDOWS\SYSTEM32\DBGHELP.DLL
0x00007ffe2a520000 - 0x00007ffe2a554000 	C:\WINDOWS\SYSTEM32\dbgcore.DLL
0x00007ffe39300000 - 0x00007ffe39382000 	C:\WINDOWS\System32\bcryptPrimitives.dll
0x00007ffe2de00000 - 0x00007ffe2de28000 	C:\Program Files\Microsoft\jdk-11.0.18.10-hotspot\bin\java.dll
0x00007ffe33cb0000 - 0x00007ffe33cba000 	C:\Program Files\Microsoft\jdk-11.0.18.10-hotspot\bin\jimage.dll
0x00007ffe2dde0000 - 0x00007ffe2ddf8000 	C:\Program Files\Microsoft\jdk-11.0.18.10-hotspot\bin\zip.dll
0x00007ffe3ab00000 - 0x00007ffe3b244000 	C:\WINDOWS\System32\SHELL32.dll
0x00007ffe36d90000 - 0x00007ffe3752b000 	C:\WINDOWS\SYSTEM32\windows.storage.dll
0x00007ffe39b40000 - 0x00007ffe39e94000 	C:\WINDOWS\System32\combase.dll
0x00007ffe386a0000 - 0x00007ffe386cd000 	C:\WINDOWS\SYSTEM32\Wldp.dll
0x00007ffe3a780000 - 0x00007ffe3a82d000 	C:\WINDOWS\System32\SHCORE.dll
0x00007ffe3b380000 - 0x00007ffe3b3d5000 	C:\WINDOWS\System32\shlwapi.dll
0x00007ffe38c00000 - 0x00007ffe38c25000 	C:\WINDOWS\SYSTEM32\profapi.dll
0x00007ffe18c10000 - 0x00007ffe18c29000 	C:\Program Files\Microsoft\jdk-11.0.18.10-hotspot\bin\net.dll
0x00007ffe327f0000 - 0x00007ffe328fa000 	C:\WINDOWS\SYSTEM32\WINHTTP.dll
0x00007ffe38400000 - 0x00007ffe3846a000 	C:\WINDOWS\system32\mswsock.dll
0x00007ffe18a50000 - 0x00007ffe18a63000 	C:\Program Files\Microsoft\jdk-11.0.18.10-hotspot\bin\nio.dll
0x00007ffe14fa0000 - 0x00007ffe14fc7000 	C:\Users\Riyad\.gradle\native\68d5fa5c4cc2d200863cafc0d521ce42e7d3e7ee720ec0a83991735586a16f82\windows-amd64\native-platform.dll
0x00007ffe0bff0000 - 0x00007ffe0c134000 	C:\Users\Riyad\.gradle\native\e376f236ea51e6404a007f0833ffe2c6e607c4080706a723a18a27aeea778392\windows-amd64\native-platform-file-events.dll
0x00007ffe2af50000 - 0x00007ffe2af59000 	C:\Program Files\Microsoft\jdk-11.0.18.10-hotspot\bin\management.dll
0x00007ffe22100000 - 0x00007ffe2210b000 	C:\Program Files\Microsoft\jdk-11.0.18.10-hotspot\bin\management_ext.dll
0x00007ffe385f0000 - 0x00007ffe38608000 	C:\WINDOWS\SYSTEM32\CRYPTSP.dll
0x00007ffe37d10000 - 0x00007ffe37d44000 	C:\WINDOWS\system32\rsaenh.dll
0x00007ffe38cd0000 - 0x00007ffe38cf7000 	C:\WINDOWS\System32\bcrypt.dll
0x00007ffe38b70000 - 0x00007ffe38b9e000 	C:\WINDOWS\SYSTEM32\USERENV.dll
0x00007ffe38610000 - 0x00007ffe3861c000 	C:\WINDOWS\SYSTEM32\CRYPTBASE.dll
0x00007ffe380f0000 - 0x00007ffe3812b000 	C:\WINDOWS\SYSTEM32\IPHLPAPI.DLL
0x00007ffe39a80000 - 0x00007ffe39a88000 	C:\WINDOWS\System32\NSI.dll
0x00007ffe33040000 - 0x00007ffe33057000 	C:\WINDOWS\SYSTEM32\dhcpcsvc6.DLL
0x00007ffe32fb0000 - 0x00007ffe32fcd000 	C:\WINDOWS\SYSTEM32\dhcpcsvc.DLL
0x00007ffe38130000 - 0x00007ffe381fa000 	C:\WINDOWS\SYSTEM32\DNSAPI.dll

dbghelp: loaded successfully - version: 4.0.5 - missing functions: none
symbol engine: initialized successfully - sym options: 0x614 - pdb path: .;C:\Program Files\Microsoft\jdk-11.0.18.10-hotspot\bin;C:\WINDOWS\SYSTEM32;C:\WINDOWS\WinSxS\amd64_microsoft.windows.common-controls_6595b64144ccf1df_6.0.19041.3570_none_60bb2a3971f3e41a;C:\Program Files\Microsoft\jdk-11.0.18.10-hotspot\bin\server;C:\Users\Riyad\.gradle\native\68d5fa5c4cc2d200863cafc0d521ce42e7d3e7ee720ec0a83991735586a16f82\windows-amd64;C:\Users\Riyad\.gradle\native\e376f236ea51e6404a007f0833ffe2c6e607c4080706a723a18a27aeea778392\windows-amd64

VM Arguments:
jvm_args: -XX:MaxMetaspaceSize=512m --add-opens=java.base/java.util=ALL-UNNAMED --add-opens=java.base/java.lang=ALL-UNNAMED --add-opens=java.base/java.lang.invoke=ALL-UNNAMED --add-opens=java.prefs/java.util.prefs=ALL-UNNAMED --add-opens=java.base/java.nio.charset=ALL-UNNAMED --add-opens=java.base/java.net=ALL-UNNAMED --add-opens=java.base/java.util.concurrent.atomic=ALL-UNNAMED -Xmx2048m -Dfile.encoding=windows-1252 -Duser.country=US -Duser.language=en -Duser.variant 
java_command: org.gradle.launcher.daemon.bootstrap.GradleDaemon 8.0.1
java_class_path (initial): C:\Users\Riyad\.gradle\wrapper\dists\gradle-8.0.1-all\aro4hu1c3oeioove7l0i4i14o\gradle-8.0.1\lib\gradle-launcher-8.0.1.jar
Launcher Type: SUN_STANDARD

[Global flags]
     intx CICompilerCount                          = 3                                         {product} {ergonomic}
   size_t CompressedClassSpaceSize                 = 528482304                                 {product} {ergonomic}
     uint ConcGCThreads                            = 1                                         {product} {ergonomic}
     uint G1ConcRefinementThreads                  = 4                                         {product} {ergonomic}
   size_t G1HeapRegionSize                         = 1048576                                   {product} {ergonomic}
    uintx GCDrainStackTargetSize                   = 64                                        {product} {ergonomic}
   size_t InitialHeapSize                          = 132120576                                 {product} {ergonomic}
   size_t MarkStackSize                            = 4194304                                   {product} {ergonomic}
   size_t MaxHeapSize                              = 2147483648                                {product} {command line}
   size_t MaxMetaspaceSize                         = 536870912                                 {product} {command line}
   size_t MaxNewSize                               = 1287651328                                {product} {ergonomic}
   size_t MinHeapDeltaBytes                        = 1048576                                   {product} {ergonomic}
    uintx NonNMethodCodeHeapSize                   = 5830732                                {pd product} {ergonomic}
    uintx NonProfiledCodeHeapSize                  = 122913754                              {pd product} {ergonomic}
    uintx ProfiledCodeHeapSize                     = 122913754                              {pd product} {ergonomic}
    uintx ReservedCodeCacheSize                    = 251658240                              {pd product} {ergonomic}
     bool SegmentedCodeCache                       = true                                      {product} {ergonomic}
     bool UseCompressedClassPointers               = true                                 {lp64_product} {ergonomic}
     bool UseCompressedOops                        = true                                 {lp64_product} {ergonomic}
     bool UseG1GC                                  = true                                      {product} {ergonomic}
     bool UseLargePagesIndividualAllocation        = false                                  {pd product} {ergonomic}

Logging:
Log output configuration:
 #0: stdout all=warning uptime,level,tags
 #1: stderr all=off uptime,level,tags

Environment Variables:
JAVA_HOME=C:\Program Files\Microsoft\jdk-11.0.18.10-hotspot\
CLASSPATH=G:\testProject\testApp\android\\gradle\wrapper\gradle-wrapper.jar
PATH=G:\testProject\testApp\node_modules\.bin;G:\testProject\testApp\node_modules\.bin;G:\testProject\node_modules\.bin;G:\node_modules\.bin;C:\Program Files\nodejs\node_modules\npm\node_modules\@npmcli\run-script\lib\node-gyp-bin;G:\testProject\testApp\node_modules\.bin;G:\testProject\testApp\node_modules\.bin;G:\testProject\node_modules\.bin;G:\node_modules\.bin;C:\Program Files\nodejs\node_modules\npm\node_modules\@npmcli\run-script\lib\node-gyp-bin;C:\Program Files\Microsoft\jdk-11.0.18.10-hotspot\bin;C:\WINDOWS\system32;C:\WINDOWS;C:\WINDOWS\System32\Wbem;C:\WINDOWS\System32\WindowsPowerShell\v1.0\;C:\Program Files\Microsoft SQL Server\Client SDK\ODBC\170\Tools\Binn\;C:\Program Files (x86)\Microsoft SQL Server\150\Tools\Binn\;C:\Program Files\Microsoft SQL Server\150\Tools\Binn\;C:\Program Files\Microsoft SQL Server\150\DTS\Binn\;C:\Program Files\dotnet\;C:\Program Files\Microsoft SQL Server\130\Tools\Binn\;C:\Program Files (x86)\Microsoft SQL Server\150\DTS\Binn\;C:\Program Files\TortoiseSVN\bin;C:\WINDOWS\System32\OpenSSH\;C:\Program Files\Microsoft SQL Server\160\DAC\bin;C:\Program Files\Microsoft\jdk-11.0.18.10-hotspot\\bin;C:\ProgramData\chocolatey\bin;C:\Program Files\nodejs\;C:\Users\Riyad\AppData\Local\Android\Sdk\platform-tools;C:\Android;C:\Windows\System32;C:\Program Files\Git\cmd;C:\Users\Riyad\AppData\Local\Programs\Python\Python310\Scripts\;C:\Users\Riyad\AppData\Local\Programs\Python\Python310\;C:\WINDOWS\system32;C:\WINDOWS;C:\WINDOWS\System32\Wbem;C:\WINDOWS\System32\WindowsPowerShell\v1.0\;C:\Program Files\Microsoft SQL Server\Client SDK\ODBC\170\Tools\Binn\;C:\Program Files (x86)\Microsoft SQL Server\150\Tools\Binn\;C:\Program Files\Microsoft SQL Server\150\Tools\Binn\;C:\Program Files\Microsoft SQL Server\150\DTS\Binn\;C:\Program Files\dotnet\;C:\Program Files\Microsoft SQL Server\130\Tools\Binn\;C:\Program Files (x86)\Microsoft SQL Server\150\DTS\Binn\;C:\Program Files\Azure Data Studio\bin;C:\Program Files\TortoiseSVN\bin;C:\Program Files\nod
USERNAME=Riyad
LANG=en_US.UTF-8
OS=Windows_NT
PROCESSOR_IDENTIFIER=Intel64 Family 6 Model 58 Stepping 9, GenuineIntel
TMP=C:\Users\Riyad\AppData\Local\Temp
TEMP=C:\Users\Riyad\AppData\Local\Temp



---------------  S Y S T E M  ---------------

OS: Windows 10 , 64 bit Build 19041 (10.0.19041.3570)
OS uptime: 0 days 2:15 hours

CPU:total 4 (initial active 4) (4 cores per cpu, 1 threads per core) family 6 model 58 stepping 9 microcode 0x21, cmov, cx8, fxsr, mmx, sse, sse2, sse3, ssse3, sse4.1, sse4.2, popcnt, avx, aes, clmul, erms, tsc, tscinvbit, tscinv

Memory: 4k page, system-wide physical 8028M (143M free)
TotalPageFile size 15011M (AvailPageFile size 130M)
current process WorkingSet (physical memory assigned to process): 195M, peak: 197M
current process commit charge ("private bytes"): 287M, peak: 288M

vm_info: OpenJDK 64-Bit Server VM (11.0.18+10-LTS) for windows-amd64 JRE (11.0.18+10-LTS), built on Jan 18 2023 15:56:47 by "MicrosoftCorporation" with MS VC++ 15.9 (VS2017)

END.
