#
# There is insufficient memory for the Java Runtime Environment to continue.
# Native memory allocation (malloc) failed to allocate 32744 bytes for ChunkPool::allocate
# Possible reasons:
#   The system is out of physical RAM or swap space
#   The process is running with CompressedOops enabled, and the Java Heap may be blocking the growth of the native heap
# Possible solutions:
#   Reduce memory load on the system
#   Increase physical memory or swap space
#   Check if swap backing store is full
#   Decrease Java heap size (-Xmx/-Xms)
#   Decrease number of Java threads
#   Decrease Java thread stack sizes (-Xss)
#   Set larger code cache with -XX:ReservedCodeCacheSize=
#   JVM is running with Unscaled Compressed Oops mode in which the Java heap is
#     placed in the first 4GB address space. The Java Heap base address is the
#     maximum limit for the native heap growth. Please use -XX:HeapBaseMinAddress
#     to set the Java Heap base and to place the Java Heap above 4GB virtual address.
# This output file may be truncated or incomplete.
#
#  Out of Memory Error (./src/hotspot/share/memory/arena.cpp:81), pid=15136, tid=17032
#
# JRE version: OpenJDK Runtime Environment Microsoft-7208460 (11.0.18+10) (build 11.0.18+10-LTS)
# Java VM: OpenJDK 64-Bit Server VM Microsoft-7208460 (11.0.18+10-LTS, mixed mode, tiered, compressed oops, g1 gc, windows-amd64)
# No core dump will be written. Minidumps are not enabled by default on client versions of Windows
#

---------------  S U M M A R Y ------------

Command Line: -XX:MaxMetaspaceSize=512m --add-opens=java.base/java.util=ALL-UNNAMED --add-opens=java.base/java.lang=ALL-UNNAMED --add-opens=java.base/java.lang.invoke=ALL-UNNAMED --add-opens=java.prefs/java.util.prefs=ALL-UNNAMED --add-opens=java.base/java.nio.charset=ALL-UNNAMED --add-opens=java.base/java.net=ALL-UNNAMED --add-opens=java.base/java.util.concurrent.atomic=ALL-UNNAMED -Xmx2048m -Dfile.encoding=windows-1252 -Duser.country=US -Duser.language=en -Duser.variant org.gradle.launcher.daemon.bootstrap.GradleDaemon 8.0.1

Host: Intel(R) Core(TM) i5-3470 CPU @ 3.20GHz, 4 cores, 7G,  Windows 10 , 64 bit Build 19041 (10.0.19041.3570)
Time: Tue Nov  7 11:32:29 2023 Bangladesh Standard Time elapsed time: 144.984234 seconds (0d 0h 2m 24s)

---------------  T H R E A D  ---------------

Current thread (0x000001bafaf37000):  JavaThread "C2 CompilerThread0" daemon [_thread_in_native, id=17032, stack(0x0000003e05a00000,0x0000003e05b00000)]


Current CompileTask:
C2: 144984 3051       4       jdk.internal.loader.URLClassPath::getResource (74 bytes)

Stack: [0x0000003e05a00000,0x0000003e05b00000]
Native frames: (J=compiled Java code, j=interpreted, Vv=VM code, C=native code)
V  [jvm.dll+0x62bf8a]
V  [jvm.dll+0x7b8fb9]
V  [jvm.dll+0x7ba6a8]
V  [jvm.dll+0x7bad83]
V  [jvm.dll+0x250248]
V  [jvm.dll+0xc286b]
V  [jvm.dll+0xc2bcc]
V  [jvm.dll+0x363938]
V  [jvm.dll+0x362de1]
V  [jvm.dll+0x362e24]
V  [jvm.dll+0x518da6]
V  [jvm.dll+0x519512]
V  [jvm.dll+0x32a3a2]
V  [jvm.dll+0x3296aa]
V  [jvm.dll+0x2093b3]
V  [jvm.dll+0x20850d]
V  [jvm.dll+0x18a4b1]
V  [jvm.dll+0x217eec]
V  [jvm.dll+0x21612b]
V  [jvm.dll+0x77bac0]
V  [jvm.dll+0x7749f4]
V  [jvm.dll+0x62adf5]
C  [ucrtbase.dll+0x21bb2]
C  [KERNEL32.DLL+0x17344]
C  [ntdll.dll+0x526b1]


---------------  P R O C E S S  ---------------

Threads class SMR info:
_java_thread_list=0x000001bafd32c030, length=31, elements={
0x000001bada702800, 0x000001bafaee1800, 0x000001bafaee3800, 0x000001bafaf32800,
0x000001bafaf35000, 0x000001bafaf36000, 0x000001bafaf37000, 0x000001bafb842800,
0x000001bafb8ab800, 0x000001bafb9a5800, 0x000001bafc86e000, 0x000001bafd647800,
0x000001bafd646000, 0x000001bafd645000, 0x000001bafd647000, 0x000001bafd648800,
0x000001bafd642800, 0x000001bafd649800, 0x000001bafd644800, 0x000001bafcf0e000,
0x000001bafcf10800, 0x000001bafcf0c000, 0x000001bafcf0f800, 0x000001bafcf11000,
0x000001bafcf0e800, 0x000001bafcf12000, 0x000001bafcf12800, 0x000001bafcf0d000,
0x000001bafcf17800, 0x000001bafcf13800, 0x000001bafcf15000
}

Java Threads: ( => current thread )
  0x000001bada702800 JavaThread "main" [_thread_blocked, id=13732, stack(0x0000003e04e00000,0x0000003e04f00000)]
  0x000001bafaee1800 JavaThread "Reference Handler" daemon [_thread_blocked, id=15584, stack(0x0000003e05500000,0x0000003e05600000)]
  0x000001bafaee3800 JavaThread "Finalizer" daemon [_thread_blocked, id=13920, stack(0x0000003e05600000,0x0000003e05700000)]
  0x000001bafaf32800 JavaThread "Signal Dispatcher" daemon [_thread_blocked, id=12576, stack(0x0000003e05700000,0x0000003e05800000)]
  0x000001bafaf35000 JavaThread "Attach Listener" daemon [_thread_blocked, id=15308, stack(0x0000003e05800000,0x0000003e05900000)]
  0x000001bafaf36000 JavaThread "Service Thread" daemon [_thread_blocked, id=16288, stack(0x0000003e05900000,0x0000003e05a00000)]
=>0x000001bafaf37000 JavaThread "C2 CompilerThread0" daemon [_thread_in_native, id=17032, stack(0x0000003e05a00000,0x0000003e05b00000)]
  0x000001bafb842800 JavaThread "C1 CompilerThread0" daemon [_thread_blocked, id=12972, stack(0x0000003e05b00000,0x0000003e05c00000)]
  0x000001bafb8ab800 JavaThread "Sweeper thread" daemon [_thread_blocked, id=14196, stack(0x0000003e05c00000,0x0000003e05d00000)]
  0x000001bafb9a5800 JavaThread "Common-Cleaner" daemon [_thread_blocked, id=14316, stack(0x0000003e05d00000,0x0000003e05e00000)]
  0x000001bafc86e000 JavaThread "Daemon health stats" [_thread_blocked, id=14536, stack(0x0000003e06100000,0x0000003e06200000)]
  0x000001bafd647800 JavaThread "Incoming local TCP Connector on port 51109" [_thread_in_native, id=18124, stack(0x0000003e04d00000,0x0000003e04e00000)]
  0x000001bafd646000 JavaThread "Daemon periodic checks" [_thread_blocked, id=17644, stack(0x0000003e06200000,0x0000003e06300000)]
  0x000001bafd645000 JavaThread "Daemon" [_thread_blocked, id=5288, stack(0x0000003e06300000,0x0000003e06400000)]
  0x000001bafd647000 JavaThread "Handler for socket connection from /127.0.0.1:51109 to /127.0.0.1:51129" [_thread_in_native, id=4232, stack(0x0000003e06400000,0x0000003e06500000)]
  0x000001bafd648800 JavaThread "Cancel handler" [_thread_blocked, id=4828, stack(0x0000003e06500000,0x0000003e06600000)]
  0x000001bafd642800 JavaThread "Daemon worker" [_thread_in_vm, id=12472, stack(0x0000003e06600000,0x0000003e06700000)]
  0x000001bafd649800 JavaThread "Asynchronous log dispatcher for DefaultDaemonConnection: socket connection from /127.0.0.1:51109 to /127.0.0.1:51129" [_thread_blocked, id=12996, stack(0x0000003e06700000,0x0000003e06800000)]
  0x000001bafd644800 JavaThread "Daemon client event forwarder" [_thread_blocked, id=12428, stack(0x0000003e06b00000,0x0000003e06c00000)]
  0x000001bafcf0e000 JavaThread "Cache worker for journal cache (C:\Users\Riyad\.gradle\caches\journal-1)" [_thread_blocked, id=19020, stack(0x0000003e06c00000,0x0000003e06d00000)]
  0x000001bafcf10800 JavaThread "File lock request listener" [_thread_in_native, id=14148, stack(0x0000003e06d00000,0x0000003e06e00000)]
  0x000001bafcf0c000 JavaThread "Cache worker for file hash cache (C:\Users\Riyad\.gradle\caches\8.0.1\fileHashes)" [_thread_blocked, id=16784, stack(0x0000003e07000000,0x0000003e07100000)]
  0x000001bafcf0f800 JavaThread "File lock release action executor" [_thread_blocked, id=16792, stack(0x0000003e07100000,0x0000003e07200000)]
  0x000001bafcf11000 JavaThread "File watcher server" daemon [_thread_in_native, id=17328, stack(0x0000003e04c00000,0x0000003e04d00000)]
  0x000001bafcf0e800 JavaThread "File watcher consumer" daemon [_thread_blocked, id=17364, stack(0x0000003e07200000,0x0000003e07300000)]
  0x000001bafcf12000 JavaThread "Cache worker for checksums cache (G:\testProject\testApp\android\.gradle\8.0.1\checksums)" [_thread_blocked, id=13532, stack(0x0000003e07300000,0x0000003e07400000)]
  0x000001bafcf12800 JavaThread "Cache worker for cache directory md-rule (C:\Users\Riyad\.gradle\caches\8.0.1\md-rule)" [_thread_blocked, id=17156, stack(0x0000003e06800000,0x0000003e06900000)]
  0x000001bafcf0d000 JavaThread "Cache worker for file content cache (C:\Users\Riyad\.gradle\caches\8.0.1\fileContent)" [_thread_blocked, id=1260, stack(0x0000003e07400000,0x0000003e07500000)]
  0x000001bafcf17800 JavaThread "Cache worker for file hash cache (G:\testProject\testApp\android\.gradle\8.0.1\fileHashes)" [_thread_blocked, id=7684, stack(0x0000003e07500000,0x0000003e07600000)]
  0x000001bafcf13800 JavaThread "Cache worker for cache directory md-supplier (C:\Users\Riyad\.gradle\caches\8.0.1\md-supplier)" [_thread_blocked, id=9696, stack(0x0000003e07600000,0x0000003e07700000)]
  0x000001bafcf15000 JavaThread "Cache worker for execution history cache (C:\Users\Riyad\.gradle\caches\8.0.1\executionHistory)" [_thread_blocked, id=17300, stack(0x0000003e07700000,0x0000003e07800000)]

Other Threads:
  0x000001bafaeca800 VMThread "VM Thread" [stack: 0x0000003e05400000,0x0000003e05500000] [id=16220]
  0x000001bafb9bb000 WatcherThread [stack: 0x0000003e05e00000,0x0000003e05f00000] [id=15580]
  0x000001bada71b000 GCTaskThread "GC Thread#0" [stack: 0x0000003e04f00000,0x0000003e05000000] [id=13368]
  0x000001bafbbcc000 GCTaskThread "GC Thread#1" [stack: 0x0000003e05f00000,0x0000003e06000000] [id=13360]
  0x000001bafbd15800 GCTaskThread "GC Thread#2" [stack: 0x0000003e06000000,0x0000003e06100000] [id=13012]
  0x000001bafca44800 GCTaskThread "GC Thread#3" [stack: 0x0000003e06900000,0x0000003e06a00000] [id=16936]
  0x000001bada74c800 ConcurrentGCThread "G1 Main Marker" [stack: 0x0000003e05000000,0x0000003e05100000] [id=6996]
  0x000001bada74e000 ConcurrentGCThread "G1 Conc#0" [stack: 0x0000003e05100000,0x0000003e05200000] [id=11944]
  0x000001bada7d9000 ConcurrentGCThread "G1 Refine#0" [stack: 0x0000003e05200000,0x0000003e05300000] [id=10588]
  0x000001bafc2fe800 ConcurrentGCThread "G1 Refine#1" [stack: 0x0000003e06a00000,0x0000003e06b00000] [id=15696]
  0x000001bada7da000 ConcurrentGCThread "G1 Young RemSet Sampling" [stack: 0x0000003e05300000,0x0000003e05400000] [id=4312]

Threads with active compile tasks:
C2 CompilerThread0   147269 3051       4       jdk.internal.loader.URLClassPath::getResource (74 bytes)

VM state:not at safepoint (normal execution)

VM Mutex/Monitor currently owned by a thread: None

Heap address: 0x0000000080000000, size: 2048 MB, Compressed Oops mode: 32-bit
Narrow klass base: 0x0000000000000000, Narrow klass shift: 3
Compressed class space size: 528482304 Address: 0x0000000100000000

Heap:
 garbage-first heap   total 129024K, used 58000K [0x0000000080000000, 0x0000000100000000)
  region size 1024K, 42 young (43008K), 5 survivors (5120K)
 Metaspace       used 34702K, capacity 35548K, committed 35760K, reserved 548864K
  class space    used 4437K, capacity 4783K, committed 4864K, reserved 516096K
Heap Regions: E=young(eden), S=young(survivor), O=old, HS=humongous(starts), HC=humongous(continues), CS=collection set, F=free, A=archive, TAMS=top-at-mark-start (previous, next)
|   0|0x0000000080000000, 0x0000000080100000, 0x0000000080100000|100%| O|  |TAMS 0x0000000080100000, 0x0000000080000000| Untracked 
|   1|0x0000000080100000, 0x0000000080200000, 0x0000000080200000|100%| O|  |TAMS 0x0000000080200000, 0x0000000080100000| Untracked 
|   2|0x0000000080200000, 0x0000000080300000, 0x0000000080300000|100%| O|  |TAMS 0x0000000080300000, 0x0000000080200000| Untracked 
|   3|0x0000000080300000, 0x0000000080400000, 0x0000000080400000|100%|HS|  |TAMS 0x0000000080400000, 0x0000000080300000| Complete 
|   4|0x0000000080400000, 0x0000000080500000, 0x0000000080500000|100%|HC|  |TAMS 0x0000000080500000, 0x0000000080400000| Complete 
|   5|0x0000000080500000, 0x0000000080600000, 0x0000000080600000|100%|HC|  |TAMS 0x0000000080600000, 0x0000000080500000| Complete 
|   6|0x0000000080600000, 0x0000000080700000, 0x0000000080700000|100%|HC|  |TAMS 0x0000000080700000, 0x0000000080600000| Complete 
|   7|0x0000000080700000, 0x0000000080800000, 0x0000000080800000|100%| O|  |TAMS 0x0000000080800000, 0x0000000080700000| Untracked 
|   8|0x0000000080800000, 0x0000000080900000, 0x0000000080900000|100%| O|  |TAMS 0x0000000080900000, 0x0000000080800000| Untracked 
|   9|0x0000000080900000, 0x0000000080a00000, 0x0000000080a00000|100%| O|  |TAMS 0x0000000080a00000, 0x0000000080900000| Untracked 
|  10|0x0000000080a00000, 0x0000000080b00000, 0x0000000080b00000|100%| O|  |TAMS 0x0000000080b00000, 0x0000000080a00000| Untracked 
|  11|0x0000000080b00000, 0x0000000080c00000, 0x0000000080c00000|100%| O|  |TAMS 0x0000000080c00000, 0x0000000080b00000| Untracked 
|  12|0x0000000080c00000, 0x0000000080d00000, 0x0000000080d00000|100%| O|  |TAMS 0x0000000080d00000, 0x0000000080c00000| Untracked 
|  13|0x0000000080d00000, 0x0000000080e00000, 0x0000000080e00000|100%| O|  |TAMS 0x0000000080e00000, 0x0000000080d00000| Untracked 
|  14|0x0000000080e00000, 0x0000000080f00000, 0x0000000080f00000|100%| O|  |TAMS 0x0000000080f00000, 0x0000000080e00000| Untracked 
|  15|0x0000000080f00000, 0x0000000081000000, 0x0000000081000000|100%| O|  |TAMS 0x0000000081000000, 0x0000000080f00000| Untracked 
|  16|0x0000000081000000, 0x000000008108ae00, 0x0000000081100000| 54%| O|  |TAMS 0x000000008108ae00, 0x0000000081000000| Untracked 
|  17|0x0000000081100000, 0x0000000081100000, 0x0000000081200000|  0%| F|  |TAMS 0x0000000081100000, 0x0000000081100000| Untracked 
|  18|0x0000000081200000, 0x0000000081200000, 0x0000000081300000|  0%| F|  |TAMS 0x0000000081200000, 0x0000000081200000| Untracked 
|  19|0x0000000081300000, 0x0000000081300000, 0x0000000081400000|  0%| F|  |TAMS 0x0000000081300000, 0x0000000081300000| Untracked 
|  20|0x0000000081400000, 0x0000000081400000, 0x0000000081500000|  0%| F|  |TAMS 0x0000000081400000, 0x0000000081400000| Untracked 
|  21|0x0000000081500000, 0x0000000081500000, 0x0000000081600000|  0%| F|  |TAMS 0x0000000081500000, 0x0000000081500000| Untracked 
|  22|0x0000000081600000, 0x0000000081600000, 0x0000000081700000|  0%| F|  |TAMS 0x0000000081600000, 0x0000000081600000| Untracked 
|  23|0x0000000081700000, 0x0000000081700000, 0x0000000081800000|  0%| F|  |TAMS 0x0000000081700000, 0x0000000081700000| Untracked 
|  24|0x0000000081800000, 0x0000000081800000, 0x0000000081900000|  0%| F|  |TAMS 0x0000000081800000, 0x0000000081800000| Untracked 
|  25|0x0000000081900000, 0x0000000081900000, 0x0000000081a00000|  0%| F|  |TAMS 0x0000000081900000, 0x0000000081900000| Untracked 
|  26|0x0000000081a00000, 0x0000000081a00000, 0x0000000081b00000|  0%| F|  |TAMS 0x0000000081a00000, 0x0000000081a00000| Untracked 
|  27|0x0000000081b00000, 0x0000000081b00000, 0x0000000081c00000|  0%| F|  |TAMS 0x0000000081b00000, 0x0000000081b00000| Untracked 
|  28|0x0000000081c00000, 0x0000000081c00000, 0x0000000081d00000|  0%| F|  |TAMS 0x0000000081c00000, 0x0000000081c00000| Untracked 
|  29|0x0000000081d00000, 0x0000000081d00000, 0x0000000081e00000|  0%| F|  |TAMS 0x0000000081d00000, 0x0000000081d00000| Untracked 
|  30|0x0000000081e00000, 0x0000000081e00000, 0x0000000081f00000|  0%| F|  |TAMS 0x0000000081e00000, 0x0000000081e00000| Untracked 
|  31|0x0000000081f00000, 0x0000000081f00000, 0x0000000082000000|  0%| F|  |TAMS 0x0000000081f00000, 0x0000000081f00000| Untracked 
|  32|0x0000000082000000, 0x0000000082000000, 0x0000000082100000|  0%| F|  |TAMS 0x0000000082000000, 0x0000000082000000| Untracked 
|  33|0x0000000082100000, 0x0000000082100000, 0x0000000082200000|  0%| F|  |TAMS 0x0000000082100000, 0x0000000082100000| Untracked 
|  34|0x0000000082200000, 0x0000000082200000, 0x0000000082300000|  0%| F|  |TAMS 0x0000000082200000, 0x0000000082200000| Untracked 
|  35|0x0000000082300000, 0x0000000082300000, 0x0000000082400000|  0%| F|  |TAMS 0x0000000082300000, 0x0000000082300000| Untracked 
|  36|0x0000000082400000, 0x0000000082400000, 0x0000000082500000|  0%| F|  |TAMS 0x0000000082400000, 0x0000000082400000| Untracked 
|  37|0x0000000082500000, 0x0000000082500000, 0x0000000082600000|  0%| F|  |TAMS 0x0000000082500000, 0x0000000082500000| Untracked 
|  38|0x0000000082600000, 0x0000000082600000, 0x0000000082700000|  0%| F|  |TAMS 0x0000000082600000, 0x0000000082600000| Untracked 
|  39|0x0000000082700000, 0x0000000082700000, 0x0000000082800000|  0%| F|  |TAMS 0x0000000082700000, 0x0000000082700000| Untracked 
|  40|0x0000000082800000, 0x0000000082800000, 0x0000000082900000|  0%| F|  |TAMS 0x0000000082800000, 0x0000000082800000| Untracked 
|  41|0x0000000082900000, 0x0000000082900000, 0x0000000082a00000|  0%| F|  |TAMS 0x0000000082900000, 0x0000000082900000| Untracked 
|  42|0x0000000082a00000, 0x0000000082a00000, 0x0000000082b00000|  0%| F|  |TAMS 0x0000000082a00000, 0x0000000082a00000| Untracked 
|  43|0x0000000082b00000, 0x0000000082b00000, 0x0000000082c00000|  0%| F|  |TAMS 0x0000000082b00000, 0x0000000082b00000| Untracked 
|  44|0x0000000082c00000, 0x0000000082c00000, 0x0000000082d00000|  0%| F|  |TAMS 0x0000000082c00000, 0x0000000082c00000| Untracked 
|  45|0x0000000082d00000, 0x0000000082d00000, 0x0000000082e00000|  0%| F|  |TAMS 0x0000000082d00000, 0x0000000082d00000| Untracked 
|  46|0x0000000082e00000, 0x0000000082e00000, 0x0000000082f00000|  0%| F|  |TAMS 0x0000000082e00000, 0x0000000082e00000| Untracked 
|  47|0x0000000082f00000, 0x0000000082f00000, 0x0000000083000000|  0%| F|  |TAMS 0x0000000082f00000, 0x0000000082f00000| Untracked 
|  48|0x0000000083000000, 0x0000000083000000, 0x0000000083100000|  0%| F|  |TAMS 0x0000000083000000, 0x0000000083000000| Untracked 
|  49|0x0000000083100000, 0x0000000083100000, 0x0000000083200000|  0%| F|  |TAMS 0x0000000083100000, 0x0000000083100000| Untracked 
|  50|0x0000000083200000, 0x0000000083200000, 0x0000000083300000|  0%| F|  |TAMS 0x0000000083200000, 0x0000000083200000| Untracked 
|  51|0x0000000083300000, 0x0000000083300000, 0x0000000083400000|  0%| F|  |TAMS 0x0000000083300000, 0x0000000083300000| Untracked 
|  52|0x0000000083400000, 0x0000000083400000, 0x0000000083500000|  0%| F|  |TAMS 0x0000000083400000, 0x0000000083400000| Untracked 
|  53|0x0000000083500000, 0x0000000083500000, 0x0000000083600000|  0%| F|  |TAMS 0x0000000083500000, 0x0000000083500000| Untracked 
|  54|0x0000000083600000, 0x0000000083600000, 0x0000000083700000|  0%| F|  |TAMS 0x0000000083600000, 0x0000000083600000| Untracked 
|  55|0x0000000083700000, 0x0000000083700000, 0x0000000083800000|  0%| F|  |TAMS 0x0000000083700000, 0x0000000083700000| Untracked 
|  56|0x0000000083800000, 0x0000000083800000, 0x0000000083900000|  0%| F|  |TAMS 0x0000000083800000, 0x0000000083800000| Untracked 
|  57|0x0000000083900000, 0x0000000083900000, 0x0000000083a00000|  0%| F|  |TAMS 0x0000000083900000, 0x0000000083900000| Untracked 
|  58|0x0000000083a00000, 0x0000000083a00000, 0x0000000083b00000|  0%| F|  |TAMS 0x0000000083a00000, 0x0000000083a00000| Untracked 
|  59|0x0000000083b00000, 0x0000000083b00000, 0x0000000083c00000|  0%| F|  |TAMS 0x0000000083b00000, 0x0000000083b00000| Untracked 
|  60|0x0000000083c00000, 0x0000000083c00000, 0x0000000083d00000|  0%| F|  |TAMS 0x0000000083c00000, 0x0000000083c00000| Untracked 
|  61|0x0000000083d00000, 0x0000000083d00000, 0x0000000083e00000|  0%| F|  |TAMS 0x0000000083d00000, 0x0000000083d00000| Untracked 
|  62|0x0000000083e00000, 0x0000000083e00000, 0x0000000083f00000|  0%| F|  |TAMS 0x0000000083e00000, 0x0000000083e00000| Untracked 
|  63|0x0000000083f00000, 0x0000000083f00000, 0x0000000084000000|  0%| F|  |TAMS 0x0000000083f00000, 0x0000000083f00000| Untracked 
|  64|0x0000000084000000, 0x00000000840193e8, 0x0000000084100000|  9%| S|CS|TAMS 0x0000000084000000, 0x0000000084000000| Complete 
|  65|0x0000000084100000, 0x0000000084200000, 0x0000000084200000|100%| S|CS|TAMS 0x0000000084100000, 0x0000000084100000| Complete 
|  66|0x0000000084200000, 0x0000000084300000, 0x0000000084300000|100%| S|CS|TAMS 0x0000000084200000, 0x0000000084200000| Complete 
|  67|0x0000000084300000, 0x0000000084400000, 0x0000000084400000|100%| S|CS|TAMS 0x0000000084300000, 0x0000000084300000| Complete 
|  68|0x0000000084400000, 0x0000000084500000, 0x0000000084500000|100%| S|CS|TAMS 0x0000000084400000, 0x0000000084400000| Complete 
|  69|0x0000000084500000, 0x0000000084500000, 0x0000000084600000|  0%| F|  |TAMS 0x0000000084500000, 0x0000000084500000| Untracked 
|  70|0x0000000084600000, 0x0000000084600000, 0x0000000084700000|  0%| F|  |TAMS 0x0000000084600000, 0x0000000084600000| Untracked 
|  71|0x0000000084700000, 0x0000000084700000, 0x0000000084800000|  0%| F|  |TAMS 0x0000000084700000, 0x0000000084700000| Untracked 
|  72|0x0000000084800000, 0x0000000084800000, 0x0000000084900000|  0%| F|  |TAMS 0x0000000084800000, 0x0000000084800000| Untracked 
|  73|0x0000000084900000, 0x0000000084900000, 0x0000000084a00000|  0%| F|  |TAMS 0x0000000084900000, 0x0000000084900000| Untracked 
|  74|0x0000000084a00000, 0x0000000084a00000, 0x0000000084b00000|  0%| F|  |TAMS 0x0000000084a00000, 0x0000000084a00000| Untracked 
|  75|0x0000000084b00000, 0x0000000084b00000, 0x0000000084c00000|  0%| F|  |TAMS 0x0000000084b00000, 0x0000000084b00000| Untracked 
|  76|0x0000000084c00000, 0x0000000084c00000, 0x0000000084d00000|  0%| F|  |TAMS 0x0000000084c00000, 0x0000000084c00000| Untracked 
|  77|0x0000000084d00000, 0x0000000084d00000, 0x0000000084e00000|  0%| F|  |TAMS 0x0000000084d00000, 0x0000000084d00000| Untracked 
|  78|0x0000000084e00000, 0x0000000084e00000, 0x0000000084f00000|  0%| F|  |TAMS 0x0000000084e00000, 0x0000000084e00000| Untracked 
|  79|0x0000000084f00000, 0x0000000084f00000, 0x0000000085000000|  0%| F|  |TAMS 0x0000000084f00000, 0x0000000084f00000| Untracked 
|  80|0x0000000085000000, 0x0000000085000000, 0x0000000085100000|  0%| F|  |TAMS 0x0000000085000000, 0x0000000085000000| Untracked 
|  81|0x0000000085100000, 0x0000000085100000, 0x0000000085200000|  0%| F|  |TAMS 0x0000000085100000, 0x0000000085100000| Untracked 
|  82|0x0000000085200000, 0x0000000085200000, 0x0000000085300000|  0%| F|  |TAMS 0x0000000085200000, 0x0000000085200000| Untracked 
|  83|0x0000000085300000, 0x0000000085300000, 0x0000000085400000|  0%| F|  |TAMS 0x0000000085300000, 0x0000000085300000| Untracked 
|  84|0x0000000085400000, 0x0000000085400000, 0x0000000085500000|  0%| F|  |TAMS 0x0000000085400000, 0x0000000085400000| Untracked 
|  85|0x0000000085500000, 0x0000000085500000, 0x0000000085600000|  0%| F|  |TAMS 0x0000000085500000, 0x0000000085500000| Untracked 
|  86|0x0000000085600000, 0x0000000085600000, 0x0000000085700000|  0%| F|  |TAMS 0x0000000085600000, 0x0000000085600000| Untracked 
|  87|0x0000000085700000, 0x0000000085700000, 0x0000000085800000|  0%| F|  |TAMS 0x0000000085700000, 0x0000000085700000| Untracked 
|  88|0x0000000085800000, 0x0000000085800000, 0x0000000085900000|  0%| F|  |TAMS 0x0000000085800000, 0x0000000085800000| Untracked 
|  89|0x0000000085900000, 0x0000000085a00000, 0x0000000085a00000|100%| E|  |TAMS 0x0000000085900000, 0x0000000085900000| Complete 
|  90|0x0000000085a00000, 0x0000000085b00000, 0x0000000085b00000|100%| E|CS|TAMS 0x0000000085a00000, 0x0000000085a00000| Complete 
|  91|0x0000000085b00000, 0x0000000085c00000, 0x0000000085c00000|100%| E|CS|TAMS 0x0000000085b00000, 0x0000000085b00000| Complete 
|  92|0x0000000085c00000, 0x0000000085d00000, 0x0000000085d00000|100%| E|CS|TAMS 0x0000000085c00000, 0x0000000085c00000| Complete 
|  93|0x0000000085d00000, 0x0000000085e00000, 0x0000000085e00000|100%| E|CS|TAMS 0x0000000085d00000, 0x0000000085d00000| Complete 
|  94|0x0000000085e00000, 0x0000000085f00000, 0x0000000085f00000|100%| E|CS|TAMS 0x0000000085e00000, 0x0000000085e00000| Complete 
|  95|0x0000000085f00000, 0x0000000086000000, 0x0000000086000000|100%| E|CS|TAMS 0x0000000085f00000, 0x0000000085f00000| Complete 
|  96|0x0000000086000000, 0x0000000086100000, 0x0000000086100000|100%| E|CS|TAMS 0x0000000086000000, 0x0000000086000000| Complete 
|  97|0x0000000086100000, 0x0000000086200000, 0x0000000086200000|100%| E|CS|TAMS 0x0000000086100000, 0x0000000086100000| Complete 
|  98|0x0000000086200000, 0x0000000086300000, 0x0000000086300000|100%| E|CS|TAMS 0x0000000086200000, 0x0000000086200000| Complete 
|  99|0x0000000086300000, 0x0000000086400000, 0x0000000086400000|100%| E|CS|TAMS 0x0000000086300000, 0x0000000086300000| Complete 
| 100|0x0000000086400000, 0x0000000086500000, 0x0000000086500000|100%| E|CS|TAMS 0x0000000086400000, 0x0000000086400000| Complete 
| 101|0x0000000086500000, 0x0000000086600000, 0x0000000086600000|100%| E|CS|TAMS 0x0000000086500000, 0x0000000086500000| Complete 
| 102|0x0000000086600000, 0x0000000086700000, 0x0000000086700000|100%| E|CS|TAMS 0x0000000086600000, 0x0000000086600000| Complete 
| 103|0x0000000086700000, 0x0000000086800000, 0x0000000086800000|100%| E|CS|TAMS 0x0000000086700000, 0x0000000086700000| Complete 
| 104|0x0000000086800000, 0x0000000086900000, 0x0000000086900000|100%| E|CS|TAMS 0x0000000086800000, 0x0000000086800000| Complete 
| 105|0x0000000086900000, 0x0000000086a00000, 0x0000000086a00000|100%| E|CS|TAMS 0x0000000086900000, 0x0000000086900000| Complete 
| 106|0x0000000086a00000, 0x0000000086b00000, 0x0000000086b00000|100%| E|CS|TAMS 0x0000000086a00000, 0x0000000086a00000| Complete 
| 107|0x0000000086b00000, 0x0000000086c00000, 0x0000000086c00000|100%| E|CS|TAMS 0x0000000086b00000, 0x0000000086b00000| Complete 
| 108|0x0000000086c00000, 0x0000000086d00000, 0x0000000086d00000|100%| E|CS|TAMS 0x0000000086c00000, 0x0000000086c00000| Complete 
| 109|0x0000000086d00000, 0x0000000086e00000, 0x0000000086e00000|100%| E|CS|TAMS 0x0000000086d00000, 0x0000000086d00000| Complete 
| 110|0x0000000086e00000, 0x0000000086f00000, 0x0000000086f00000|100%| E|CS|TAMS 0x0000000086e00000, 0x0000000086e00000| Complete 
| 111|0x0000000086f00000, 0x0000000087000000, 0x0000000087000000|100%| E|CS|TAMS 0x0000000086f00000, 0x0000000086f00000| Complete 
| 112|0x0000000087000000, 0x0000000087100000, 0x0000000087100000|100%| E|CS|TAMS 0x0000000087000000, 0x0000000087000000| Complete 
| 113|0x0000000087100000, 0x0000000087200000, 0x0000000087200000|100%| E|CS|TAMS 0x0000000087100000, 0x0000000087100000| Complete 
| 114|0x0000000087200000, 0x0000000087300000, 0x0000000087300000|100%| E|CS|TAMS 0x0000000087200000, 0x0000000087200000| Complete 
| 115|0x0000000087300000, 0x0000000087400000, 0x0000000087400000|100%| E|CS|TAMS 0x0000000087300000, 0x0000000087300000| Complete 
| 116|0x0000000087400000, 0x0000000087500000, 0x0000000087500000|100%| E|CS|TAMS 0x0000000087400000, 0x0000000087400000| Complete 
| 117|0x0000000087500000, 0x0000000087600000, 0x0000000087600000|100%| E|CS|TAMS 0x0000000087500000, 0x0000000087500000| Complete 
| 118|0x0000000087600000, 0x0000000087700000, 0x0000000087700000|100%| E|CS|TAMS 0x0000000087600000, 0x0000000087600000| Complete 
| 119|0x0000000087700000, 0x0000000087800000, 0x0000000087800000|100%| E|CS|TAMS 0x0000000087700000, 0x0000000087700000| Complete 
| 120|0x0000000087800000, 0x0000000087900000, 0x0000000087900000|100%| E|CS|TAMS 0x0000000087800000, 0x0000000087800000| Complete 
| 121|0x0000000087900000, 0x0000000087a00000, 0x0000000087a00000|100%| E|CS|TAMS 0x0000000087900000, 0x0000000087900000| Complete 
| 122|0x0000000087a00000, 0x0000000087b00000, 0x0000000087b00000|100%| E|CS|TAMS 0x0000000087a00000, 0x0000000087a00000| Complete 
| 123|0x0000000087b00000, 0x0000000087c00000, 0x0000000087c00000|100%| E|CS|TAMS 0x0000000087b00000, 0x0000000087b00000| Complete 
| 124|0x0000000087c00000, 0x0000000087d00000, 0x0000000087d00000|100%| E|CS|TAMS 0x0000000087c00000, 0x0000000087c00000| Complete 
| 125|0x0000000087d00000, 0x0000000087e00000, 0x0000000087e00000|100%| E|CS|TAMS 0x0000000087d00000, 0x0000000087d00000| Complete 

Card table byte_map: [0x000001baf40b0000,0x000001baf44b0000] _byte_map_base: 0x000001baf3cb0000

Marking Bits (Prev, Next): (CMBitMap*) 0x000001bada743a90, (CMBitMap*) 0x000001bada743a58
 Prev Bits: [0x000001baf68b0000, 0x000001baf88b0000)
 Next Bits: [0x000001baf48b0000, 0x000001baf68b0000)

Polling page: 0x000001bada7e0000

Metaspace:

Usage:
  Non-class:     30.11 MB capacity,    29.57 MB ( 98%) used,   461.81 KB (  1%) free+waste,    83.13 KB ( <1%) overhead. 
      Class:      4.67 MB capacity,     4.33 MB ( 93%) used,   303.05 KB (  6%) free+waste,    41.00 KB ( <1%) overhead. 
       Both:     34.78 MB capacity,    33.91 MB ( 98%) used,   764.87 KB (  2%) free+waste,   124.13 KB ( <1%) overhead. 

Virtual space:
  Non-class space:       32.00 MB reserved,      30.17 MB ( 94%) committed 
      Class space:      504.00 MB reserved,       4.75 MB ( <1%) committed 
             Both:      536.00 MB reserved,      34.92 MB (  7%) committed 

Chunk freelists:
   Non-Class:  3.00 KB
       Class:  17.00 KB
        Both:  20.00 KB

MaxMetaspaceSize: 512.00 MB
CompressedClassSpaceSize: 504.00 MB
Initial GC threshold: 20.80 MB
Current GC threshold: 35.08 MB
CDS: off

CodeHeap 'non-profiled nmethods': size=120064Kb used=1604Kb max_used=1604Kb free=118460Kb
 bounds [0x000001baec150000, 0x000001baec3c0000, 0x000001baf3690000]
CodeHeap 'profiled nmethods': size=120000Kb used=6573Kb max_used=6573Kb free=113426Kb
 bounds [0x000001bae4c20000, 0x000001bae5290000, 0x000001baec150000]
CodeHeap 'non-nmethods': size=5696Kb used=1238Kb max_used=1274Kb free=4457Kb
 bounds [0x000001bae4690000, 0x000001bae4900000, 0x000001bae4c20000]
 total_blobs=3620 nmethods=3101 adapters=431
 compilation: enabled
              stopped_count=0, restarted_count=0
 full_count=0

Compilation events (20 events):
Event: 139.141 Thread 0x000001bafb842800 nmethod 3056 0x000001bae526ed90 code [0x000001bae526ef60, 0x000001bae526f268]
Event: 139.180 Thread 0x000001bafb842800 3057       1       java.lang.ClassValue$Version::promise (5 bytes)
Event: 139.214 Thread 0x000001bafb842800 nmethod 3057 0x000001baec2dfb10 code [0x000001baec2dfcc0, 0x000001baec2dfd78]
Event: 139.214 Thread 0x000001bafb842800 3058       3       java.lang.ClassValue$Entry::isPromise (14 bytes)
Event: 139.214 Thread 0x000001bafb842800 nmethod 3058 0x000001bae526f410 code [0x000001bae526f5c0, 0x000001bae526f718]
Event: 139.233 Thread 0x000001bafb842800 3059       1       org.codehaus.groovy.util.ManagedConcurrentLinkedQueue::access$000 (5 bytes)
Event: 139.233 Thread 0x000001bafb842800 nmethod 3059 0x000001baec2dfe10 code [0x000001baec2dffc0, 0x000001baec2e0058]
Event: 139.233 Thread 0x000001bafb842800 3060       1       org.codehaus.groovy.reflection.ClassInfo::access$200 (5 bytes)
Event: 139.233 Thread 0x000001bafb842800 nmethod 3060 0x000001baec2e0110 code [0x000001baec2e02c0, 0x000001baec2e0358]
Event: 139.233 Thread 0x000001bafb842800 3061       3       org.codehaus.groovy.reflection.ParameterTypes::getParameterTypes (16 bytes)
Event: 139.233 Thread 0x000001bafb842800 nmethod 3061 0x000001bae526f790 code [0x000001bae526f940, 0x000001bae526fac8]
Event: 139.282 Thread 0x000001bafb842800 3062       3       java.lang.reflect.Proxy::newProxyInstance (35 bytes)
Event: 139.292 Thread 0x000001bafb842800 nmethod 3062 0x000001bae526fb90 code [0x000001bae526fda0, 0x000001bae5270138]
Event: 139.292 Thread 0x000001bafb842800 3063       3       java.lang.reflect.Proxy::getProxyConstructor (92 bytes)
Event: 139.293 Thread 0x000001bafb842800 nmethod 3063 0x000001bae5270310 code [0x000001bae5270620, 0x000001bae5271c08]
Event: 139.293 Thread 0x000001bafb842800 3064   !   3       java.lang.reflect.Proxy::newProxyInstance (75 bytes)
Event: 139.294 Thread 0x000001bafb842800 nmethod 3064 0x000001bae5272190 code [0x000001bae5272440, 0x000001bae52731b8]
Event: 139.294 Thread 0x000001bafb842800 3065       3       java.lang.reflect.Proxy::<init> (15 bytes)
Event: 139.294 Thread 0x000001bafb842800 nmethod 3065 0x000001bae5273890 code [0x000001bae5273a60, 0x000001bae5273d68]
Event: 139.790 Thread 0x000001bafb842800 3067       3       org.codehaus.groovy.reflection.ReflectionCache::isAssignableFrom (13 bytes)

GC Heap History (10 events):
Event: 3.543 GC heap before
{Heap before GC invocations=0 (full 0):
 garbage-first heap   total 129024K, used 13312K [0x0000000080000000, 0x0000000100000000)
  region size 1024K, 14 young (14336K), 0 survivors (0K)
 Metaspace       used 6772K, capacity 6989K, committed 7168K, reserved 524288K
  class space    used 573K, capacity 650K, committed 768K, reserved 516096K
}
Event: 3.614 GC heap after
{Heap after GC invocations=1 (full 0):
 garbage-first heap   total 129024K, used 4286K [0x0000000080000000, 0x0000000100000000)
  region size 1024K, 2 young (2048K), 2 survivors (2048K)
 Metaspace       used 6772K, capacity 6989K, committed 7168K, reserved 524288K
  class space    used 573K, capacity 650K, committed 768K, reserved 516096K
}
Event: 65.184 GC heap before
{Heap before GC invocations=1 (full 0):
 garbage-first heap   total 129024K, used 83134K [0x0000000080000000, 0x0000000100000000)
  region size 1024K, 75 young (76800K), 2 survivors (2048K)
 Metaspace       used 17107K, capacity 17406K, committed 17664K, reserved 532480K
  class space    used 1936K, capacity 2040K, committed 2048K, reserved 516096K
}
Event: 65.235 GC heap after
{Heap after GC invocations=2 (full 0):
 garbage-first heap   total 129024K, used 17242K [0x0000000080000000, 0x0000000100000000)
  region size 1024K, 10 young (10240K), 10 survivors (10240K)
 Metaspace       used 17107K, capacity 17406K, committed 17664K, reserved 532480K
  class space    used 1936K, capacity 2040K, committed 2048K, reserved 516096K
}
Event: 73.407 GC heap before
{Heap before GC invocations=2 (full 0):
 garbage-first heap   total 129024K, used 42842K [0x0000000080000000, 0x0000000100000000)
  region size 1024K, 36 young (36864K), 10 survivors (10240K)
 Metaspace       used 20780K, capacity 21187K, committed 21296K, reserved 536576K
  class space    used 2478K, capacity 2650K, committed 2688K, reserved 516096K
}
Event: 73.573 GC heap after
{Heap after GC invocations=3 (full 0):
 garbage-first heap   total 129024K, used 18282K [0x0000000080000000, 0x0000000100000000)
  region size 1024K, 2 young (2048K), 2 survivors (2048K)
 Metaspace       used 20780K, capacity 21187K, committed 21296K, reserved 536576K
  class space    used 2478K, capacity 2650K, committed 2688K, reserved 516096K
}
Event: 97.187 GC heap before
{Heap before GC invocations=4 (full 0):
 garbage-first heap   total 129024K, used 54122K [0x0000000080000000, 0x0000000100000000)
  region size 1024K, 37 young (37888K), 2 survivors (2048K)
 Metaspace       used 24167K, capacity 24744K, committed 25008K, reserved 538624K
  class space    used 3013K, capacity 3240K, committed 3328K, reserved 516096K
}
Event: 97.190 GC heap after
{Heap after GC invocations=5 (full 0):
 garbage-first heap   total 129024K, used 19306K [0x0000000080000000, 0x0000000100000000)
  region size 1024K, 3 young (3072K), 3 survivors (3072K)
 Metaspace       used 24167K, capacity 24744K, committed 25008K, reserved 538624K
  class space    used 3013K, capacity 3240K, committed 3328K, reserved 516096K
}
Event: 128.051 GC heap before
{Heap before GC invocations=5 (full 0):
 garbage-first heap   total 129024K, used 74602K [0x0000000080000000, 0x0000000100000000)
  region size 1024K, 57 young (58368K), 3 survivors (3072K)
 Metaspace       used 29382K, capacity 30084K, committed 30256K, reserved 542720K
  class space    used 3824K, capacity 4131K, committed 4224K, reserved 516096K
}
Event: 128.058 GC heap after
{Heap after GC invocations=6 (full 0):
 garbage-first heap   total 129024K, used 21136K [0x0000000080000000, 0x0000000100000000)
  region size 1024K, 5 young (5120K), 5 survivors (5120K)
 Metaspace       used 29382K, capacity 30084K, committed 30256K, reserved 542720K
  class space    used 3824K, capacity 4131K, committed 4224K, reserved 516096K
}

Deoptimization events (20 events):
Event: 131.291 Thread 0x000001bafd642800 Uncommon trap: trap_request=0xffffff4d fr.pc=0x000001baec22d2f8 relative=0x0000000000000318
Event: 131.291 Thread 0x000001bafd642800 Uncommon trap: reason=unstable_if action=reinterpret pc=0x000001baec22d2f8 method=java.util.HashMap.putVal(ILjava/lang/Object;Ljava/lang/Object;ZZ)Ljava/lang/Object; @ 162 c2
Event: 131.291 Thread 0x000001bafd642800 DEOPT PACKING pc=0x000001baec22d2f8 sp=0x0000003e066fa240
Event: 131.291 Thread 0x000001bafd642800 DEOPT UNPACKING pc=0x000001bae46da1af sp=0x0000003e066fa1c0 mode 2
Event: 135.535 Thread 0x000001bafd642800 Uncommon trap: trap_request=0xffffffde fr.pc=0x000001baec2cbfa4 relative=0x0000000000000724
Event: 135.536 Thread 0x000001bafd642800 Uncommon trap: reason=class_check action=maybe_recompile pc=0x000001baec2cbfa4 method=java.io.BufferedInputStream.read([BII)I @ 101 c2
Event: 135.536 Thread 0x000001bafd642800 DEOPT PACKING pc=0x000001baec2cbfa4 sp=0x0000003e066f8fa0
Event: 135.536 Thread 0x000001bafd642800 DEOPT UNPACKING pc=0x000001bae46da1af sp=0x0000003e066f8f58 mode 2
Event: 135.536 Thread 0x000001bafd642800 Uncommon trap: trap_request=0xffffffde fr.pc=0x000001baec2cbfa4 relative=0x0000000000000724
Event: 135.536 Thread 0x000001bafd642800 Uncommon trap: reason=class_check action=maybe_recompile pc=0x000001baec2cbfa4 method=java.io.BufferedInputStream.read([BII)I @ 101 c2
Event: 135.536 Thread 0x000001bafd642800 DEOPT PACKING pc=0x000001baec2cbfa4 sp=0x0000003e066f8fa0
Event: 135.536 Thread 0x000001bafd642800 DEOPT UNPACKING pc=0x000001bae46da1af sp=0x0000003e066f8f58 mode 2
Event: 135.536 Thread 0x000001bafd642800 Uncommon trap: trap_request=0xffffffde fr.pc=0x000001baec2cbfa4 relative=0x0000000000000724
Event: 135.536 Thread 0x000001bafd642800 Uncommon trap: reason=class_check action=maybe_recompile pc=0x000001baec2cbfa4 method=java.io.BufferedInputStream.read([BII)I @ 101 c2
Event: 135.536 Thread 0x000001bafd642800 DEOPT PACKING pc=0x000001baec2cbfa4 sp=0x0000003e066f8fa0
Event: 135.536 Thread 0x000001bafd642800 DEOPT UNPACKING pc=0x000001bae46da1af sp=0x0000003e066f8f58 mode 2
Event: 135.538 Thread 0x000001bafd642800 Uncommon trap: trap_request=0xffffffde fr.pc=0x000001baec2cbfa4 relative=0x0000000000000724
Event: 135.538 Thread 0x000001bafd642800 Uncommon trap: reason=class_check action=maybe_recompile pc=0x000001baec2cbfa4 method=java.io.BufferedInputStream.read([BII)I @ 101 c2
Event: 135.538 Thread 0x000001bafd642800 DEOPT PACKING pc=0x000001baec2cbfa4 sp=0x0000003e066f8fc0
Event: 135.538 Thread 0x000001bafd642800 DEOPT UNPACKING pc=0x000001bae46da1af sp=0x0000003e066f8f78 mode 2

Classes redefined (0 events):
No events

Internal exceptions (20 events):
Event: 111.018 Thread 0x000001bafd642800 Exception <a 'java/lang/NoSuchMethodError'{0x00000000864c0760}: 'void java.lang.invoke.DirectMethodHandle$Holder.invokeStatic(java.lang.Object, java.lang.Object, java.lang.Object, java.lang.Object)'> (0x00000000864c0760) thrown at [./src/hotspot/share/interpreter/linkResolver.cpp, line 773]
Event: 111.021 Thread 0x000001bafd642800 Exception <a 'java/lang/NoSuchMethodError'{0x00000000864df878}: 'int java.lang.invoke.DirectMethodHandle$Holder.invokeVirtual(java.lang.Object, java.lang.Object)'> (0x00000000864df878) thrown at [./src/hotspot/share/interpreter/linkResolver.cpp, line 773]
Event: 111.028 Thread 0x000001bafd642800 Exception <a 'java/lang/NoSuchMethodError'{0x0000000086310d20}: 'int java.lang.invoke.DirectMethodHandle$Holder.invokeVirtual(java.lang.Object, java.lang.Object, java.lang.Object)'> (0x0000000086310d20) thrown at [./src/hotspot/share/interpreter/linkResolver.cpp, line 773]
Event: 126.376 Thread 0x000001bafd642800 Exception <a 'java/lang/NoSuchMethodError'{0x00000000850d5b08}: 'java.lang.Object java.lang.invoke.DirectMethodHandle$Holder.invokeSpecialIFC(java.lang.Object, java.lang.Object, java.lang.Object, java.lang.Object)'> (0x00000000850d5b08) thrown at [./src/hotspot/share/interpreter/linkResolver.cpp, line 773]
Event: 127.177 Thread 0x000001bafd642800 Implicit null exception at 0x000001baec230b75 to 0x000001baec230d3c
Event: 127.177 Thread 0x000001bafd642800 Implicit null exception at 0x000001baec1684af to 0x000001baec16851d
Event: 128.047 Thread 0x000001bafd642800 Exception <a 'java/lang/NoSuchMethodError'{0x00000000845a8f30}: 'java.lang.Object java.lang.invoke.DirectMethodHandle$Holder.invokeSpecial(java.lang.Object, java.lang.Object, java.lang.Object, java.lang.Object, java.lang.Object, java.lang.Object, java.lang.Object, java.lang.Object, java.lang.Object, java.lang.Object, java.lang.Object, java.lang.Object, java.lang.Object)'> (0x00000000845a8f30) thrown at [./src/hotspot/share/interpreter/linkResolver.cpp, line 773]
Event: 128.048 Thread 0x000001bafd642800 Exception <a 'java/lang/NoSuchMethodError'{0x00000000845b9820}: 'java.lang.Object java.lang.invoke.Invokers$Holder.linkToTargetMethod(java.lang.Object, java.lang.Object, java.lang.Object, java.lang.Object, java.lang.Object, java.lang.Object, java.lang.Object, java.lang.Object, java.lang.Object, java.lang.Object, java.lang.Object)'> (0x00000000845b9820) thrown at [./src/hotspot/share/interpreter/linkResolver.cpp, line 773]
Event: 128.063 Thread 0x000001bafd642800 Exception <a 'java/lang/NoSuchMethodError'{0x0000000087d51358}: 'java.lang.Object java.lang.invoke.DirectMethodHandle$Holder.invokeSpecial(java.lang.Object, java.lang.Object, java.lang.Object, java.lang.Object, java.lang.Object, java.lang.Object, java.lang.Object, java.lang.Object, java.lang.Object, java.lang.Object, java.lang.Object, java.lang.Object, java.lang.Object, java.lang.Object)'> (0x0000000087d51358) thrown at [./src/hotspot/share/interpreter/linkResolver.cpp, line 773]
Event: 128.064 Thread 0x000001bafd642800 Exception <a 'java/lang/NoSuchMethodError'{0x0000000087d62bc0}: 'java.lang.Object java.lang.invoke.Invokers$Holder.linkToTargetMethod(java.lang.Object, java.lang.Object, java.lang.Object, java.lang.Object, java.lang.Object, java.lang.Object, java.lang.Object, java.lang.Object, java.lang.Object, java.lang.Object, java.lang.Object, java.lang.Object)'> (0x0000000087d62bc0) thrown at [./src/hotspot/share/interpreter/linkResolver.cpp, line 773]
Event: 130.017 Thread 0x000001bafd642800 Exception <a 'java/lang/NoSuchMethodError'{0x0000000087caf140}: 'java.lang.Object java.lang.invoke.DirectMethodHandle$Holder.invokeStaticInit(java.lang.Object, java.lang.Object, java.lang.Object, java.lang.Object)'> (0x0000000087caf140) thrown at [./src/hotspot/share/interpreter/linkResolver.cpp, line 773]
Event: 130.552 Thread 0x000001bafd642800 Exception <a 'java/lang/NoSuchMethodError'{0x0000000086d647f0}: 'java.lang.Object java.lang.invoke.Invokers$Holder.linkToTargetMethod(java.lang.Object, java.lang.Object, java.lang.Object, java.lang.Object, java.lang.Object, java.lang.Object, java.lang.Object, java.lang.Object)'> (0x0000000086d647f0) thrown at [./src/hotspot/share/interpreter/linkResolver.cpp, line 773]
Event: 130.563 Thread 0x000001bafd642800 Exception <a 'java/lang/IncompatibleClassChangeError'{0x0000000086de6660}: Found class java.lang.Object, but interface was expected> (0x0000000086de6660) thrown at [./src/hotspot/share/interpreter/linkResolver.cpp, line 839]
Event: 131.460 Thread 0x000001bafd642800 Exception <a 'java/lang/NoSuchMethodError'{0x0000000086505480}: 'java.lang.Object java.lang.invoke.Invokers$Holder.linkToTargetMethod(java.lang.Object, int, int, java.lang.Object)'> (0x0000000086505480) thrown at [./src/hotspot/share/interpreter/linkResolver.cpp, line 773]
Event: 131.463 Thread 0x000001bafd642800 Exception <a 'java/lang/NoSuchMethodError'{0x000000008651bcf8}: 'java.lang.Object java.lang.invoke.DirectMethodHandle$Holder.invokeStatic(java.lang.Object, java.lang.Object, int, int, java.lang.Object, java.lang.Object)'> (0x000000008651bcf8) thrown at [./src/hotspot/share/interpreter/linkResolver.cpp, line 773]
Event: 137.595 Thread 0x000001bafd642800 Exception <a 'java/lang/NoSuchMethodError'{0x0000000085f65710}: 'void java.lang.invoke.DirectMethodHandle$Holder.invokeStaticInit(java.lang.Object, java.lang.Object, java.lang.Object)'> (0x0000000085f65710) thrown at [./src/hotspot/share/interpreter/linkResolver.cpp, line 773]
Event: 137.596 Thread 0x000001bafd642800 Exception <a 'java/lang/NoSuchMethodError'{0x0000000085f6c928}: 'void java.lang.invoke.DirectMethodHandle$Holder.invokeStaticInit(java.lang.Object, java.lang.Object, java.lang.Object, java.lang.Object)'> (0x0000000085f6c928) thrown at [./src/hotspot/share/interpreter/linkResolver.cpp, line 773]
Event: 137.614 Thread 0x000001bafd642800 Exception <a 'java/lang/NoSuchMethodError'{0x0000000085f8f808}: 'void java.lang.invoke.DirectMethodHandle$Holder.invokeStaticInit(java.lang.Object, java.lang.Object, java.lang.Object, java.lang.Object, java.lang.Object)'> (0x0000000085f8f808) thrown at [./src/hotspot/share/interpreter/linkResolver.cpp, line 773]
Event: 137.615 Thread 0x000001bafd642800 Exception <a 'java/lang/NoSuchMethodError'{0x0000000085f971a0}: 'int java.lang.invoke.DirectMethodHandle$Holder.invokeStaticInit(java.lang.Object, java.lang.Object, java.lang.Object)'> (0x0000000085f971a0) thrown at [./src/hotspot/share/interpreter/linkResolver.cpp, line 773]
Event: 137.746 Thread 0x000001bafd642800 Exception <a 'java/lang/NoSuchMethodError'{0x0000000085ff4598}: 'int java.lang.invoke.DirectMethodHandle$Holder.invokeStaticInit(java.lang.Object, java.lang.Object, java.lang.Object, java.lang.Object)'> (0x0000000085ff4598) thrown at [./src/hotspot/share/interpreter/linkResolver.cpp, line 773]

Events (20 events):
Event: 139.399 loading class org/gradle/api/internal/artifacts/dsl/dependencies/DependenciesExtensionModule
Event: 139.399 loading class org/gradle/api/internal/artifacts/dsl/dependencies/DependenciesExtensionModule done
Event: 139.520 loading class org/gradle/api/artifacts/dsl/Dependencies
Event: 139.520 loading class org/gradle/api/artifacts/dsl/Dependencies done
Event: 139.521 loading class org/gradle/api/artifacts/ExternalModuleDependency
Event: 139.521 loading class org/gradle/api/artifacts/ExternalModuleDependency done
Event: 139.521 loading class org/gradle/api/artifacts/ExternalDependency
Event: 139.521 loading class org/gradle/api/artifacts/ExternalDependency done
Event: 139.521 loading class org/gradle/api/artifacts/ModuleDependency
Event: 139.521 loading class org/gradle/api/artifacts/ModuleDependency done
Event: 139.522 loading class org/gradle/api/artifacts/dsl/DependencyAdder
Event: 139.522 loading class org/gradle/api/artifacts/dsl/DependencyAdder done
Event: 139.524 loading class org/gradle/api/provider/ProviderConvertible
Event: 139.524 loading class org/gradle/api/provider/ProviderConvertible done
Event: 139.524 loading class org/gradle/api/artifacts/dsl/DependencyModifier
Event: 139.524 loading class org/gradle/api/artifacts/dsl/DependencyModifier done
Event: 139.651 loading class org/gradle/api/file/FileCollection$AntType
Event: 139.651 loading class org/gradle/api/file/FileCollection$AntType done
Event: 139.774 loading class org/gradle/api/tasks/TaskDependency
Event: 139.774 loading class org/gradle/api/tasks/TaskDependency done


Dynamic libraries:
0x00007ff74a330000 - 0x00007ff74a33d000 	C:\Program Files\Microsoft\jdk-11.0.18.10-hotspot\bin\java.exe
0x00007ffe3b5f0000 - 0x00007ffe3b7e7000 	C:\WINDOWS\SYSTEM32\ntdll.dll
0x00007ffe3a950000 - 0x00007ffe3aa0d000 	C:\WINDOWS\System32\KERNEL32.DLL
0x00007ffe38dc0000 - 0x00007ffe390b6000 	C:\WINDOWS\System32\KERNELBASE.dll
0x00007ffe39550000 - 0x00007ffe39650000 	C:\WINDOWS\System32\ucrtbase.dll
0x00007ffe2ded0000 - 0x00007ffe2dee7000 	C:\Program Files\Microsoft\jdk-11.0.18.10-hotspot\bin\jli.dll
0x00007ffe33cc0000 - 0x00007ffe33cd5000 	C:\Program Files\Microsoft\jdk-11.0.18.10-hotspot\bin\VCRUNTIME140.dll
0x00007ffe3b3e0000 - 0x00007ffe3b57e000 	C:\WINDOWS\System32\USER32.dll
0x00007ffe392d0000 - 0x00007ffe392f2000 	C:\WINDOWS\System32\win32u.dll
0x00007ffe39eb0000 - 0x00007ffe39edc000 	C:\WINDOWS\System32\GDI32.dll
0x00007ffe39390000 - 0x00007ffe394aa000 	C:\WINDOWS\System32\gdi32full.dll
0x00007ffe394b0000 - 0x00007ffe3954d000 	C:\WINDOWS\System32\msvcp_win.dll
0x00007ffe13040000 - 0x00007ffe132da000 	C:\WINDOWS\WinSxS\amd64_microsoft.windows.common-controls_6595b64144ccf1df_6.0.19041.3570_none_60bb2a3971f3e41a\COMCTL32.dll
0x00007ffe399e0000 - 0x00007ffe39a7e000 	C:\WINDOWS\System32\msvcrt.dll
0x00007ffe3b580000 - 0x00007ffe3b5b0000 	C:\WINDOWS\System32\IMM32.DLL
0x00007ffe2de30000 - 0x00007ffe2decb000 	C:\Program Files\Microsoft\jdk-11.0.18.10-hotspot\bin\msvcp140.dll
0x00007ffddd820000 - 0x00007ffdde3b2000 	C:\Program Files\Microsoft\jdk-11.0.18.10-hotspot\bin\server\jvm.dll
0x00007ffe39a90000 - 0x00007ffe39b3e000 	C:\WINDOWS\System32\ADVAPI32.dll
0x00007ffe3a510000 - 0x00007ffe3a5ac000 	C:\WINDOWS\System32\sechost.dll
0x00007ffe3b250000 - 0x00007ffe3b376000 	C:\WINDOWS\System32\RPCRT4.dll
0x00007ffe39ea0000 - 0x00007ffe39ea8000 	C:\WINDOWS\System32\PSAPI.DLL
0x00007ffe2bc30000 - 0x00007ffe2bc39000 	C:\WINDOWS\SYSTEM32\WSOCK32.dll
0x00007ffe3aa10000 - 0x00007ffe3aa7b000 	C:\WINDOWS\System32\WS2_32.dll
0x00007ffe29170000 - 0x00007ffe29197000 	C:\WINDOWS\SYSTEM32\WINMM.dll
0x00007ffe2bcd0000 - 0x00007ffe2bcda000 	C:\WINDOWS\SYSTEM32\VERSION.dll
0x00007ffe36ab0000 - 0x00007ffe36ac2000 	C:\WINDOWS\SYSTEM32\kernel.appcore.dll
0x00007ffe35460000 - 0x00007ffe35470000 	C:\Program Files\Microsoft\jdk-11.0.18.10-hotspot\bin\verify.dll
0x00007ffe2b3b0000 - 0x00007ffe2b594000 	C:\WINDOWS\SYSTEM32\DBGHELP.DLL
0x00007ffe2a520000 - 0x00007ffe2a554000 	C:\WINDOWS\SYSTEM32\dbgcore.DLL
0x00007ffe39300000 - 0x00007ffe39382000 	C:\WINDOWS\System32\bcryptPrimitives.dll
0x00007ffe2de00000 - 0x00007ffe2de28000 	C:\Program Files\Microsoft\jdk-11.0.18.10-hotspot\bin\java.dll
0x00007ffe33cb0000 - 0x00007ffe33cba000 	C:\Program Files\Microsoft\jdk-11.0.18.10-hotspot\bin\jimage.dll
0x00007ffe2dde0000 - 0x00007ffe2ddf8000 	C:\Program Files\Microsoft\jdk-11.0.18.10-hotspot\bin\zip.dll
0x00007ffe3ab00000 - 0x00007ffe3b244000 	C:\WINDOWS\System32\SHELL32.dll
0x00007ffe36d90000 - 0x00007ffe3752b000 	C:\WINDOWS\SYSTEM32\windows.storage.dll
0x00007ffe39b40000 - 0x00007ffe39e94000 	C:\WINDOWS\System32\combase.dll
0x00007ffe386a0000 - 0x00007ffe386cd000 	C:\WINDOWS\SYSTEM32\Wldp.dll
0x00007ffe3a780000 - 0x00007ffe3a82d000 	C:\WINDOWS\System32\SHCORE.dll
0x00007ffe3b380000 - 0x00007ffe3b3d5000 	C:\WINDOWS\System32\shlwapi.dll
0x00007ffe38c00000 - 0x00007ffe38c25000 	C:\WINDOWS\SYSTEM32\profapi.dll
0x00007ffe18c10000 - 0x00007ffe18c29000 	C:\Program Files\Microsoft\jdk-11.0.18.10-hotspot\bin\net.dll
0x00007ffe327f0000 - 0x00007ffe328fa000 	C:\WINDOWS\SYSTEM32\WINHTTP.dll
0x00007ffe38400000 - 0x00007ffe3846a000 	C:\WINDOWS\system32\mswsock.dll
0x00007ffe18a50000 - 0x00007ffe18a63000 	C:\Program Files\Microsoft\jdk-11.0.18.10-hotspot\bin\nio.dll
0x00007ffe14fa0000 - 0x00007ffe14fc7000 	C:\Users\Riyad\.gradle\native\68d5fa5c4cc2d200863cafc0d521ce42e7d3e7ee720ec0a83991735586a16f82\windows-amd64\native-platform.dll
0x00007ffe0bff0000 - 0x00007ffe0c134000 	C:\Users\Riyad\.gradle\native\e376f236ea51e6404a007f0833ffe2c6e607c4080706a723a18a27aeea778392\windows-amd64\native-platform-file-events.dll
0x00007ffe2af50000 - 0x00007ffe2af59000 	C:\Program Files\Microsoft\jdk-11.0.18.10-hotspot\bin\management.dll
0x00007ffe22100000 - 0x00007ffe2210b000 	C:\Program Files\Microsoft\jdk-11.0.18.10-hotspot\bin\management_ext.dll
0x00007ffe385f0000 - 0x00007ffe38608000 	C:\WINDOWS\SYSTEM32\CRYPTSP.dll
0x00007ffe37d10000 - 0x00007ffe37d44000 	C:\WINDOWS\system32\rsaenh.dll
0x00007ffe38cd0000 - 0x00007ffe38cf7000 	C:\WINDOWS\System32\bcrypt.dll
0x00007ffe38b70000 - 0x00007ffe38b9e000 	C:\WINDOWS\SYSTEM32\USERENV.dll
0x00007ffe38610000 - 0x00007ffe3861c000 	C:\WINDOWS\SYSTEM32\CRYPTBASE.dll
0x00007ffe380f0000 - 0x00007ffe3812b000 	C:\WINDOWS\SYSTEM32\IPHLPAPI.DLL
0x00007ffe39a80000 - 0x00007ffe39a88000 	C:\WINDOWS\System32\NSI.dll
0x00007ffe33040000 - 0x00007ffe33057000 	C:\WINDOWS\SYSTEM32\dhcpcsvc6.DLL
0x00007ffe32fb0000 - 0x00007ffe32fcd000 	C:\WINDOWS\SYSTEM32\dhcpcsvc.DLL
0x00007ffe38130000 - 0x00007ffe381fa000 	C:\WINDOWS\SYSTEM32\DNSAPI.dll

dbghelp: loaded successfully - version: 4.0.5 - missing functions: none
symbol engine: initialized successfully - sym options: 0x614 - pdb path: .;C:\Program Files\Microsoft\jdk-11.0.18.10-hotspot\bin;C:\WINDOWS\SYSTEM32;C:\WINDOWS\WinSxS\amd64_microsoft.windows.common-controls_6595b64144ccf1df_6.0.19041.3570_none_60bb2a3971f3e41a;C:\Program Files\Microsoft\jdk-11.0.18.10-hotspot\bin\server;C:\Users\Riyad\.gradle\native\68d5fa5c4cc2d200863cafc0d521ce42e7d3e7ee720ec0a83991735586a16f82\windows-amd64;C:\Users\Riyad\.gradle\native\e376f236ea51e6404a007f0833ffe2c6e607c4080706a723a18a27aeea778392\windows-amd64

VM Arguments:
jvm_args: -XX:MaxMetaspaceSize=512m --add-opens=java.base/java.util=ALL-UNNAMED --add-opens=java.base/java.lang=ALL-UNNAMED --add-opens=java.base/java.lang.invoke=ALL-UNNAMED --add-opens=java.prefs/java.util.prefs=ALL-UNNAMED --add-opens=java.base/java.nio.charset=ALL-UNNAMED --add-opens=java.base/java.net=ALL-UNNAMED --add-opens=java.base/java.util.concurrent.atomic=ALL-UNNAMED -Xmx2048m -Dfile.encoding=windows-1252 -Duser.country=US -Duser.language=en -Duser.variant 
java_command: org.gradle.launcher.daemon.bootstrap.GradleDaemon 8.0.1
java_class_path (initial): C:\Users\Riyad\.gradle\wrapper\dists\gradle-8.0.1-all\aro4hu1c3oeioove7l0i4i14o\gradle-8.0.1\lib\gradle-launcher-8.0.1.jar
Launcher Type: SUN_STANDARD

[Global flags]
     intx CICompilerCount                          = 3                                         {product} {ergonomic}
   size_t CompressedClassSpaceSize                 = 528482304                                 {product} {ergonomic}
     uint ConcGCThreads                            = 1                                         {product} {ergonomic}
     uint G1ConcRefinementThreads                  = 4                                         {product} {ergonomic}
   size_t G1HeapRegionSize                         = 1048576                                   {product} {ergonomic}
    uintx GCDrainStackTargetSize                   = 64                                        {product} {ergonomic}
   size_t InitialHeapSize                          = 132120576                                 {product} {ergonomic}
   size_t MarkStackSize                            = 4194304                                   {product} {ergonomic}
   size_t MaxHeapSize                              = 2147483648                                {product} {command line}
   size_t MaxMetaspaceSize                         = 536870912                                 {product} {command line}
   size_t MaxNewSize                               = 1287651328                                {product} {ergonomic}
   size_t MinHeapDeltaBytes                        = 1048576                                   {product} {ergonomic}
    uintx NonNMethodCodeHeapSize                   = 5830732                                {pd product} {ergonomic}
    uintx NonProfiledCodeHeapSize                  = 122913754                              {pd product} {ergonomic}
    uintx ProfiledCodeHeapSize                     = 122913754                              {pd product} {ergonomic}
    uintx ReservedCodeCacheSize                    = 251658240                              {pd product} {ergonomic}
     bool SegmentedCodeCache                       = true                                      {product} {ergonomic}
     bool UseCompressedClassPointers               = true                                 {lp64_product} {ergonomic}
     bool UseCompressedOops                        = true                                 {lp64_product} {ergonomic}
     bool UseG1GC                                  = true                                      {product} {ergonomic}
     bool UseLargePagesIndividualAllocation        = false                                  {pd product} {ergonomic}

Logging:
Log output configuration:
 #0: stdout all=warning uptime,level,tags
 #1: stderr all=off uptime,level,tags

Environment Variables:
JAVA_HOME=C:\Program Files\Microsoft\jdk-11.0.18.10-hotspot\
CLASSPATH=G:\testProject\testApp\android\\gradle\wrapper\gradle-wrapper.jar
PATH=G:\testProject\testApp\node_modules\.bin;G:\testProject\testApp\node_modules\.bin;G:\testProject\node_modules\.bin;G:\node_modules\.bin;C:\Program Files\nodejs\node_modules\npm\node_modules\@npmcli\run-script\lib\node-gyp-bin;G:\testProject\testApp\node_modules\.bin;G:\testProject\testApp\node_modules\.bin;G:\testProject\node_modules\.bin;G:\node_modules\.bin;C:\Program Files\nodejs\node_modules\npm\node_modules\@npmcli\run-script\lib\node-gyp-bin;C:\Program Files\Microsoft\jdk-11.0.18.10-hotspot\bin;C:\WINDOWS\system32;C:\WINDOWS;C:\WINDOWS\System32\Wbem;C:\WINDOWS\System32\WindowsPowerShell\v1.0\;C:\Program Files\Microsoft SQL Server\Client SDK\ODBC\170\Tools\Binn\;C:\Program Files (x86)\Microsoft SQL Server\150\Tools\Binn\;C:\Program Files\Microsoft SQL Server\150\Tools\Binn\;C:\Program Files\Microsoft SQL Server\150\DTS\Binn\;C:\Program Files\dotnet\;C:\Program Files\Microsoft SQL Server\130\Tools\Binn\;C:\Program Files (x86)\Microsoft SQL Server\150\DTS\Binn\;C:\Program Files\TortoiseSVN\bin;C:\WINDOWS\System32\OpenSSH\;C:\Program Files\Microsoft SQL Server\160\DAC\bin;C:\Program Files\Microsoft\jdk-11.0.18.10-hotspot\\bin;C:\ProgramData\chocolatey\bin;C:\Program Files\nodejs\;C:\Users\Riyad\AppData\Local\Android\Sdk\platform-tools;C:\Android;C:\Windows\System32;C:\Program Files\Git\cmd;C:\Users\Riyad\AppData\Local\Programs\Python\Python310\Scripts\;C:\Users\Riyad\AppData\Local\Programs\Python\Python310\;C:\WINDOWS\system32;C:\WINDOWS;C:\WINDOWS\System32\Wbem;C:\WINDOWS\System32\WindowsPowerShell\v1.0\;C:\Program Files\Microsoft SQL Server\Client SDK\ODBC\170\Tools\Binn\;C:\Program Files (x86)\Microsoft SQL Server\150\Tools\Binn\;C:\Program Files\Microsoft SQL Server\150\Tools\Binn\;C:\Program Files\Microsoft SQL Server\150\DTS\Binn\;C:\Program Files\dotnet\;C:\Program Files\Microsoft SQL Server\130\Tools\Binn\;C:\Program Files (x86)\Microsoft SQL Server\150\DTS\Binn\;C:\Program Files\Azure Data Studio\bin;C:\Program Files\TortoiseSVN\bin;C:\Program Files\nod
USERNAME=Riyad
LANG=en_US.UTF-8
OS=Windows_NT
PROCESSOR_IDENTIFIER=Intel64 Family 6 Model 58 Stepping 9, GenuineIntel
TMP=C:\Users\Riyad\AppData\Local\Temp
TEMP=C:\Users\Riyad\AppData\Local\Temp



---------------  S Y S T E M  ---------------

OS: Windows 10 , 64 bit Build 19041 (10.0.19041.3570)
OS uptime: 0 days 2:15 hours

CPU:total 4 (initial active 4) (4 cores per cpu, 1 threads per core) family 6 model 58 stepping 9 microcode 0x21, cmov, cx8, fxsr, mmx, sse, sse2, sse3, ssse3, sse4.1, sse4.2, popcnt, avx, aes, clmul, erms, tsc, tscinvbit, tscinv

Memory: 4k page, system-wide physical 8028M (143M free)
TotalPageFile size 15011M (AvailPageFile size 130M)
current process WorkingSet (physical memory assigned to process): 221M, peak: 221M
current process commit charge ("private bytes"): 287M, peak: 287M

vm_info: OpenJDK 64-Bit Server VM (11.0.18+10-LTS) for windows-amd64 JRE (11.0.18+10-LTS), built on Jan 18 2023 15:56:47 by "MicrosoftCorporation" with MS VC++ 15.9 (VS2017)

END.
