#
# There is insufficient memory for the Java Runtime Environment to continue.
# Native memory allocation (malloc) failed to allocate 1064336 bytes for Chunk::new
# Possible reasons:
#   The system is out of physical RAM or swap space
#   The process is running with CompressedOops enabled, and the Java Heap may be blocking the growth of the native heap
# Possible solutions:
#   Reduce memory load on the system
#   Increase physical memory or swap space
#   Check if swap backing store is full
#   Decrease Java heap size (-Xmx/-Xms)
#   Decrease number of Java threads
#   Decrease Java thread stack sizes (-Xss)
#   Set larger code cache with -XX:ReservedCodeCacheSize=
#   JVM is running with Unscaled Compressed Oops mode in which the Java heap is
#     placed in the first 4GB address space. The Java Heap base address is the
#     maximum limit for the native heap growth. Please use -XX:HeapBaseMinAddress
#     to set the Java Heap base and to place the Java Heap above 4GB virtual address.
# This output file may be truncated or incomplete.
#
#  Out of Memory Error (./src/hotspot/share/memory/arena.cpp:197), pid=15748, tid=9916
#
# JRE version: OpenJDK Runtime Environment Microsoft-7208460 (11.0.18+10) (build 11.0.18+10-LTS)
# Java VM: OpenJDK 64-Bit Server VM Microsoft-7208460 (11.0.18+10-LTS, mixed mode, tiered, compressed oops, g1 gc, windows-amd64)
# No core dump will be written. Minidumps are not enabled by default on client versions of Windows
#

---------------  S U M M A R Y ------------

Command Line: -XX:MaxMetaspaceSize=512m --add-opens=java.base/java.util=ALL-UNNAMED --add-opens=java.base/java.lang=ALL-UNNAMED --add-opens=java.base/java.lang.invoke=ALL-UNNAMED --add-opens=java.prefs/java.util.prefs=ALL-UNNAMED --add-opens=java.base/java.nio.charset=ALL-UNNAMED --add-opens=java.base/java.net=ALL-UNNAMED --add-opens=java.base/java.util.concurrent.atomic=ALL-UNNAMED -Xmx2048m -Dfile.encoding=windows-1252 -Duser.country=US -Duser.language=en -Duser.variant org.gradle.launcher.daemon.bootstrap.GradleDaemon 8.0.1

Host: Intel(R) Core(TM) i5-3470 CPU @ 3.20GHz, 4 cores, 7G,  Windows 10 , 64 bit Build 19041 (10.0.19041.3570)
Time: Tue Nov  7 11:32:28 2023 Bangladesh Standard Time elapsed time: 144.143721 seconds (0d 0h 2m 24s)

---------------  T H R E A D  ---------------

Current thread (0x000002d2bb209000):  JavaThread "C2 CompilerThread0" daemon [_thread_in_native, id=9916, stack(0x000000ff16b00000,0x000000ff16c00000)]


Current CompileTask:
C2: 144143 3085       4       java.lang.invoke.MethodType::makeImpl (108 bytes)

Stack: [0x000000ff16b00000,0x000000ff16c00000]
Native frames: (J=compiled Java code, j=interpreted, Vv=VM code, C=native code)
V  [jvm.dll+0x62bf8a]
V  [jvm.dll+0x7b8fb9]
V  [jvm.dll+0x7ba6a8]
V  [jvm.dll+0x7bad83]
V  [jvm.dll+0x250248]
V  [jvm.dll+0xc260c]
V  [jvm.dll+0xc2bcc]
V  [jvm.dll+0x35e1c7]
V  [jvm.dll+0x19ede1]
V  [jvm.dll+0x209495]
V  [jvm.dll+0x20850d]
V  [jvm.dll+0x18a4b1]
V  [jvm.dll+0x217eec]
V  [jvm.dll+0x21612b]
V  [jvm.dll+0x77bac0]
V  [jvm.dll+0x7749f4]
V  [jvm.dll+0x62adf5]
C  [ucrtbase.dll+0x21bb2]
C  [KERNEL32.DLL+0x17344]
C  [ntdll.dll+0x526b1]


---------------  P R O C E S S  ---------------

Threads class SMR info:
_java_thread_list=0x000002d2bdd315f0, length=31, elements={
0x000002d29c963800, 0x000002d2bb1b2800, 0x000002d2bb1b4000, 0x000002d2bb204800,
0x000002d2bb206800, 0x000002d2bb207800, 0x000002d2bb209000, 0x000002d2bb20c000,
0x000002d2bbb7b800, 0x000002d2bbc78800, 0x000002d2bcd81800, 0x000002d2bd0c1800,
0x000002d2bcc19000, 0x000002d2bbe50800, 0x000002d2bcdcb800, 0x000002d2bcee8000,
0x000002d2bed13800, 0x000002d2bd42f800, 0x000002d2bec57800, 0x000002d2bd924800,
0x000002d2bd926000, 0x000002d2bd920800, 0x000002d2bd925000, 0x000002d2bd927000,
0x000002d2bd921000, 0x000002d2bd922000, 0x000002d2bd923000, 0x000002d2bd923800,
0x000002d2bcf38000, 0x000002d2bcf39000, 0x000002d2bcf33800
}

Java Threads: ( => current thread )
  0x000002d29c963800 JavaThread "main" [_thread_blocked, id=15992, stack(0x000000ff15e00000,0x000000ff15f00000)]
  0x000002d2bb1b2800 JavaThread "Reference Handler" daemon [_thread_blocked, id=13856, stack(0x000000ff16600000,0x000000ff16700000)]
  0x000002d2bb1b4000 JavaThread "Finalizer" daemon [_thread_blocked, id=14156, stack(0x000000ff16700000,0x000000ff16800000)]
  0x000002d2bb204800 JavaThread "Signal Dispatcher" daemon [_thread_blocked, id=15560, stack(0x000000ff16800000,0x000000ff16900000)]
  0x000002d2bb206800 JavaThread "Attach Listener" daemon [_thread_blocked, id=6328, stack(0x000000ff16900000,0x000000ff16a00000)]
  0x000002d2bb207800 JavaThread "Service Thread" daemon [_thread_blocked, id=14568, stack(0x000000ff16a00000,0x000000ff16b00000)]
=>0x000002d2bb209000 JavaThread "C2 CompilerThread0" daemon [_thread_in_native, id=9916, stack(0x000000ff16b00000,0x000000ff16c00000)]
  0x000002d2bb20c000 JavaThread "C1 CompilerThread0" daemon [_thread_blocked, id=13784, stack(0x000000ff16c00000,0x000000ff16d00000)]
  0x000002d2bbb7b800 JavaThread "Sweeper thread" daemon [_thread_blocked, id=11776, stack(0x000000ff16d00000,0x000000ff16e00000)]
  0x000002d2bbc78800 JavaThread "Common-Cleaner" daemon [_thread_blocked, id=16768, stack(0x000000ff16e00000,0x000000ff16f00000)]
  0x000002d2bcd81800 JavaThread "Daemon health stats" [_thread_blocked, id=11648, stack(0x000000ff17200000,0x000000ff17300000)]
  0x000002d2bd0c1800 JavaThread "Incoming local TCP Connector on port 51110" [_thread_in_native, id=9524, stack(0x000000ff15f00000,0x000000ff16000000)]
  0x000002d2bcc19000 JavaThread "Daemon periodic checks" [_thread_blocked, id=7972, stack(0x000000ff17300000,0x000000ff17400000)]
  0x000002d2bbe50800 JavaThread "Daemon" [_thread_blocked, id=16412, stack(0x000000ff17400000,0x000000ff17500000)]
  0x000002d2bcdcb800 JavaThread "Handler for socket connection from /127.0.0.1:51110 to /127.0.0.1:51128" [_thread_in_native, id=15508, stack(0x000000ff17500000,0x000000ff17600000)]
  0x000002d2bcee8000 JavaThread "Cancel handler" [_thread_blocked, id=8264, stack(0x000000ff17600000,0x000000ff17700000)]
  0x000002d2bed13800 JavaThread "Daemon worker" [_thread_in_vm, id=16688, stack(0x000000ff17700000,0x000000ff17800000)]
  0x000002d2bd42f800 JavaThread "Asynchronous log dispatcher for DefaultDaemonConnection: socket connection from /127.0.0.1:51110 to /127.0.0.1:51128" [_thread_blocked, id=16180, stack(0x000000ff17800000,0x000000ff17900000)]
  0x000002d2bec57800 JavaThread "Daemon client event forwarder" [_thread_blocked, id=11372, stack(0x000000ff17a00000,0x000000ff17b00000)]
  0x000002d2bd924800 JavaThread "Cache worker for journal cache (C:\Users\Riyad\.gradle\caches\journal-1)" [_thread_blocked, id=16644, stack(0x000000ff17c00000,0x000000ff17d00000)]
  0x000002d2bd926000 JavaThread "File lock request listener" [_thread_in_native, id=13924, stack(0x000000ff17d00000,0x000000ff17e00000)]
  0x000002d2bd920800 JavaThread "File lock release action executor" [_thread_blocked, id=17976, stack(0x000000ff17e00000,0x000000ff17f00000)]
  0x000002d2bd925000 JavaThread "Cache worker for file hash cache (C:\Users\Riyad\.gradle\caches\8.0.1\fileHashes)" [_thread_blocked, id=16780, stack(0x000000ff18100000,0x000000ff18200000)]
  0x000002d2bd927000 JavaThread "File watcher server" daemon [_thread_in_native, id=6132, stack(0x000000ff15d00000,0x000000ff15e00000)]
  0x000002d2bd921000 JavaThread "File watcher consumer" daemon [_thread_blocked, id=10940, stack(0x000000ff18200000,0x000000ff18300000)]
  0x000002d2bd922000 JavaThread "Cache worker for checksums cache (G:\testProject\testApp\android\.gradle\8.0.1\checksums)" [_thread_blocked, id=16528, stack(0x000000ff18300000,0x000000ff18400000)]
  0x000002d2bd923000 JavaThread "Cache worker for cache directory md-rule (C:\Users\Riyad\.gradle\caches\8.0.1\md-rule)" [_thread_blocked, id=8384, stack(0x000000ff17900000,0x000000ff17a00000)]
  0x000002d2bd923800 JavaThread "Cache worker for file content cache (C:\Users\Riyad\.gradle\caches\8.0.1\fileContent)" [_thread_blocked, id=7828, stack(0x000000ff18400000,0x000000ff18500000)]
  0x000002d2bcf38000 JavaThread "Cache worker for file hash cache (G:\testProject\testApp\android\.gradle\8.0.1\fileHashes)" [_thread_blocked, id=14208, stack(0x000000ff18500000,0x000000ff18600000)]
  0x000002d2bcf39000 JavaThread "Cache worker for cache directory md-supplier (C:\Users\Riyad\.gradle\caches\8.0.1\md-supplier)" [_thread_blocked, id=3700, stack(0x000000ff18600000,0x000000ff18700000)]
  0x000002d2bcf33800 JavaThread "Cache worker for execution history cache (C:\Users\Riyad\.gradle\caches\8.0.1\executionHistory)" [_thread_blocked, id=18188, stack(0x000000ff18700000,0x000000ff18800000)]

Other Threads:
  0x000002d2bb19d800 VMThread "VM Thread" [stack: 0x000000ff16500000,0x000000ff16600000] [id=15676]
  0x000002d2bbca7800 WatcherThread [stack: 0x000000ff16f00000,0x000000ff17000000] [id=14028]
  0x000002d29c97c000 GCTaskThread "GC Thread#0" [stack: 0x000000ff16000000,0x000000ff16100000] [id=14760]
  0x000002d2bbfda000 GCTaskThread "GC Thread#1" [stack: 0x000000ff17000000,0x000000ff17100000] [id=13316]
  0x000002d2bc239000 GCTaskThread "GC Thread#2" [stack: 0x000000ff17100000,0x000000ff17200000] [id=13328]
  0x000002d2bbfc8800 GCTaskThread "GC Thread#3" [stack: 0x000000ff17b00000,0x000000ff17c00000] [id=6136]
  0x000002d29c9ad000 ConcurrentGCThread "G1 Main Marker" [stack: 0x000000ff16100000,0x000000ff16200000] [id=12600]
  0x000002d29c9ae800 ConcurrentGCThread "G1 Conc#0" [stack: 0x000000ff16200000,0x000000ff16300000] [id=14960]
  0x000002d29ca39800 ConcurrentGCThread "G1 Refine#0" [stack: 0x000000ff16300000,0x000000ff16400000] [id=14456]
  0x000002d29ca3a800 ConcurrentGCThread "G1 Young RemSet Sampling" [stack: 0x000000ff16400000,0x000000ff16500000] [id=14064]

Threads with active compile tasks:
C2 CompilerThread0   147309 3085       4       java.lang.invoke.MethodType::makeImpl (108 bytes)

VM state:not at safepoint (normal execution)

VM Mutex/Monitor currently owned by a thread: None

Heap address: 0x0000000080000000, size: 2048 MB, Compressed Oops mode: 32-bit
Narrow klass base: 0x0000000000000000, Narrow klass shift: 3
Compressed class space size: 528482304 Address: 0x0000000100000000

Heap:
 garbage-first heap   total 129024K, used 34383K [0x0000000080000000, 0x0000000100000000)
  region size 1024K, 18 young (18432K), 5 survivors (5120K)
 Metaspace       used 34690K, capacity 35612K, committed 35760K, reserved 548864K
  class space    used 4440K, capacity 4783K, committed 4864K, reserved 516096K
Heap Regions: E=young(eden), S=young(survivor), O=old, HS=humongous(starts), HC=humongous(continues), CS=collection set, F=free, A=archive, TAMS=top-at-mark-start (previous, next)
|   0|0x0000000080000000, 0x0000000080100000, 0x0000000080100000|100%| O|  |TAMS 0x0000000080100000, 0x0000000080000000| Untracked 
|   1|0x0000000080100000, 0x0000000080200000, 0x0000000080200000|100%| O|  |TAMS 0x0000000080200000, 0x0000000080100000| Untracked 
|   2|0x0000000080200000, 0x0000000080300000, 0x0000000080300000|100%| O|  |TAMS 0x0000000080300000, 0x0000000080200000| Untracked 
|   3|0x0000000080300000, 0x0000000080400000, 0x0000000080400000|100%|HS|  |TAMS 0x0000000080400000, 0x0000000080300000| Complete 
|   4|0x0000000080400000, 0x0000000080500000, 0x0000000080500000|100%|HC|  |TAMS 0x0000000080500000, 0x0000000080400000| Complete 
|   5|0x0000000080500000, 0x0000000080600000, 0x0000000080600000|100%|HC|  |TAMS 0x0000000080600000, 0x0000000080500000| Complete 
|   6|0x0000000080600000, 0x0000000080700000, 0x0000000080700000|100%|HC|  |TAMS 0x0000000080700000, 0x0000000080600000| Complete 
|   7|0x0000000080700000, 0x0000000080800000, 0x0000000080800000|100%| O|  |TAMS 0x0000000080800000, 0x0000000080700000| Untracked 
|   8|0x0000000080800000, 0x0000000080900000, 0x0000000080900000|100%| O|  |TAMS 0x0000000080900000, 0x0000000080800000| Untracked 
|   9|0x0000000080900000, 0x0000000080a00000, 0x0000000080a00000|100%| O|  |TAMS 0x0000000080a00000, 0x0000000080900000| Untracked 
|  10|0x0000000080a00000, 0x0000000080b00000, 0x0000000080b00000|100%| O|  |TAMS 0x0000000080b00000, 0x0000000080a00000| Untracked 
|  11|0x0000000080b00000, 0x0000000080c00000, 0x0000000080c00000|100%| O|  |TAMS 0x0000000080c00000, 0x0000000080b00000| Untracked 
|  12|0x0000000080c00000, 0x0000000080d00000, 0x0000000080d00000|100%| O|  |TAMS 0x0000000080d00000, 0x0000000080c00000| Untracked 
|  13|0x0000000080d00000, 0x0000000080e00000, 0x0000000080e00000|100%| O|  |TAMS 0x0000000080df9a08, 0x0000000080d00000| Untracked 
|  14|0x0000000080e00000, 0x0000000080f00000, 0x0000000080f00000|100%| O|  |TAMS 0x0000000080e00000, 0x0000000080e00000| Untracked 
|  15|0x0000000080f00000, 0x0000000081000000, 0x0000000081000000|100%| O|  |TAMS 0x0000000080f00000, 0x0000000080f00000| Untracked 
|  16|0x0000000081000000, 0x0000000081100000, 0x0000000081100000|100%| O|  |TAMS 0x0000000081000000, 0x0000000081000000| Untracked 
|  17|0x0000000081100000, 0x0000000081116a00, 0x0000000081200000|  8%| O|  |TAMS 0x0000000081100000, 0x0000000081100000| Untracked 
|  18|0x0000000081200000, 0x0000000081200000, 0x0000000081300000|  0%| F|  |TAMS 0x0000000081200000, 0x0000000081200000| Untracked 
|  19|0x0000000081300000, 0x0000000081300000, 0x0000000081400000|  0%| F|  |TAMS 0x0000000081300000, 0x0000000081300000| Untracked 
|  20|0x0000000081400000, 0x0000000081400000, 0x0000000081500000|  0%| F|  |TAMS 0x0000000081400000, 0x0000000081400000| Untracked 
|  21|0x0000000081500000, 0x0000000081500000, 0x0000000081600000|  0%| F|  |TAMS 0x0000000081500000, 0x0000000081500000| Untracked 
|  22|0x0000000081600000, 0x0000000081600000, 0x0000000081700000|  0%| F|  |TAMS 0x0000000081600000, 0x0000000081600000| Untracked 
|  23|0x0000000081700000, 0x0000000081700000, 0x0000000081800000|  0%| F|  |TAMS 0x0000000081700000, 0x0000000081700000| Untracked 
|  24|0x0000000081800000, 0x0000000081800000, 0x0000000081900000|  0%| F|  |TAMS 0x0000000081800000, 0x0000000081800000| Untracked 
|  25|0x0000000081900000, 0x0000000081900000, 0x0000000081a00000|  0%| F|  |TAMS 0x0000000081900000, 0x0000000081900000| Untracked 
|  26|0x0000000081a00000, 0x0000000081a00000, 0x0000000081b00000|  0%| F|  |TAMS 0x0000000081a00000, 0x0000000081a00000| Untracked 
|  27|0x0000000081b00000, 0x0000000081b00000, 0x0000000081c00000|  0%| F|  |TAMS 0x0000000081b00000, 0x0000000081b00000| Untracked 
|  28|0x0000000081c00000, 0x0000000081c00000, 0x0000000081d00000|  0%| F|  |TAMS 0x0000000081c00000, 0x0000000081c00000| Untracked 
|  29|0x0000000081d00000, 0x0000000081d00000, 0x0000000081e00000|  0%| F|  |TAMS 0x0000000081d00000, 0x0000000081d00000| Untracked 
|  30|0x0000000081e00000, 0x0000000081e00000, 0x0000000081f00000|  0%| F|  |TAMS 0x0000000081e00000, 0x0000000081e00000| Untracked 
|  31|0x0000000081f00000, 0x0000000081f00000, 0x0000000082000000|  0%| F|  |TAMS 0x0000000081f00000, 0x0000000081f00000| Untracked 
|  32|0x0000000082000000, 0x0000000082000000, 0x0000000082100000|  0%| F|  |TAMS 0x0000000082000000, 0x0000000082000000| Untracked 
|  33|0x0000000082100000, 0x0000000082100000, 0x0000000082200000|  0%| F|  |TAMS 0x0000000082100000, 0x0000000082100000| Untracked 
|  34|0x0000000082200000, 0x0000000082200000, 0x0000000082300000|  0%| F|  |TAMS 0x0000000082200000, 0x0000000082200000| Untracked 
|  35|0x0000000082300000, 0x0000000082300000, 0x0000000082400000|  0%| F|  |TAMS 0x0000000082300000, 0x0000000082300000| Untracked 
|  36|0x0000000082400000, 0x0000000082400000, 0x0000000082500000|  0%| F|  |TAMS 0x0000000082400000, 0x0000000082400000| Untracked 
|  37|0x0000000082500000, 0x0000000082500000, 0x0000000082600000|  0%| F|  |TAMS 0x0000000082500000, 0x0000000082500000| Untracked 
|  38|0x0000000082600000, 0x0000000082600000, 0x0000000082700000|  0%| F|  |TAMS 0x0000000082600000, 0x0000000082600000| Untracked 
|  39|0x0000000082700000, 0x0000000082700000, 0x0000000082800000|  0%| F|  |TAMS 0x0000000082700000, 0x0000000082700000| Untracked 
|  40|0x0000000082800000, 0x0000000082800000, 0x0000000082900000|  0%| F|  |TAMS 0x0000000082800000, 0x0000000082800000| Untracked 
|  41|0x0000000082900000, 0x0000000082900000, 0x0000000082a00000|  0%| F|  |TAMS 0x0000000082900000, 0x0000000082900000| Untracked 
|  42|0x0000000082a00000, 0x0000000082a00000, 0x0000000082b00000|  0%| F|  |TAMS 0x0000000082a00000, 0x0000000082a00000| Untracked 
|  43|0x0000000082b00000, 0x0000000082b00000, 0x0000000082c00000|  0%| F|  |TAMS 0x0000000082b00000, 0x0000000082b00000| Untracked 
|  44|0x0000000082c00000, 0x0000000082c00000, 0x0000000082d00000|  0%| F|  |TAMS 0x0000000082c00000, 0x0000000082c00000| Untracked 
|  45|0x0000000082d00000, 0x0000000082d00000, 0x0000000082e00000|  0%| F|  |TAMS 0x0000000082d00000, 0x0000000082d00000| Untracked 
|  46|0x0000000082e00000, 0x0000000082e00000, 0x0000000082f00000|  0%| F|  |TAMS 0x0000000082e00000, 0x0000000082e00000| Untracked 
|  47|0x0000000082f00000, 0x0000000082f00000, 0x0000000083000000|  0%| F|  |TAMS 0x0000000082f00000, 0x0000000082f00000| Untracked 
|  48|0x0000000083000000, 0x0000000083000000, 0x0000000083100000|  0%| F|  |TAMS 0x0000000083000000, 0x0000000083000000| Untracked 
|  49|0x0000000083100000, 0x0000000083100000, 0x0000000083200000|  0%| F|  |TAMS 0x0000000083100000, 0x0000000083100000| Untracked 
|  50|0x0000000083200000, 0x0000000083200000, 0x0000000083300000|  0%| F|  |TAMS 0x0000000083200000, 0x0000000083200000| Untracked 
|  51|0x0000000083300000, 0x0000000083300000, 0x0000000083400000|  0%| F|  |TAMS 0x0000000083300000, 0x0000000083300000| Untracked 
|  52|0x0000000083400000, 0x0000000083400000, 0x0000000083500000|  0%| F|  |TAMS 0x0000000083400000, 0x0000000083400000| Untracked 
|  53|0x0000000083500000, 0x0000000083500000, 0x0000000083600000|  0%| F|  |TAMS 0x0000000083500000, 0x0000000083500000| Untracked 
|  54|0x0000000083600000, 0x0000000083600000, 0x0000000083700000|  0%| F|  |TAMS 0x0000000083600000, 0x0000000083600000| Untracked 
|  55|0x0000000083700000, 0x000000008377d3b0, 0x0000000083800000| 48%| S|CS|TAMS 0x0000000083700000, 0x0000000083700000| Complete 
|  56|0x0000000083800000, 0x0000000083900000, 0x0000000083900000|100%| S|CS|TAMS 0x0000000083800000, 0x0000000083800000| Complete 
|  57|0x0000000083900000, 0x0000000083a00000, 0x0000000083a00000|100%| S|CS|TAMS 0x0000000083900000, 0x0000000083900000| Complete 
|  58|0x0000000083a00000, 0x0000000083b00000, 0x0000000083b00000|100%| S|CS|TAMS 0x0000000083a00000, 0x0000000083a00000| Complete 
|  59|0x0000000083b00000, 0x0000000083c00000, 0x0000000083c00000|100%| S|CS|TAMS 0x0000000083b00000, 0x0000000083b00000| Complete 
|  60|0x0000000083c00000, 0x0000000083c00000, 0x0000000083d00000|  0%| F|  |TAMS 0x0000000083c00000, 0x0000000083c00000| Untracked 
|  61|0x0000000083d00000, 0x0000000083d00000, 0x0000000083e00000|  0%| F|  |TAMS 0x0000000083d00000, 0x0000000083d00000| Untracked 
|  62|0x0000000083e00000, 0x0000000083e00000, 0x0000000083f00000|  0%| F|  |TAMS 0x0000000083e00000, 0x0000000083e00000| Untracked 
|  63|0x0000000083f00000, 0x0000000083f00000, 0x0000000084000000|  0%| F|  |TAMS 0x0000000083f00000, 0x0000000083f00000| Untracked 
|  64|0x0000000084000000, 0x0000000084000000, 0x0000000084100000|  0%| F|  |TAMS 0x0000000084000000, 0x0000000084000000| Untracked 
|  65|0x0000000084100000, 0x0000000084100000, 0x0000000084200000|  0%| F|  |TAMS 0x0000000084100000, 0x0000000084100000| Untracked 
|  66|0x0000000084200000, 0x0000000084200000, 0x0000000084300000|  0%| F|  |TAMS 0x0000000084200000, 0x0000000084200000| Untracked 
|  67|0x0000000084300000, 0x0000000084300000, 0x0000000084400000|  0%| F|  |TAMS 0x0000000084300000, 0x0000000084300000| Untracked 
|  68|0x0000000084400000, 0x0000000084400000, 0x0000000084500000|  0%| F|  |TAMS 0x0000000084400000, 0x0000000084400000| Untracked 
|  69|0x0000000084500000, 0x0000000084500000, 0x0000000084600000|  0%| F|  |TAMS 0x0000000084500000, 0x0000000084500000| Untracked 
|  70|0x0000000084600000, 0x0000000084600000, 0x0000000084700000|  0%| F|  |TAMS 0x0000000084600000, 0x0000000084600000| Untracked 
|  71|0x0000000084700000, 0x0000000084700000, 0x0000000084800000|  0%| F|  |TAMS 0x0000000084700000, 0x0000000084700000| Untracked 
|  72|0x0000000084800000, 0x0000000084800000, 0x0000000084900000|  0%| F|  |TAMS 0x0000000084800000, 0x0000000084800000| Untracked 
|  73|0x0000000084900000, 0x0000000084900000, 0x0000000084a00000|  0%| F|  |TAMS 0x0000000084900000, 0x0000000084900000| Untracked 
|  74|0x0000000084a00000, 0x0000000084a00000, 0x0000000084b00000|  0%| F|  |TAMS 0x0000000084a00000, 0x0000000084a00000| Untracked 
|  75|0x0000000084b00000, 0x0000000084b00000, 0x0000000084c00000|  0%| F|  |TAMS 0x0000000084b00000, 0x0000000084b00000| Untracked 
|  76|0x0000000084c00000, 0x0000000084c00000, 0x0000000084d00000|  0%| F|  |TAMS 0x0000000084c00000, 0x0000000084c00000| Untracked 
|  77|0x0000000084d00000, 0x0000000084d00000, 0x0000000084e00000|  0%| F|  |TAMS 0x0000000084d00000, 0x0000000084d00000| Untracked 
|  78|0x0000000084e00000, 0x0000000084e00000, 0x0000000084f00000|  0%| F|  |TAMS 0x0000000084e00000, 0x0000000084e00000| Untracked 
|  79|0x0000000084f00000, 0x0000000084f00000, 0x0000000085000000|  0%| F|  |TAMS 0x0000000084f00000, 0x0000000084f00000| Untracked 
|  80|0x0000000085000000, 0x0000000085000000, 0x0000000085100000|  0%| F|  |TAMS 0x0000000085000000, 0x0000000085000000| Untracked 
|  81|0x0000000085100000, 0x0000000085100000, 0x0000000085200000|  0%| F|  |TAMS 0x0000000085100000, 0x0000000085100000| Untracked 
|  82|0x0000000085200000, 0x0000000085200000, 0x0000000085300000|  0%| F|  |TAMS 0x0000000085200000, 0x0000000085200000| Untracked 
|  83|0x0000000085300000, 0x0000000085300000, 0x0000000085400000|  0%| F|  |TAMS 0x0000000085300000, 0x0000000085300000| Untracked 
|  84|0x0000000085400000, 0x0000000085400000, 0x0000000085500000|  0%| F|  |TAMS 0x0000000085400000, 0x0000000085400000| Untracked 
|  85|0x0000000085500000, 0x0000000085500000, 0x0000000085600000|  0%| F|  |TAMS 0x0000000085500000, 0x0000000085500000| Untracked 
|  86|0x0000000085600000, 0x0000000085600000, 0x0000000085700000|  0%| F|  |TAMS 0x0000000085600000, 0x0000000085600000| Untracked 
|  87|0x0000000085700000, 0x0000000085700000, 0x0000000085800000|  0%| F|  |TAMS 0x0000000085700000, 0x0000000085700000| Untracked 
|  88|0x0000000085800000, 0x0000000085800000, 0x0000000085900000|  0%| F|  |TAMS 0x0000000085800000, 0x0000000085800000| Untracked 
|  89|0x0000000085900000, 0x0000000085900000, 0x0000000085a00000|  0%| F|  |TAMS 0x0000000085900000, 0x0000000085900000| Untracked 
|  90|0x0000000085a00000, 0x0000000085a00000, 0x0000000085b00000|  0%| F|  |TAMS 0x0000000085a00000, 0x0000000085a00000| Untracked 
|  91|0x0000000085b00000, 0x0000000085b00000, 0x0000000085c00000|  0%| F|  |TAMS 0x0000000085b00000, 0x0000000085b00000| Untracked 
|  92|0x0000000085c00000, 0x0000000085c00000, 0x0000000085d00000|  0%| F|  |TAMS 0x0000000085c00000, 0x0000000085c00000| Untracked 
|  93|0x0000000085d00000, 0x0000000085d00000, 0x0000000085e00000|  0%| F|  |TAMS 0x0000000085d00000, 0x0000000085d00000| Untracked 
|  94|0x0000000085e00000, 0x0000000085e00000, 0x0000000085f00000|  0%| F|  |TAMS 0x0000000085e00000, 0x0000000085e00000| Untracked 
|  95|0x0000000085f00000, 0x0000000085f00000, 0x0000000086000000|  0%| F|  |TAMS 0x0000000085f00000, 0x0000000085f00000| Untracked 
|  96|0x0000000086000000, 0x0000000086000000, 0x0000000086100000|  0%| F|  |TAMS 0x0000000086000000, 0x0000000086000000| Untracked 
|  97|0x0000000086100000, 0x0000000086100000, 0x0000000086200000|  0%| F|  |TAMS 0x0000000086100000, 0x0000000086100000| Untracked 
|  98|0x0000000086200000, 0x0000000086200000, 0x0000000086300000|  0%| F|  |TAMS 0x0000000086200000, 0x0000000086200000| Untracked 
|  99|0x0000000086300000, 0x0000000086300000, 0x0000000086400000|  0%| F|  |TAMS 0x0000000086300000, 0x0000000086300000| Untracked 
| 100|0x0000000086400000, 0x0000000086400000, 0x0000000086500000|  0%| F|  |TAMS 0x0000000086400000, 0x0000000086400000| Untracked 
| 101|0x0000000086500000, 0x0000000086500000, 0x0000000086600000|  0%| F|  |TAMS 0x0000000086500000, 0x0000000086500000| Untracked 
| 102|0x0000000086600000, 0x0000000086600000, 0x0000000086700000|  0%| F|  |TAMS 0x0000000086600000, 0x0000000086600000| Untracked 
| 103|0x0000000086700000, 0x0000000086700000, 0x0000000086800000|  0%| F|  |TAMS 0x0000000086700000, 0x0000000086700000| Untracked 
| 104|0x0000000086800000, 0x0000000086800000, 0x0000000086900000|  0%| F|  |TAMS 0x0000000086800000, 0x0000000086800000| Untracked 
| 105|0x0000000086900000, 0x0000000086900000, 0x0000000086a00000|  0%| F|  |TAMS 0x0000000086900000, 0x0000000086900000| Untracked 
| 106|0x0000000086a00000, 0x0000000086a00000, 0x0000000086b00000|  0%| F|  |TAMS 0x0000000086a00000, 0x0000000086a00000| Untracked 
| 107|0x0000000086b00000, 0x0000000086b00000, 0x0000000086c00000|  0%| F|  |TAMS 0x0000000086b00000, 0x0000000086b00000| Untracked 
| 108|0x0000000086c00000, 0x0000000086c00000, 0x0000000086d00000|  0%| F|  |TAMS 0x0000000086c00000, 0x0000000086c00000| Untracked 
| 109|0x0000000086d00000, 0x0000000086d00000, 0x0000000086e00000|  0%| F|  |TAMS 0x0000000086d00000, 0x0000000086d00000| Untracked 
| 110|0x0000000086e00000, 0x0000000086e00000, 0x0000000086f00000|  0%| F|  |TAMS 0x0000000086e00000, 0x0000000086e00000| Untracked 
| 111|0x0000000086f00000, 0x0000000086f00000, 0x0000000087000000|  0%| F|  |TAMS 0x0000000086f00000, 0x0000000086f00000| Untracked 
| 112|0x0000000087000000, 0x0000000087000000, 0x0000000087100000|  0%| F|  |TAMS 0x0000000087000000, 0x0000000087000000| Untracked 
| 113|0x0000000087100000, 0x0000000087180800, 0x0000000087200000| 50%| E|  |TAMS 0x0000000087100000, 0x0000000087100000| Complete 
| 114|0x0000000087200000, 0x0000000087300000, 0x0000000087300000|100%| E|CS|TAMS 0x0000000087200000, 0x0000000087200000| Complete 
| 115|0x0000000087300000, 0x0000000087400000, 0x0000000087400000|100%| E|CS|TAMS 0x0000000087300000, 0x0000000087300000| Complete 
| 116|0x0000000087400000, 0x0000000087500000, 0x0000000087500000|100%| E|CS|TAMS 0x0000000087400000, 0x0000000087400000| Complete 
| 117|0x0000000087500000, 0x0000000087600000, 0x0000000087600000|100%| E|CS|TAMS 0x0000000087500000, 0x0000000087500000| Complete 
| 118|0x0000000087600000, 0x0000000087700000, 0x0000000087700000|100%| E|CS|TAMS 0x0000000087600000, 0x0000000087600000| Complete 
| 119|0x0000000087700000, 0x0000000087800000, 0x0000000087800000|100%| E|CS|TAMS 0x0000000087700000, 0x0000000087700000| Complete 
| 120|0x0000000087800000, 0x0000000087900000, 0x0000000087900000|100%| E|CS|TAMS 0x0000000087800000, 0x0000000087800000| Complete 
| 121|0x0000000087900000, 0x0000000087a00000, 0x0000000087a00000|100%| E|CS|TAMS 0x0000000087900000, 0x0000000087900000| Complete 
| 122|0x0000000087a00000, 0x0000000087b00000, 0x0000000087b00000|100%| E|CS|TAMS 0x0000000087a00000, 0x0000000087a00000| Complete 
| 123|0x0000000087b00000, 0x0000000087c00000, 0x0000000087c00000|100%| E|CS|TAMS 0x0000000087b00000, 0x0000000087b00000| Complete 
| 124|0x0000000087c00000, 0x0000000087d00000, 0x0000000087d00000|100%| E|CS|TAMS 0x0000000087c00000, 0x0000000087c00000| Complete 
| 125|0x0000000087d00000, 0x0000000087e00000, 0x0000000087e00000|100%| E|CS|TAMS 0x0000000087d00000, 0x0000000087d00000| Complete 

Card table byte_map: [0x000002d2b44e0000,0x000002d2b48e0000] _byte_map_base: 0x000002d2b40e0000

Marking Bits (Prev, Next): (CMBitMap*) 0x000002d29c9a41c0, (CMBitMap*) 0x000002d29c9a4188
 Prev Bits: [0x000002d2b6ce0000, 0x000002d2b8ce0000)
 Next Bits: [0x000002d2b4ce0000, 0x000002d2b6ce0000)

Polling page: 0x000002d29a900000

Metaspace:

Usage:
  Non-class:     30.23 MB capacity,    29.71 MB ( 98%) used,   446.88 KB (  1%) free+waste,    83.25 KB ( <1%) overhead. 
      Class:      4.67 MB capacity,     4.34 MB ( 93%) used,   299.82 KB (  6%) free+waste,    41.00 KB ( <1%) overhead. 
       Both:     34.90 MB capacity,    34.05 MB ( 98%) used,   746.70 KB (  2%) free+waste,   124.25 KB ( <1%) overhead. 

Virtual space:
  Non-class space:       32.00 MB reserved,      30.33 MB ( 95%) committed 
      Class space:      504.00 MB reserved,       4.75 MB ( <1%) committed 
             Both:      536.00 MB reserved,      35.08 MB (  7%) committed 

Chunk freelists:
   Non-Class:  3.00 KB
       Class:  17.00 KB
        Both:  20.00 KB

MaxMetaspaceSize: 512.00 MB
CompressedClassSpaceSize: 504.00 MB
Initial GC threshold: 20.80 MB
Current GC threshold: 35.08 MB
CDS: off

CodeHeap 'non-profiled nmethods': size=120064Kb used=1668Kb max_used=1668Kb free=118396Kb
 bounds [0x000002d2acba0000, 0x000002d2ace10000, 0x000002d2b40e0000]
CodeHeap 'profiled nmethods': size=120000Kb used=6621Kb max_used=6621Kb free=113378Kb
 bounds [0x000002d2a5670000, 0x000002d2a5cf0000, 0x000002d2acba0000]
CodeHeap 'non-nmethods': size=5696Kb used=1237Kb max_used=1271Kb free=4458Kb
 bounds [0x000002d2a50e0000, 0x000002d2a5350000, 0x000002d2a5670000]
 total_blobs=3651 nmethods=3132 adapters=431
 compilation: enabled
              stopped_count=0, restarted_count=0
 full_count=0

Compilation events (20 events):
Event: 139.058 Thread 0x000002d2bb20c000 3094       1       org.codehaus.groovy.reflection.ClassInfo::access$200 (5 bytes)
Event: 139.058 Thread 0x000002d2bb20c000 nmethod 3094 0x000002d2acd3fc90 code [0x000002d2acd3fe40, 0x000002d2acd3fed8]
Event: 139.058 Thread 0x000002d2bb20c000 3095       3       org.codehaus.groovy.reflection.ParameterTypes::getParameterTypes (16 bytes)
Event: 139.058 Thread 0x000002d2bb20c000 nmethod 3095 0x000002d2a5cd0e10 code [0x000002d2a5cd0fc0, 0x000002d2a5cd1148]
Event: 139.572 Thread 0x000002d2bb20c000 3096       3       java.lang.ClassValue$Entry::assertNotPromise (22 bytes)
Event: 139.572 Thread 0x000002d2bb20c000 nmethod 3096 0x000002d2a5cd1210 code [0x000002d2a5cd13c0, 0x000002d2a5cd14d8]
Event: 139.573 Thread 0x000002d2bb20c000 3097       3       org.codehaus.groovy.reflection.ReflectionCache::isAssignableFrom (13 bytes)
Event: 139.573 Thread 0x000002d2bb20c000 nmethod 3097 0x000002d2a5cd1590 code [0x000002d2a5cd1740, 0x000002d2a5cd18a8]
Event: 139.573 Thread 0x000002d2bb20c000 3098       3       org.codehaus.groovy.reflection.ReflectionCache::setAssignableFrom (1 bytes)
Event: 139.573 Thread 0x000002d2bb20c000 nmethod 3098 0x000002d2a5cd1990 code [0x000002d2a5cd1b40, 0x000002d2a5cd1c18]
Event: 139.579 Thread 0x000002d2bb20c000 3099       3       java.lang.Class::privateGetPublicMethods (224 bytes)
Event: 139.580 Thread 0x000002d2bb20c000 nmethod 3099 0x000002d2a5cd1c90 code [0x000002d2a5cd1f60, 0x000002d2a5cd2c58]
Event: 139.581 Thread 0x000002d2bb20c000 3100       3       org.codehaus.groovy.reflection.ParameterTypes::setParametersTypes (32 bytes)
Event: 139.581 Thread 0x000002d2bb20c000 nmethod 3100 0x000002d2a5cd3310 code [0x000002d2a5cd34c0, 0x000002d2a5cd36f8]
Event: 139.583 Thread 0x000002d2bb20c000 3101       3       java.lang.invoke.BoundMethodHandle::editor (8 bytes)
Event: 139.583 Thread 0x000002d2bb20c000 nmethod 3101 0x000002d2a5cd3810 code [0x000002d2a5cd3a00, 0x000002d2a5cd3d88]
Event: 139.585 Thread 0x000002d2bb20c000 3102       3       java.util.regex.Pattern$$Lambda$12/0x0000000100063440::is (9 bytes)
Event: 139.586 Thread 0x000002d2bb20c000 nmethod 3102 0x000002d2a5cd3f10 code [0x000002d2a5cd40e0, 0x000002d2a5cd4318]
Event: 139.586 Thread 0x000002d2bb20c000 3103       3       java.util.regex.Pattern::lambda$clazz$1 (22 bytes)
Event: 139.586 Thread 0x000002d2bb20c000 nmethod 3103 0x000002d2a5cd4490 code [0x000002d2a5cd4640, 0x000002d2a5cd47f8]

GC Heap History (14 events):
Event: 3.292 GC heap before
{Heap before GC invocations=0 (full 0):
 garbage-first heap   total 129024K, used 13312K [0x0000000080000000, 0x0000000100000000)
  region size 1024K, 14 young (14336K), 0 survivors (0K)
 Metaspace       used 6779K, capacity 6989K, committed 7168K, reserved 524288K
  class space    used 573K, capacity 650K, committed 768K, reserved 516096K
}
Event: 3.356 GC heap after
{Heap after GC invocations=1 (full 0):
 garbage-first heap   total 129024K, used 4285K [0x0000000080000000, 0x0000000100000000)
  region size 1024K, 2 young (2048K), 2 survivors (2048K)
 Metaspace       used 6779K, capacity 6989K, committed 7168K, reserved 524288K
  class space    used 573K, capacity 650K, committed 768K, reserved 516096K
}
Event: 9.610 GC heap before
{Heap before GC invocations=1 (full 0):
 garbage-first heap   total 129024K, used 20669K [0x0000000080000000, 0x0000000100000000)
  region size 1024K, 14 young (14336K), 2 survivors (2048K)
 Metaspace       used 9995K, capacity 10182K, committed 10368K, reserved 526336K
  class space    used 1013K, capacity 1102K, committed 1152K, reserved 516096K
}
Event: 9.613 GC heap after
{Heap after GC invocations=2 (full 0):
 garbage-first heap   total 129024K, used 10489K [0x0000000080000000, 0x0000000100000000)
  region size 1024K, 2 young (2048K), 2 survivors (2048K)
 Metaspace       used 9995K, capacity 10182K, committed 10368K, reserved 526336K
  class space    used 1013K, capacity 1102K, committed 1152K, reserved 516096K
}
Event: 40.908 GC heap before
{Heap before GC invocations=2 (full 0):
 garbage-first heap   total 129024K, used 41209K [0x0000000080000000, 0x0000000100000000)
  region size 1024K, 31 young (31744K), 2 survivors (2048K)
 Metaspace       used 11001K, capacity 11263K, committed 11520K, reserved 526336K
  class space    used 1115K, capacity 1206K, committed 1280K, reserved 516096K
}
Event: 40.912 GC heap after
{Heap after GC invocations=3 (full 0):
 garbage-first heap   total 129024K, used 14613K [0x0000000080000000, 0x0000000100000000)
  region size 1024K, 4 young (4096K), 4 survivors (4096K)
 Metaspace       used 11001K, capacity 11263K, committed 11520K, reserved 526336K
  class space    used 1115K, capacity 1206K, committed 1280K, reserved 516096K
}
Event: 69.687 GC heap before
{Heap before GC invocations=3 (full 0):
 garbage-first heap   total 129024K, used 57621K [0x0000000080000000, 0x0000000100000000)
  region size 1024K, 46 young (47104K), 4 survivors (4096K)
 Metaspace       used 19210K, capacity 19539K, committed 19840K, reserved 534528K
  class space    used 2211K, capacity 2347K, committed 2432K, reserved 516096K
}
Event: 69.777 GC heap after
{Heap after GC invocations=4 (full 0):
 garbage-first heap   total 129024K, used 17773K [0x0000000080000000, 0x0000000100000000)
  region size 1024K, 6 young (6144K), 6 survivors (6144K)
 Metaspace       used 19210K, capacity 19539K, committed 19840K, reserved 534528K
  class space    used 2211K, capacity 2347K, committed 2432K, reserved 516096K
}
Event: 73.440 GC heap before
{Heap before GC invocations=4 (full 0):
 garbage-first heap   total 129024K, used 32109K [0x0000000080000000, 0x0000000100000000)
  region size 1024K, 21 young (21504K), 6 survivors (6144K)
 Metaspace       used 20784K, capacity 21187K, committed 21296K, reserved 536576K
  class space    used 2479K, capacity 2650K, committed 2688K, reserved 516096K
}
Event: 73.556 GC heap after
{Heap after GC invocations=5 (full 0):
 garbage-first heap   total 129024K, used 18406K [0x0000000080000000, 0x0000000100000000)
  region size 1024K, 4 young (4096K), 4 survivors (4096K)
 Metaspace       used 20784K, capacity 21187K, committed 21296K, reserved 536576K
  class space    used 2479K, capacity 2650K, committed 2688K, reserved 516096K
}
Event: 106.196 GC heap before
{Heap before GC invocations=6 (full 0):
 garbage-first heap   total 129024K, used 72678K [0x0000000080000000, 0x0000000100000000)
  region size 1024K, 57 young (58368K), 4 survivors (4096K)
 Metaspace       used 25765K, capacity 26374K, committed 26544K, reserved 540672K
  class space    used 3273K, capacity 3485K, committed 3584K, reserved 516096K
}
Event: 106.207 GC heap after
{Heap after GC invocations=7 (full 0):
 garbage-first heap   total 129024K, used 20630K [0x0000000080000000, 0x0000000100000000)
  region size 1024K, 7 young (7168K), 7 survivors (7168K)
 Metaspace       used 25765K, capacity 26374K, committed 26544K, reserved 540672K
  class space    used 3273K, capacity 3485K, committed 3584K, reserved 516096K
}
Event: 134.279 GC heap before
{Heap before GC invocations=7 (full 0):
 garbage-first heap   total 129024K, used 81046K [0x0000000080000000, 0x0000000100000000)
  region size 1024K, 66 young (67584K), 7 survivors (7168K)
 Metaspace       used 31682K, capacity 32471K, committed 32560K, reserved 544768K
  class space    used 4172K, capacity 4480K, committed 4480K, reserved 516096K
}
Event: 134.306 GC heap after
{Heap after GC invocations=8 (full 0):
 garbage-first heap   total 129024K, used 22095K [0x0000000080000000, 0x0000000100000000)
  region size 1024K, 5 young (5120K), 5 survivors (5120K)
 Metaspace       used 31682K, capacity 32471K, committed 32560K, reserved 544768K
  class space    used 4172K, capacity 4480K, committed 4480K, reserved 516096K
}

Deoptimization events (20 events):
Event: 134.258 Thread 0x000002d2bed13800 Uncommon trap: trap_request=0xffffff4d fr.pc=0x000002d2acca2150 relative=0x00000000000001f0
Event: 134.258 Thread 0x000002d2bed13800 Uncommon trap: reason=unstable_if action=reinterpret pc=0x000002d2acca2150 method=java.util.HashMap.putVal(ILjava/lang/Object;Ljava/lang/Object;ZZ)Ljava/lang/Object; @ 162 c2
Event: 134.259 Thread 0x000002d2bed13800 DEOPT PACKING pc=0x000002d2acca2150 sp=0x000000ff177fa2c0
Event: 134.259 Thread 0x000002d2bed13800 DEOPT UNPACKING pc=0x000002d2a512a1af sp=0x000000ff177fa240 mode 2
Event: 138.185 Thread 0x000002d2bcd81800 Uncommon trap: trap_request=0xffffffde fr.pc=0x000002d2acd31494 relative=0x0000000000000314
Event: 138.185 Thread 0x000002d2bcd81800 Uncommon trap: reason=class_check action=maybe_recompile pc=0x000002d2acd31494 method=java.util.stream.ReferencePipeline.forEachWithCancel(Ljava/util/Spliterator;Ljava/util/stream/Sink;)Z @ 1 c2
Event: 138.185 Thread 0x000002d2bcd81800 DEOPT PACKING pc=0x000002d2acd31494 sp=0x000000ff172fec60
Event: 138.185 Thread 0x000002d2bcd81800 DEOPT UNPACKING pc=0x000002d2a512a1af sp=0x000000ff172fec00 mode 2
Event: 139.190 Thread 0x000002d2bcd81800 Uncommon trap: trap_request=0xffffffde fr.pc=0x000002d2acd31494 relative=0x0000000000000314
Event: 139.191 Thread 0x000002d2bcd81800 Uncommon trap: reason=class_check action=maybe_recompile pc=0x000002d2acd31494 method=java.util.stream.ReferencePipeline.forEachWithCancel(Ljava/util/Spliterator;Ljava/util/stream/Sink;)Z @ 1 c2
Event: 139.191 Thread 0x000002d2bcd81800 DEOPT PACKING pc=0x000002d2acd31494 sp=0x000000ff172fec60
Event: 139.191 Thread 0x000002d2bcd81800 DEOPT UNPACKING pc=0x000002d2a512a1af sp=0x000000ff172fec00 mode 2
Event: 140.179 Thread 0x000002d2bcd81800 Uncommon trap: trap_request=0xffffffde fr.pc=0x000002d2acd31494 relative=0x0000000000000314
Event: 140.179 Thread 0x000002d2bcd81800 Uncommon trap: reason=class_check action=maybe_recompile pc=0x000002d2acd31494 method=java.util.stream.ReferencePipeline.forEachWithCancel(Ljava/util/Spliterator;Ljava/util/stream/Sink;)Z @ 1 c2
Event: 140.179 Thread 0x000002d2bcd81800 DEOPT PACKING pc=0x000002d2acd31494 sp=0x000000ff172fec60
Event: 140.631 Thread 0x000002d2bcd81800 DEOPT UNPACKING pc=0x000002d2a512a1af sp=0x000000ff172fec00 mode 2
Event: 141.192 Thread 0x000002d2bcd81800 Uncommon trap: trap_request=0xffffffde fr.pc=0x000002d2acd31494 relative=0x0000000000000314
Event: 141.192 Thread 0x000002d2bcd81800 Uncommon trap: reason=class_check action=maybe_recompile pc=0x000002d2acd31494 method=java.util.stream.ReferencePipeline.forEachWithCancel(Ljava/util/Spliterator;Ljava/util/stream/Sink;)Z @ 1 c2
Event: 141.192 Thread 0x000002d2bcd81800 DEOPT PACKING pc=0x000002d2acd31494 sp=0x000000ff172fec60
Event: 141.192 Thread 0x000002d2bcd81800 DEOPT UNPACKING pc=0x000002d2a512a1af sp=0x000000ff172fec00 mode 2

Classes redefined (0 events):
No events

Internal exceptions (20 events):
Event: 113.484 Thread 0x000002d2bed13800 Exception <a 'java/lang/NoSuchMethodError'{0x00000000877f7f10}: 'void java.lang.invoke.DirectMethodHandle$Holder.invokeStatic(java.lang.Object, java.lang.Object, java.lang.Object, java.lang.Object)'> (0x00000000877f7f10) thrown at [./src/hotspot/share/interpreter/linkResolver.cpp, line 773]
Event: 113.485 Thread 0x000002d2bed13800 Exception <a 'java/lang/NoSuchMethodError'{0x0000000087641950}: 'int java.lang.invoke.DirectMethodHandle$Holder.invokeVirtual(java.lang.Object, java.lang.Object)'> (0x0000000087641950) thrown at [./src/hotspot/share/interpreter/linkResolver.cpp, line 773]
Event: 113.488 Thread 0x000002d2bed13800 Exception <a 'java/lang/NoSuchMethodError'{0x00000000876711d0}: 'int java.lang.invoke.DirectMethodHandle$Holder.invokeVirtual(java.lang.Object, java.lang.Object, java.lang.Object)'> (0x00000000876711d0) thrown at [./src/hotspot/share/interpreter/linkResolver.cpp, line 773]
Event: 126.467 Thread 0x000002d2bed13800 Exception <a 'java/lang/NoSuchMethodError'{0x0000000086502a60}: 'java.lang.Object java.lang.invoke.DirectMethodHandle$Holder.invokeSpecialIFC(java.lang.Object, java.lang.Object, java.lang.Object, java.lang.Object)'> (0x0000000086502a60) thrown at [./src/hotspot/share/interpreter/linkResolver.cpp, line 773]
Event: 127.430 Thread 0x000002d2bed13800 Implicit null exception at 0x000002d2acc87b75 to 0x000002d2acc87d3c
Event: 127.430 Thread 0x000002d2bed13800 Implicit null exception at 0x000002d2acbb89af to 0x000002d2acbb8a1d
Event: 128.080 Thread 0x000002d2bed13800 Exception <a 'java/lang/NoSuchMethodError'{0x0000000085bc0368}: 'java.lang.Object java.lang.invoke.DirectMethodHandle$Holder.invokeSpecial(java.lang.Object, java.lang.Object, java.lang.Object, java.lang.Object, java.lang.Object, java.lang.Object, java.lang.Object, java.lang.Object, java.lang.Object, java.lang.Object, java.lang.Object, java.lang.Object, java.lang.Object)'> (0x0000000085bc0368) thrown at [./src/hotspot/share/interpreter/linkResolver.cpp, line 773]
Event: 128.108 Thread 0x000002d2bed13800 Exception <a 'java/lang/NoSuchMethodError'{0x0000000085bd0c58}: 'java.lang.Object java.lang.invoke.Invokers$Holder.linkToTargetMethod(java.lang.Object, java.lang.Object, java.lang.Object, java.lang.Object, java.lang.Object, java.lang.Object, java.lang.Object, java.lang.Object, java.lang.Object, java.lang.Object, java.lang.Object)'> (0x0000000085bd0c58) thrown at [./src/hotspot/share/interpreter/linkResolver.cpp, line 773]
Event: 128.127 Thread 0x000002d2bed13800 Exception <a 'java/lang/NoSuchMethodError'{0x0000000085a63cc0}: 'java.lang.Object java.lang.invoke.DirectMethodHandle$Holder.invokeSpecial(java.lang.Object, java.lang.Object, java.lang.Object, java.lang.Object, java.lang.Object, java.lang.Object, java.lang.Object, java.lang.Object, java.lang.Object, java.lang.Object, java.lang.Object, java.lang.Object, java.lang.Object, java.lang.Object)'> (0x0000000085a63cc0) thrown at [./src/hotspot/share/interpreter/linkResolver.cpp, line 773]
Event: 128.127 Thread 0x000002d2bed13800 Exception <a 'java/lang/NoSuchMethodError'{0x0000000085a75528}: 'java.lang.Object java.lang.invoke.Invokers$Holder.linkToTargetMethod(java.lang.Object, java.lang.Object, java.lang.Object, java.lang.Object, java.lang.Object, java.lang.Object, java.lang.Object, java.lang.Object, java.lang.Object, java.lang.Object, java.lang.Object, java.lang.Object)'> (0x0000000085a75528) thrown at [./src/hotspot/share/interpreter/linkResolver.cpp, line 773]
Event: 130.624 Thread 0x000002d2bed13800 Exception <a 'java/lang/NoSuchMethodError'{0x0000000085972df8}: 'java.lang.Object java.lang.invoke.DirectMethodHandle$Holder.invokeStaticInit(java.lang.Object, java.lang.Object, java.lang.Object, java.lang.Object)'> (0x0000000085972df8) thrown at [./src/hotspot/share/interpreter/linkResolver.cpp, line 773]
Event: 133.019 Thread 0x000002d2bed13800 Exception <a 'java/lang/NoSuchMethodError'{0x0000000084a3f7c8}: 'java.lang.Object java.lang.invoke.Invokers$Holder.linkToTargetMethod(java.lang.Object, java.lang.Object, java.lang.Object, java.lang.Object, java.lang.Object, java.lang.Object, java.lang.Object, java.lang.Object)'> (0x0000000084a3f7c8) thrown at [./src/hotspot/share/interpreter/linkResolver.cpp, line 773]
Event: 133.026 Thread 0x000002d2bed13800 Exception <a 'java/lang/IncompatibleClassChangeError'{0x0000000084abfa40}: Found class java.lang.Object, but interface was expected> (0x0000000084abfa40) thrown at [./src/hotspot/share/interpreter/linkResolver.cpp, line 839]
Event: 134.274 Thread 0x000002d2bed13800 Exception <a 'java/lang/NoSuchMethodError'{0x0000000083cbaa08}: 'java.lang.Object java.lang.invoke.Invokers$Holder.linkToTargetMethod(java.lang.Object, int, int, java.lang.Object)'> (0x0000000083cbaa08) thrown at [./src/hotspot/share/interpreter/linkResolver.cpp, line 773]
Event: 134.275 Thread 0x000002d2bed13800 Exception <a 'java/lang/NoSuchMethodError'{0x0000000083cd0c00}: 'java.lang.Object java.lang.invoke.DirectMethodHandle$Holder.invokeStatic(java.lang.Object, java.lang.Object, int, int, java.lang.Object, java.lang.Object)'> (0x0000000083cd0c00) thrown at [./src/hotspot/share/interpreter/linkResolver.cpp, line 773]
Event: 137.643 Thread 0x000002d2bed13800 Exception <a 'java/lang/NoSuchMethodError'{0x0000000087729df8}: 'void java.lang.invoke.DirectMethodHandle$Holder.invokeStaticInit(java.lang.Object, java.lang.Object, java.lang.Object)'> (0x0000000087729df8) thrown at [./src/hotspot/share/interpreter/linkResolver.cpp, line 773]
Event: 137.644 Thread 0x000002d2bed13800 Exception <a 'java/lang/NoSuchMethodError'{0x0000000087731010}: 'void java.lang.invoke.DirectMethodHandle$Holder.invokeStaticInit(java.lang.Object, java.lang.Object, java.lang.Object, java.lang.Object)'> (0x0000000087731010) thrown at [./src/hotspot/share/interpreter/linkResolver.cpp, line 773]
Event: 137.651 Thread 0x000002d2bed13800 Exception <a 'java/lang/NoSuchMethodError'{0x0000000087753878}: 'void java.lang.invoke.DirectMethodHandle$Holder.invokeStaticInit(java.lang.Object, java.lang.Object, java.lang.Object, java.lang.Object, java.lang.Object)'> (0x0000000087753878) thrown at [./src/hotspot/share/interpreter/linkResolver.cpp, line 773]
Event: 137.652 Thread 0x000002d2bed13800 Exception <a 'java/lang/NoSuchMethodError'{0x000000008775b210}: 'int java.lang.invoke.DirectMethodHandle$Holder.invokeStaticInit(java.lang.Object, java.lang.Object, java.lang.Object)'> (0x000000008775b210) thrown at [./src/hotspot/share/interpreter/linkResolver.cpp, line 773]
Event: 137.928 Thread 0x000002d2bed13800 Exception <a 'java/lang/NoSuchMethodError'{0x00000000877cc648}: 'int java.lang.invoke.DirectMethodHandle$Holder.invokeStaticInit(java.lang.Object, java.lang.Object, java.lang.Object, java.lang.Object)'> (0x00000000877cc648) thrown at [./src/hotspot/share/interpreter/linkResolver.cpp, line 773]

Events (20 events):
Event: 139.574 loading class org/gradle/api/artifacts/DependencyArtifact
Event: 139.574 loading class org/gradle/api/artifacts/DependencyArtifact done
Event: 139.581 loading class org/gradle/api/artifacts/ProjectDependency
Event: 139.581 loading class org/gradle/api/artifacts/ProjectDependency done
Event: 139.582 loading class org/gradle/api/artifacts/SelfResolvingDependency
Event: 139.582 loading class org/gradle/api/artifacts/SelfResolvingDependency done
Event: 139.583 loading class org/codehaus/groovy/reflection/CachedClass
Event: 139.583 loading class org/codehaus/groovy/reflection/CachedClass done
Event: 139.583 loading class org/codehaus/groovy/reflection/CachedClass
Event: 139.583 loading class org/codehaus/groovy/reflection/CachedClass done
Event: 139.585 Executing VM operation: RevokeBias
Event: 139.585 Executing VM operation: RevokeBias done
Event: 139.585 loading class org/apache/groovy/datetime/extensions/DateTimeExtensions
Event: 139.585 loading class org/apache/groovy/datetime/extensions/DateTimeExtensions done
Event: 140.648 loading class org/apache/groovy/datetime/extensions/DateTimeStaticExtensions
Event: 140.648 loading class org/apache/groovy/datetime/extensions/DateTimeStaticExtensions done
Event: 140.649 loading class java/time/temporal/TemporalField
Event: 140.983 loading class java/time/temporal/TemporalField done
Event: 140.983 loading class java/time/temporal/Temporal
Event: 141.159 loading class java/time/temporal/TemporalAccessor


Dynamic libraries:
0x00007ff74a330000 - 0x00007ff74a33d000 	C:\Program Files\Microsoft\jdk-11.0.18.10-hotspot\bin\java.exe
0x00007ffe3b5f0000 - 0x00007ffe3b7e7000 	C:\WINDOWS\SYSTEM32\ntdll.dll
0x00007ffe3a950000 - 0x00007ffe3aa0d000 	C:\WINDOWS\System32\KERNEL32.DLL
0x00007ffe38dc0000 - 0x00007ffe390b6000 	C:\WINDOWS\System32\KERNELBASE.dll
0x00007ffe39550000 - 0x00007ffe39650000 	C:\WINDOWS\System32\ucrtbase.dll
0x00007ffe2ded0000 - 0x00007ffe2dee7000 	C:\Program Files\Microsoft\jdk-11.0.18.10-hotspot\bin\jli.dll
0x00007ffe3b3e0000 - 0x00007ffe3b57e000 	C:\WINDOWS\System32\USER32.dll
0x00007ffe392d0000 - 0x00007ffe392f2000 	C:\WINDOWS\System32\win32u.dll
0x00007ffe39eb0000 - 0x00007ffe39edc000 	C:\WINDOWS\System32\GDI32.dll
0x00007ffe39390000 - 0x00007ffe394aa000 	C:\WINDOWS\System32\gdi32full.dll
0x00007ffe394b0000 - 0x00007ffe3954d000 	C:\WINDOWS\System32\msvcp_win.dll
0x00007ffe33cc0000 - 0x00007ffe33cd5000 	C:\Program Files\Microsoft\jdk-11.0.18.10-hotspot\bin\VCRUNTIME140.dll
0x00007ffe13040000 - 0x00007ffe132da000 	C:\WINDOWS\WinSxS\amd64_microsoft.windows.common-controls_6595b64144ccf1df_6.0.19041.3570_none_60bb2a3971f3e41a\COMCTL32.dll
0x00007ffe399e0000 - 0x00007ffe39a7e000 	C:\WINDOWS\System32\msvcrt.dll
0x00007ffe3b580000 - 0x00007ffe3b5b0000 	C:\WINDOWS\System32\IMM32.DLL
0x00007ffe2de30000 - 0x00007ffe2decb000 	C:\Program Files\Microsoft\jdk-11.0.18.10-hotspot\bin\msvcp140.dll
0x00007ffddd820000 - 0x00007ffdde3b2000 	C:\Program Files\Microsoft\jdk-11.0.18.10-hotspot\bin\server\jvm.dll
0x00007ffe39a90000 - 0x00007ffe39b3e000 	C:\WINDOWS\System32\ADVAPI32.dll
0x00007ffe3a510000 - 0x00007ffe3a5ac000 	C:\WINDOWS\System32\sechost.dll
0x00007ffe3b250000 - 0x00007ffe3b376000 	C:\WINDOWS\System32\RPCRT4.dll
0x00007ffe39ea0000 - 0x00007ffe39ea8000 	C:\WINDOWS\System32\PSAPI.DLL
0x00007ffe2bc30000 - 0x00007ffe2bc39000 	C:\WINDOWS\SYSTEM32\WSOCK32.dll
0x00007ffe3aa10000 - 0x00007ffe3aa7b000 	C:\WINDOWS\System32\WS2_32.dll
0x00007ffe29170000 - 0x00007ffe29197000 	C:\WINDOWS\SYSTEM32\WINMM.dll
0x00007ffe2bcd0000 - 0x00007ffe2bcda000 	C:\WINDOWS\SYSTEM32\VERSION.dll
0x00007ffe36ab0000 - 0x00007ffe36ac2000 	C:\WINDOWS\SYSTEM32\kernel.appcore.dll
0x00007ffe35460000 - 0x00007ffe35470000 	C:\Program Files\Microsoft\jdk-11.0.18.10-hotspot\bin\verify.dll
0x00007ffe2b3b0000 - 0x00007ffe2b594000 	C:\WINDOWS\SYSTEM32\DBGHELP.DLL
0x00007ffe2a520000 - 0x00007ffe2a554000 	C:\WINDOWS\SYSTEM32\dbgcore.DLL
0x00007ffe39300000 - 0x00007ffe39382000 	C:\WINDOWS\System32\bcryptPrimitives.dll
0x00007ffe2de00000 - 0x00007ffe2de28000 	C:\Program Files\Microsoft\jdk-11.0.18.10-hotspot\bin\java.dll
0x00007ffe33cb0000 - 0x00007ffe33cba000 	C:\Program Files\Microsoft\jdk-11.0.18.10-hotspot\bin\jimage.dll
0x00007ffe2dde0000 - 0x00007ffe2ddf8000 	C:\Program Files\Microsoft\jdk-11.0.18.10-hotspot\bin\zip.dll
0x00007ffe3ab00000 - 0x00007ffe3b244000 	C:\WINDOWS\System32\SHELL32.dll
0x00007ffe36d90000 - 0x00007ffe3752b000 	C:\WINDOWS\SYSTEM32\windows.storage.dll
0x00007ffe39b40000 - 0x00007ffe39e94000 	C:\WINDOWS\System32\combase.dll
0x00007ffe386a0000 - 0x00007ffe386cd000 	C:\WINDOWS\SYSTEM32\Wldp.dll
0x00007ffe3a780000 - 0x00007ffe3a82d000 	C:\WINDOWS\System32\SHCORE.dll
0x00007ffe3b380000 - 0x00007ffe3b3d5000 	C:\WINDOWS\System32\shlwapi.dll
0x00007ffe38c00000 - 0x00007ffe38c25000 	C:\WINDOWS\SYSTEM32\profapi.dll
0x00007ffe18c10000 - 0x00007ffe18c29000 	C:\Program Files\Microsoft\jdk-11.0.18.10-hotspot\bin\net.dll
0x00007ffe327f0000 - 0x00007ffe328fa000 	C:\WINDOWS\SYSTEM32\WINHTTP.dll
0x00007ffe38400000 - 0x00007ffe3846a000 	C:\WINDOWS\system32\mswsock.dll
0x00007ffe18a50000 - 0x00007ffe18a63000 	C:\Program Files\Microsoft\jdk-11.0.18.10-hotspot\bin\nio.dll
0x00007ffe14fa0000 - 0x00007ffe14fc7000 	C:\Users\Riyad\.gradle\native\68d5fa5c4cc2d200863cafc0d521ce42e7d3e7ee720ec0a83991735586a16f82\windows-amd64\native-platform.dll
0x00007ffe0bff0000 - 0x00007ffe0c134000 	C:\Users\Riyad\.gradle\native\e376f236ea51e6404a007f0833ffe2c6e607c4080706a723a18a27aeea778392\windows-amd64\native-platform-file-events.dll
0x00007ffe2af50000 - 0x00007ffe2af59000 	C:\Program Files\Microsoft\jdk-11.0.18.10-hotspot\bin\management.dll
0x00007ffe22100000 - 0x00007ffe2210b000 	C:\Program Files\Microsoft\jdk-11.0.18.10-hotspot\bin\management_ext.dll
0x00007ffe385f0000 - 0x00007ffe38608000 	C:\WINDOWS\SYSTEM32\CRYPTSP.dll
0x00007ffe37d10000 - 0x00007ffe37d44000 	C:\WINDOWS\system32\rsaenh.dll
0x00007ffe38cd0000 - 0x00007ffe38cf7000 	C:\WINDOWS\System32\bcrypt.dll
0x00007ffe38b70000 - 0x00007ffe38b9e000 	C:\WINDOWS\SYSTEM32\USERENV.dll
0x00007ffe38610000 - 0x00007ffe3861c000 	C:\WINDOWS\SYSTEM32\CRYPTBASE.dll
0x00007ffe380f0000 - 0x00007ffe3812b000 	C:\WINDOWS\SYSTEM32\IPHLPAPI.DLL
0x00007ffe39a80000 - 0x00007ffe39a88000 	C:\WINDOWS\System32\NSI.dll
0x00007ffe33040000 - 0x00007ffe33057000 	C:\WINDOWS\SYSTEM32\dhcpcsvc6.DLL
0x00007ffe32fb0000 - 0x00007ffe32fcd000 	C:\WINDOWS\SYSTEM32\dhcpcsvc.DLL
0x00007ffe38130000 - 0x00007ffe381fa000 	C:\WINDOWS\SYSTEM32\DNSAPI.dll

dbghelp: loaded successfully - version: 4.0.5 - missing functions: none
symbol engine: initialized successfully - sym options: 0x614 - pdb path: .;C:\Program Files\Microsoft\jdk-11.0.18.10-hotspot\bin;C:\WINDOWS\SYSTEM32;C:\WINDOWS\WinSxS\amd64_microsoft.windows.common-controls_6595b64144ccf1df_6.0.19041.3570_none_60bb2a3971f3e41a;C:\Program Files\Microsoft\jdk-11.0.18.10-hotspot\bin\server;C:\Users\Riyad\.gradle\native\68d5fa5c4cc2d200863cafc0d521ce42e7d3e7ee720ec0a83991735586a16f82\windows-amd64;C:\Users\Riyad\.gradle\native\e376f236ea51e6404a007f0833ffe2c6e607c4080706a723a18a27aeea778392\windows-amd64

VM Arguments:
jvm_args: -XX:MaxMetaspaceSize=512m --add-opens=java.base/java.util=ALL-UNNAMED --add-opens=java.base/java.lang=ALL-UNNAMED --add-opens=java.base/java.lang.invoke=ALL-UNNAMED --add-opens=java.prefs/java.util.prefs=ALL-UNNAMED --add-opens=java.base/java.nio.charset=ALL-UNNAMED --add-opens=java.base/java.net=ALL-UNNAMED --add-opens=java.base/java.util.concurrent.atomic=ALL-UNNAMED -Xmx2048m -Dfile.encoding=windows-1252 -Duser.country=US -Duser.language=en -Duser.variant 
java_command: org.gradle.launcher.daemon.bootstrap.GradleDaemon 8.0.1
java_class_path (initial): C:\Users\Riyad\.gradle\wrapper\dists\gradle-8.0.1-all\aro4hu1c3oeioove7l0i4i14o\gradle-8.0.1\lib\gradle-launcher-8.0.1.jar
Launcher Type: SUN_STANDARD

[Global flags]
     intx CICompilerCount                          = 3                                         {product} {ergonomic}
   size_t CompressedClassSpaceSize                 = 528482304                                 {product} {ergonomic}
     uint ConcGCThreads                            = 1                                         {product} {ergonomic}
     uint G1ConcRefinementThreads                  = 4                                         {product} {ergonomic}
   size_t G1HeapRegionSize                         = 1048576                                   {product} {ergonomic}
    uintx GCDrainStackTargetSize                   = 64                                        {product} {ergonomic}
   size_t InitialHeapSize                          = 132120576                                 {product} {ergonomic}
   size_t MarkStackSize                            = 4194304                                   {product} {ergonomic}
   size_t MaxHeapSize                              = 2147483648                                {product} {command line}
   size_t MaxMetaspaceSize                         = 536870912                                 {product} {command line}
   size_t MaxNewSize                               = 1287651328                                {product} {ergonomic}
   size_t MinHeapDeltaBytes                        = 1048576                                   {product} {ergonomic}
    uintx NonNMethodCodeHeapSize                   = 5830732                                {pd product} {ergonomic}
    uintx NonProfiledCodeHeapSize                  = 122913754                              {pd product} {ergonomic}
    uintx ProfiledCodeHeapSize                     = 122913754                              {pd product} {ergonomic}
    uintx ReservedCodeCacheSize                    = 251658240                              {pd product} {ergonomic}
     bool SegmentedCodeCache                       = true                                      {product} {ergonomic}
     bool UseCompressedClassPointers               = true                                 {lp64_product} {ergonomic}
     bool UseCompressedOops                        = true                                 {lp64_product} {ergonomic}
     bool UseG1GC                                  = true                                      {product} {ergonomic}
     bool UseLargePagesIndividualAllocation        = false                                  {pd product} {ergonomic}

Logging:
Log output configuration:
 #0: stdout all=warning uptime,level,tags
 #1: stderr all=off uptime,level,tags

Environment Variables:
JAVA_HOME=C:\Program Files\Microsoft\jdk-11.0.18.10-hotspot\
CLASSPATH=G:\testProject\testApp\android\\gradle\wrapper\gradle-wrapper.jar
PATH=G:\testProject\testApp\node_modules\.bin;G:\testProject\testApp\node_modules\.bin;G:\testProject\node_modules\.bin;G:\node_modules\.bin;C:\Program Files\nodejs\node_modules\npm\node_modules\@npmcli\run-script\lib\node-gyp-bin;G:\testProject\testApp\node_modules\.bin;G:\testProject\testApp\node_modules\.bin;G:\testProject\node_modules\.bin;G:\node_modules\.bin;C:\Program Files\nodejs\node_modules\npm\node_modules\@npmcli\run-script\lib\node-gyp-bin;C:\Program Files\Microsoft\jdk-11.0.18.10-hotspot\bin;C:\WINDOWS\system32;C:\WINDOWS;C:\WINDOWS\System32\Wbem;C:\WINDOWS\System32\WindowsPowerShell\v1.0\;C:\Program Files\Microsoft SQL Server\Client SDK\ODBC\170\Tools\Binn\;C:\Program Files (x86)\Microsoft SQL Server\150\Tools\Binn\;C:\Program Files\Microsoft SQL Server\150\Tools\Binn\;C:\Program Files\Microsoft SQL Server\150\DTS\Binn\;C:\Program Files\dotnet\;C:\Program Files\Microsoft SQL Server\130\Tools\Binn\;C:\Program Files (x86)\Microsoft SQL Server\150\DTS\Binn\;C:\Program Files\TortoiseSVN\bin;C:\WINDOWS\System32\OpenSSH\;C:\Program Files\Microsoft SQL Server\160\DAC\bin;C:\Program Files\Microsoft\jdk-11.0.18.10-hotspot\\bin;C:\ProgramData\chocolatey\bin;C:\Program Files\nodejs\;C:\Users\Riyad\AppData\Local\Android\Sdk\platform-tools;C:\Android;C:\Windows\System32;C:\Program Files\Git\cmd;C:\Users\Riyad\AppData\Local\Programs\Python\Python310\Scripts\;C:\Users\Riyad\AppData\Local\Programs\Python\Python310\;C:\WINDOWS\system32;C:\WINDOWS;C:\WINDOWS\System32\Wbem;C:\WINDOWS\System32\WindowsPowerShell\v1.0\;C:\Program Files\Microsoft SQL Server\Client SDK\ODBC\170\Tools\Binn\;C:\Program Files (x86)\Microsoft SQL Server\150\Tools\Binn\;C:\Program Files\Microsoft SQL Server\150\Tools\Binn\;C:\Program Files\Microsoft SQL Server\150\DTS\Binn\;C:\Program Files\dotnet\;C:\Program Files\Microsoft SQL Server\130\Tools\Binn\;C:\Program Files (x86)\Microsoft SQL Server\150\DTS\Binn\;C:\Program Files\Azure Data Studio\bin;C:\Program Files\TortoiseSVN\bin;C:\Program Files\nod
USERNAME=Riyad
LANG=en_US.UTF-8
OS=Windows_NT
PROCESSOR_IDENTIFIER=Intel64 Family 6 Model 58 Stepping 9, GenuineIntel
TMP=C:\Users\Riyad\AppData\Local\Temp
TEMP=C:\Users\Riyad\AppData\Local\Temp



---------------  S Y S T E M  ---------------

OS: Windows 10 , 64 bit Build 19041 (10.0.19041.3570)
OS uptime: 0 days 2:15 hours

CPU:total 4 (initial active 4) (4 cores per cpu, 1 threads per core) family 6 model 58 stepping 9 microcode 0x21, cmov, cx8, fxsr, mmx, sse, sse2, sse3, ssse3, sse4.1, sse4.2, popcnt, avx, aes, clmul, erms, tsc, tscinvbit, tscinv

Memory: 4k page, system-wide physical 8028M (143M free)
TotalPageFile size 15011M (AvailPageFile size 130M)
current process WorkingSet (physical memory assigned to process): 199M, peak: 201M
current process commit charge ("private bytes"): 278M, peak: 279M

vm_info: OpenJDK 64-Bit Server VM (11.0.18+10-LTS) for windows-amd64 JRE (11.0.18+10-LTS), built on Jan 18 2023 15:56:47 by "MicrosoftCorporation" with MS VC++ 15.9 (VS2017)

END.
